
Showing logs for build [32mentando-k8s-entando-k8s-composi-srn75-7[0m stage [32mfrom-build-pack[0m and container [32mstep-credential-initializer-2vtk7[0m
{"level":"warn","ts":1611734616.615234,"logger":"fallback-logger","caller":"logging/config.go:69","msg":"Fetch GitHub commit ID from kodata failed: \"ref: refs/heads/0.8.0-**-support-backwards-incompats\" is not a valid GitHub commit ID"}
{"level":"info","ts":1611734616.6239119,"logger":"fallback-logger","caller":"creds-init/main.go:40","msg":"Credentials initialized."}

Showing logs for build [32mentando-k8s-entando-k8s-composi-srn75-7[0m stage [32mfrom-build-pack[0m and container [32mstep-working-dir-initializer-9rc56[0m
{"level":"warn","ts":1611734620.9795158,"logger":"fallback-logger","caller":"logging/config.go:69","msg":"Fetch GitHub commit ID from kodata failed: open /var/run/ko/HEAD: no such file or directory"}
{"level":"info","ts":1611734621.0006416,"logger":"fallback-logger","caller":"bash/main.go:64","msg":"Successfully e**cuted command \"sh -c mkdir -p /workspace/source\"; output "}

Showing logs for build [32mentando-k8s-entando-k8s-composi-srn75-7[0m stage [32mfrom-build-pack[0m and container [32mstep-place-tools[0m

Showing logs for build [32mentando-k8s-entando-k8s-composi-srn75-7[0m stage [32mfrom-build-pack[0m and container [32mstep-git-source-entando-k8s-entando-k8s-composi-d67bs[0m
{"level":"warn","ts":1611734642.6864142,"logger":"fallback-logger","caller":"logging/config.go:69","msg":"Fetch GitHub commit ID from kodata failed: \"ref: refs/heads/0.8.0-**-support-backwards-incompats\" is not a valid GitHub commit ID"}
{"level":"info","ts":1611734644.5388308,"logger":"fallback-logger","caller":"git/git.go:103","msg":"Successfully cloned https://github.com/entando-k8s/entando-k8s-composite-app-controller.git @ master in path /workspace/source"}

Showing logs for build [32mentando-k8s-entando-k8s-composi-srn75-7[0m stage [32mfrom-build-pack[0m and container [32mstep-git-merge[0m
Using SHAs from PULL_REFS=master:35b11e41f57f7729657891bd5c419861f2b80773,15:1650a8a20a9f8247abce9f40fb0ecc7a37107380
DEBUG: ran git fetch --unshallow origin 1650a8a20a9f8247abce9f40fb0ecc7a37107380: 35b11e41f57f7729657891bd5c419861f2b80773: in 
DEBUG: ran git checkout master in 
DEBUG: ran git reset --hard 35b11e41f57f7729657891bd5c419861f2b80773 in 
DEBUG: ran clean --force -d . in 
DEBUG: ran git merge 1650a8a20a9f8247abce9f40fb0ecc7a37107380 in 
Merged SHA 1650a8a20a9f8247abce9f40fb0ecc7a37107380 with commit message 'ENG-1742 removed composite-app-controller from RELATED_IMAGES' into base branch master
Merged SHA f5a8f565cc85a217a16b0059beb12abb7945f2f3 with commit message 'ENG-1742 bumped to latest operator-common version' into base branch master
Merged SHA fa5a2dfd63ab780650b75b6b230bf5f8ffea7b19 with commit message 'ENG-1742 upgraded to new baseimage' into base branch master
Merged SHA facdb1de9ba5871d7d93aef76dcac3df7a5e0764 with commit message 'ENG-1742 another attempt to fix redhat-registry pullsecret' into base branch master
Merged SHA 9df4a09783939031840aa0f4817c74c87ffbed6b with commit message 'ENG-1742 added redhat-registry pullsecret' into base branch master
Merged SHA 37279fe3822426df0d3e7cb22bfebdda57f0c781 with commit message 'ENG-1742 adding aggregated license to Docker image' into base branch master
Merged SHA 6daabecf56f88f24105f3dffac12642623bef77a with commit message 'ENG-1742 migrated to openshift 4.6 compatiable CRDs' into base branch master

Showing logs for build [32mentando-k8s-entando-k8s-composi-srn75-7[0m stage [32mfrom-build-pack[0m and container [32mstep-build-set-version[0m
Picked up _JAVA_OPTIONS: -XX:+UnlockExperimentalVMOptions -Dsun.zip.disableMemoryMapping=**** -XX:+UseParallelGC -XX:MinHeapFreeRatio=5 -XX:MaxHeapFreeRatio=10 -XX:GCTimeRatio=4 -XX:AdaptiveSizePolicyWeight=90 -Xms1000m -Xmx12000m
[INFO] Scanning for projects...
[INFO] 
[INFO] ----------< org.entando:entando-k8s-composite-app-controller >----------
[INFO] Building Entando K8S Composite App Controller 6.3.0-SNAPSHOT
[INFO] --------------------------------[ jar ]---------------------------------
[INFO] 
[INFO] --- versions-maven-plugin:2.8.1:set (default-cli) @ entando-k8s-composite-app-controller ---
[INFO] Local aggregation ****: /workspace/source
[INFO] Processing change of org.entando:entando-k8s-composite-app-controller:6.3.0-SNAPSHOT -> 0.0.0-SNAPSHOT-PR-15-7
[INFO] Processing org.entando:entando-k8s-composite-app-controller
[INFO]     Updating project org.entando:entando-k8s-composite-app-controller
[INFO]         from version 6.3.0-SNAPSHOT to 0.0.0-SNAPSHOT-PR-15-7
[INFO] 
[INFO] ------------------------------------------------------------------------
[INFO] BUILD SUCCESS
[INFO] ------------------------------------------------------------------------
[INFO] Total time:  8.622 s
[INFO] Finished at: 2021-01-27T08:04:18Z
[INFO] ------------------------------------------------------------------------

Showing logs for build [32mentando-k8s-entando-k8s-composi-srn75-7[0m stage [32mfrom-build-pack[0m and container [32mstep-build-fix-git-for-sonar[0m
Switched to a new branch 'PR-15'
M	pom.xml
Deleted branch master (was 1650a8a).
From https://github.com/entando-k8s/entando-k8s-composite-app-controller
 * [new branch]      master     -> master

Showing logs for build [32mentando-k8s-entando-k8s-composi-srn75-7[0m stage [32mfrom-build-pack[0m and container [32mstep-build-mvn-verify-pr[0m
  % Total    % Received % Xferd  Average Speed   Time    Time     Time  Current
                                 Dload  Upload   Total   Spent    Left  Speed
  0     0    0     0    0     0      0      0 --:--:-- --:--:-- --:--:--     0100  1895  100  1667  100   228   2353    321 --:--:-- --:--:-- --:--:--  2378
{
  "url": "https://api.github.com/repos/entando-k8s/entando-k8s-composite-app-controller/statuses/1650a8a20a9f8247abce9f40fb0ecc7a37107380",
  "avatar_url": "https://avatars.githubusercontent.com/u/57885396?v=4",
  "id": 11979352694,
  "node_id": "MDEzOlN0YXR1c0NvbnRleHQxMTk3OTM1MjY5NA==",
  "state": "pending",
  "description": "Pre-deployment tests pending!",
  "target_url": "https://entando-k8s.github.io/devops-results/entando-k8s-composite-app-controller/PR-15/surefire-report.html",
  "context": "Pre-deployment tests",
  "created_at": "2021-01-27T08:04:21Z",
  "updated_at": "2021-01-27T08:04:21Z",
  "creator": {
    "login": "**********",
    "id": 57885396,
    "node_id": "MDQ6VXNlcjU3ODg1Mzk2",
    "avatar_url": "https://avatars.githubusercontent.com/u/57885396?v=4",
    "gravatar_id": "",
    "url": "https://api.github.com/users/**********",
    "html_url": "https://github.com/**********",
    "followers_url": "https://api.github.com/users/**********/followers",
    "following_url": "https://api.github.com/users/entando-**/following{/other_user}",
    "gists_url": "https://api.github.com/users/**********/gists{/gist_id}",
    "starred_url": "https://api.github.com/users/entando-**/starred{/owner}{/repo}",
    "subscriptions_url": "https://api.github.com/users/entando-**/subscriptions",
    "organizations_url": "https://api.github.com/users/entando-**/orgs",
    "repos_url": "https://api.github.com/users/**********/repos",
    "events_url": "https://api.github.com/users/**********/events{/privacy}",
    "received_events_url": "https://api.github.com/users/entando-**/received_events",
    "type": "User",
    "site_*****": false
  }
}
  % Total    % Received % Xferd  Average Speed   Time    Time     Time  Current
                                 Dload  Upload   Total   Spent    Left  Speed
  0     0    0     0    0     0      0      0 --:--:-- --:--:-- --:--:--     0  0     0    0     0    0     0      0      0 --:--:-- --:--:-- --:--:--     0100  1899  100  1669  100   230   2654    365 --:--:-- --:--:-- --:--:--  2653
{
  "url": "https://api.github.com/repos/entando-k8s/entando-k8s-composite-app-controller/statuses/1650a8a20a9f8247abce9f40fb0ecc7a37107380",
  "avatar_url": "https://avatars.githubusercontent.com/u/57885396?v=4",
  "id": 11979352777,
  "node_id": "MDEzOlN0YXR1c0NvbnRleHQxMTk3OTM1Mjc3Nw==",
  "state": "pending",
  "description": "Post-deployment tests pending!",
  "target_url": "https://entando-k8s.github.io/devops-results/entando-k8s-composite-app-controller/PR-15/failsafe-report.html",
  "context": "Post-deployment tests",
  "created_at": "2021-01-27T08:04:21Z",
  "updated_at": "2021-01-27T08:04:21Z",
  "creator": {
    "login": "entando-**",
    "id": 57885396,
    "node_id": "MDQ6VXNlcjU3ODg1Mzk2",
    "avatar_url": "https://avatars.githubusercontent.com/u/57885396?v=4",
    "gravatar_id": "",
    "url": "https://api.github.com/users/**********",
    "html_url": "https://github.com/entando-**",
    "followers_url": "https://api.github.com/users/**********/followers",
    "following_url": "https://api.github.com/users/**********/following{/other_user}",
    "gists_url": "https://api.github.com/users/entando-**/gists{/gist_id}",
    "starred_url": "https://api.github.com/users/**********/starred{/owner}{/repo}",
    "subscriptions_url": "https://api.github.com/users/entando-**/subscriptions",
    "organizations_url": "https://api.github.com/users/entando-**/orgs",
    "repos_url": "https://api.github.com/users/**********/repos",
    "events_url": "https://api.github.com/users/**********/events{/privacy}",
    "received_events_url": "https://api.github.com/users/entando-**/received_events",
    "type": "User",
    "site_*****": false
  }
}
  % Total    % Received % Xferd  Average Speed   Time    Time     Time  Current
                                 Dload  Upload   Total   Spent    Left  Speed
  0     0    0     0    0     0      0      0 --:--:-- --:--:-- --:--:--     0 11  1845    0     0  100   203      0    296 --:--:-- --:--:-- --:--:--   298100  1845  100  1642  100   203   2396    296 --:--:-- --:--:-- --:--:--  2411
{
  "url": "https://api.github.com/repos/entando-k8s/entando-k8s-composite-app-controller/statuses/1650a8a20a9f8247abce9f40fb0ecc7a37107380",
  "avatar_url": "https://avatars.githubusercontent.com/u/57885396?v=4",
  "id": 11979352871,
  "node_id": "MDEzOlN0YXR1c0NvbnRleHQxMTk3OTM1Mjg3MQ==",
  "state": "pending",
  "description": "Checkstyle pending!",
  "target_url": "https://entando-k8s.github.io/devops-results/entando-k8s-composite-app-controller/PR-15/checkstyle.html",
  "context": "Checkstyle",
  "created_at": "2021-01-27T08:04:22Z",
  "updated_at": "2021-01-27T08:04:22Z",
  "creator": {
    "login": "entando-**",
    "id": 57885396,
    "node_id": "MDQ6VXNlcjU3ODg1Mzk2",
    "avatar_url": "https://avatars.githubusercontent.com/u/57885396?v=4",
    "gravatar_id": "",
    "url": "https://api.github.com/users/entando-**",
    "html_url": "https://github.com/**********",
    "followers_url": "https://api.github.com/users/**********/followers",
    "following_url": "https://api.github.com/users/**********/following{/other_user}",
    "gists_url": "https://api.github.com/users/**********/gists{/gist_id}",
    "starred_url": "https://api.github.com/users/entando-**/starred{/owner}{/repo}",
    "subscriptions_url": "https://api.github.com/users/entando-**/subscriptions",
    "organizations_url": "https://api.github.com/users/entando-**/orgs",
    "repos_url": "https://api.github.com/users/**********/repos",
    "events_url": "https://api.github.com/users/**********/events{/privacy}",
    "received_events_url": "https://api.github.com/users/entando-**/received_events",
    "type": "User",
    "site_*****": false
  }
}
  % Total    % Received % Xferd  Average Speed   Time    Time     Time  Current
                                 Dload  Upload   Total   Spent    Left  Speed
  0     0    0     0    0     0      0      0 --:--:-- --:--:-- --:--:--     0100  1867  100  1653  100   214   2621    339 --:--:-- --:--:-- --:--:--  2623
{
  "url": "https://api.github.com/repos/entando-k8s/entando-k8s-composite-app-controller/statuses/1650a8a20a9f8247abce9f40fb0ecc7a37107380",
  "avatar_url": "https://avatars.githubusercontent.com/u/57885396?v=4",
  "id": 11979352968,
  "node_id": "MDEzOlN0YXR1c0NvbnRleHQxMTk3OTM1Mjk2OA==",
  "state": "pending",
  "description": "OWASP CVE pending!",
  "target_url": "https://entando-k8s.github.io/devops-results/entando-k8s-composite-app-controller/PR-15/dependency-check-report.html",
  "context": "OWASP CVE",
  "created_at": "2021-01-27T08:04:23Z",
  "updated_at": "2021-01-27T08:04:23Z",
  "creator": {
    "login": "**********",
    "id": 57885396,
    "node_id": "MDQ6VXNlcjU3ODg1Mzk2",
    "avatar_url": "https://avatars.githubusercontent.com/u/57885396?v=4",
    "gravatar_id": "",
    "url": "https://api.github.com/users/entando-**",
    "html_url": "https://github.com/**********",
    "followers_url": "https://api.github.com/users/**********/followers",
    "following_url": "https://api.github.com/users/entando-**/following{/other_user}",
    "gists_url": "https://api.github.com/users/**********/gists{/gist_id}",
    "starred_url": "https://api.github.com/users/**********/starred{/owner}{/repo}",
    "subscriptions_url": "https://api.github.com/users/**********/subscriptions",
    "organizations_url": "https://api.github.com/users/**********/orgs",
    "repos_url": "https://api.github.com/users/entando-**/repos",
    "events_url": "https://api.github.com/users/entando-**/events{/privacy}",
    "received_events_url": "https://api.github.com/users/entando-**/received_events",
    "type": "User",
    "site_*****": false
  }
}
Picked up _JAVA_OPTIONS: -XX:+UnlockExperimentalVMOptions -Dsun.zip.disableMemoryMapping=**** -XX:+UseParallelGC -XX:MinHeapFreeRatio=5 -XX:MaxHeapFreeRatio=10 -XX:GCTimeRatio=4 -XX:AdaptiveSizePolicyWeight=90 -Xms1000m -Xmx12000m
[INFO] Scanning for projects...
[INFO] 
[INFO] ----------< org.entando:entando-k8s-composite-app-controller >----------
[INFO] Building Entando K8S Composite App Controller 0.0.0-SNAPSHOT-PR-15-7
[INFO] --------------------------------[ jar ]---------------------------------
[INFO] 
[INFO] --- maven-checkstyle-plugin:3.1.1:check (validate) @ entando-k8s-composite-app-controller ---
[INFO] Starting audit...
Audit done.
[INFO] You have 0 Checkstyle violations.
[INFO] 
[INFO] --- maven-checkstyle-plugin:3.1.1:checkstyle (validate) @ entando-k8s-composite-app-controller ---
[INFO] Starting audit...
Audit done.
[INFO] 
[INFO] --- jacoco-maven-plugin:0.8.5:prepare-agent (prepare-agent) @ entando-k8s-composite-app-controller ---
[INFO] argLine set to -javaagent:/home/jenkins/.mvnrepository/org/jacoco/org.jacoco.agent/0.8.5/org.jacoco.agent-0.8.5-runtime.jar=destfile=/workspace/source/target/jacoco.e**c
[INFO] 
[INFO] --- maven-resources-plugin:2.6:resources (default-resources) @ entando-k8s-composite-app-controller ---
[INFO] Using 'UTF-8' encoding to copy filtered resources.
[INFO] Copying 3 resources
[INFO] 
[INFO] --- maven-compiler-plugin:3.8.1:compile (default-compile) @ entando-k8s-composite-app-controller ---
[INFO] Changes detected - recompiling the module!
[INFO] Compiling 1 source file to /workspace/source/target/classes
[INFO] 
[INFO] --- maven-resources-plugin:2.6:testResources (default-testResources) @ entando-k8s-composite-app-controller ---
[INFO] Using 'UTF-8' encoding to copy filtered resources.
[INFO] Copying 6 resources
[INFO] 
[INFO] --- maven-compiler-plugin:3.8.1:testCompile (default-testCompile) @ entando-k8s-composite-app-controller ---
[INFO] Changes detected - recompiling the module!
[INFO] Compiling 5 source files to /workspace/source/target/test-classes
[INFO] 
[INFO] --- maven-surefire-plugin:3.0.0-M1:test (default-test) @ entando-k8s-composite-app-controller ---
[INFO] 
[INFO] -------------------------------------------------------
[INFO]  T E S T S
[INFO] -------------------------------------------------------
[INFO] Running org.entando.kubernetes.compositeapp.controller.inprocesstests.CompositeAppControllerMockedTest
Jan 27, 2021 8:04:43 AM okhttp3.mockwebserver.MockWebServer$2 e**cute
INFO: MockWebServer[36220] starting to accept connections
Jan 27, 2021 8:04:44 AM okhttp3.mockwebserver.MockWebServer$3 processOneRequest
INFO: MockWebServer[36220] received request: GET /api/v1/namespaces/entando HTTP/1.1 and responded: HTTP/1.1 404 Client Error
Jan 27, 2021 8:04:44 AM okhttp3.mockwebserver.MockWebServer$3 processOneRequest
INFO: MockWebServer[36220] received request: POST /api/v1/namespaces HTTP/1.1 and responded: HTTP/1.1 202 OK
Jan 27, 2021 8:04:44 AM okhttp3.mockwebserver.MockWebServer$3 processOneRequest
INFO: MockWebServer[36220] received request: GET /api/v1/namespaces/entando-k8s-composite-app-controller-carcpr15 HTTP/1.1 and responded: HTTP/1.1 404 Client Error
Jan 27, 2021 8:04:44 AM okhttp3.mockwebserver.MockWebServer$3 processOneRequest
INFO: MockWebServer[36220] received request: POST /api/v1/namespaces HTTP/1.1 and responded: HTTP/1.1 202 OK
Jan 27, 2021 8:04:44 AM okhttp3.mockwebserver.MockWebServer$3 processOneRequest
INFO: MockWebServer[36220] received request: GET /api/v1/namespaces/entando/configmaps/entando-docker-image-info-v6.3 HTTP/1.1 and responded: HTTP/1.1 404 Client Error
Jan 27, 2021 8:04:44 AM okhttp3.mockwebserver.MockWebServer$3 processOneRequest
INFO: MockWebServer[36220] received request: GET /api/v1/namespaces/entando/configmaps/entando-docker-image-info-v6.3 HTTP/1.1 and responded: HTTP/1.1 404 Client Error
Jan 27, 2021 8:04:44 AM okhttp3.mockwebserver.MockWebServer$3 processOneRequest
INFO: MockWebServer[36220] received request: POST /api/v1/namespaces/entando/configmaps HTTP/1.1 and responded: HTTP/1.1 202 OK
Jan 27, 2021 8:04:44 AM okhttp3.mockwebserver.MockWebServer$3 processOneRequest
INFO: MockWebServer[36220] received request: GET /api/v1/namespaces/entando/configmaps/entando-docker-image-info-v6.3 HTTP/1.1 and responded: HTTP/1.1 200 OK
Jan 27, 2021 8:04:45 AM okhttp3.mockwebserver.MockWebServer$3 processOneRequest
INFO: MockWebServer[36220] received request: GET /api/v1/namespaces/entando/configmaps/entando-docker-image-info-v6.3 HTTP/1.1 and responded: HTTP/1.1 200 OK
Jan 27, 2021 8:04:45 AM okhttp3.mockwebserver.MockWebServer$3 processOneRequest
INFO: MockWebServer[36220] received request: GET /api/v1/namespaces/entando/configmaps/entando-docker-image-info-v6.3 HTTP/1.1 and responded: HTTP/1.1 200 OK
Jan 27, 2021 8:04:45 AM okhttp3.mockwebserver.MockWebServer$3 processOneRequest
INFO: MockWebServer[36220] received request: PATCH /api/v1/namespaces/entando/configmaps/entando-docker-image-info-v6.3 HTTP/1.1 and responded: HTTP/1.1 202 OK
Jan 27, 2021 8:04:45 AM okhttp3.mockwebserver.MockWebServer$3 processOneRequest
INFO: MockWebServer[36220] received request: GET /apis/apiextensions.k8s.io/v1beta1/customresourcedefinitions/entandoplugins.entando.org HTTP/1.1 and responded: HTTP/1.1 404 Client Error
Jan 27, 2021 8:04:45 AM okhttp3.mockwebserver.MockWebServer$3 processOneRequest
INFO: MockWebServer[36220] received request: POST /apis/apiextensions.k8s.io/v1beta1/customresourcedefinitions HTTP/1.1 and responded: HTTP/1.1 202 OK
Jan 27, 2021 8:04:45 AM okhttp3.mockwebserver.MockWebServer$3 processOneRequest
INFO: MockWebServer[36220] received request: GET /api/v1/namespaces/entando-k8s-composite-app-controller-carcpr15 HTTP/1.1 and responded: HTTP/1.1 200 OK
Jan 27, 2021 8:04:45 AM okhttp3.mockwebserver.MockWebServer$3 processOneRequest
INFO: MockWebServer[36220] received request: GET /apis/entando.org/v1/namespaces/entando-k8s-composite-app-controller-carcpr15/entandoplugins HTTP/1.1 and responded: HTTP/1.1 200 OK
Jan 27, 2021 8:04:45 AM okhttp3.mockwebserver.MockWebServer$3 processOneRequest
INFO: MockWebServer[36220] received request: GET /api/v1/namespaces/entando-k8s-composite-app-controller-carcpr15 HTTP/1.1 and responded: HTTP/1.1 200 OK
Jan 27, 2021 8:04:46 AM okhttp3.mockwebserver.MockWebServer$3 processOneRequest
INFO: MockWebServer[36220] received request: GET /apis/entando.org/v1/namespaces/entando-k8s-composite-app-controller-carcpr15/entandoplugins HTTP/1.1 and responded: HTTP/1.1 200 OK
Jan 27, 2021 8:04:46 AM okhttp3.mockwebserver.MockWebServer$3 processOneRequest
INFO: MockWebServer[36220] received request: GET /apis/entando.org/v1/namespaces/entando-k8s-composite-app-controller-carcpr15/entandoplugins/test-plugin-carcpr15 HTTP/1.1 and responded: HTTP/1.1 404 Client Error
Jan 27, 2021 8:04:46 AM okhttp3.mockwebserver.MockWebServer$3 processOneRequest
INFO: MockWebServer[36220] received request: POST /apis/entando.org/v1/namespaces/entando-k8s-composite-app-controller-carcpr15/entandoplugins HTTP/1.1 and responded: HTTP/1.1 202 OK
Jan 27, 2021 8:04:46 AM okhttp3.mockwebserver.MockWebServer$3 processOneRequest
INFO: MockWebServer[36220] received request: GET /apis/apiextensions.k8s.io/v1beta1/customresourcedefinitions/entandocompositeapps.entando.org HTTP/1.1 and responded: HTTP/1.1 404 Client Error
Jan 27, 2021 8:04:46 AM okhttp3.mockwebserver.MockWebServer$3 processOneRequest
INFO: MockWebServer[36220] received request: POST /apis/apiextensions.k8s.io/v1beta1/customresourcedefinitions HTTP/1.1 and responded: HTTP/1.1 202 OK
Jan 27, 2021 8:04:46 AM okhttp3.mockwebserver.MockWebServer$3 processOneRequest
INFO: MockWebServer[36220] received request: GET /api/v1/namespaces/entando-k8s-composite-app-controller-carcpr15 HTTP/1.1 and responded: HTTP/1.1 200 OK
Jan 27, 2021 8:04:46 AM okhttp3.mockwebserver.MockWebServer$3 processOneRequest
INFO: MockWebServer[36220] received request: GET /apis/entando.org/v1/namespaces/entando-k8s-composite-app-controller-carcpr15/entandocompositeapps HTTP/1.1 and responded: HTTP/1.1 200 OK
Jan 27, 2021 8:04:46 AM okhttp3.mockwebserver.MockWebServer$3 processOneRequest
INFO: MockWebServer[36220] received request: GET /api/v1/namespaces/entando-k8s-composite-app-controller-carcpr15 HTTP/1.1 and responded: HTTP/1.1 200 OK
Jan 27, 2021 8:04:46 AM okhttp3.mockwebserver.MockWebServer$3 processOneRequest
INFO: MockWebServer[36220] received request: GET /apis/entando.org/v1/namespaces/entando-k8s-composite-app-controller-carcpr15/entandocompositeapps HTTP/1.1 and responded: HTTP/1.1 200 OK
Jan 27, 2021 8:04:46 AM okhttp3.mockwebserver.MockWebServer$3 processOneRequest
INFO: MockWebServer[36220] received request: POST /apis/entando.org/v1/namespaces/entando-k8s-composite-app-controller-carcpr15/entandocompositeapps HTTP/1.1 and responded: HTTP/1.1 202 OK
Jan 27, 2021 8:04:47 AM okhttp3.mockwebserver.MockWebServer$3 processOneRequest
INFO: MockWebServer[36220] received request: GET /api/v1/namespaces/entando-k8s-composite-app-controller-carcpr15 HTTP/1.1 and responded: HTTP/1.1 200 OK
Jan 27, 2021 8:04:47 AM okhttp3.mockwebserver.MockWebServer$3 processOneRequest
INFO: MockWebServer[36220] received request: GET /apis/entando.org/v1/namespaces/entando-k8s-composite-app-controller-carcpr15/entandocompositeapps HTTP/1.1 and responded: HTTP/1.1 200 OK
Jan 27, 2021 8:04:47 AM okhttp3.mockwebserver.MockWebServer$3 processOneRequest
INFO: MockWebServer[36220] received request: GET /api/v1/namespaces/entando-k8s-composite-app-controller-carcpr15 HTTP/1.1 and responded: HTTP/1.1 200 OK
Jan 27, 2021 8:04:47 AM okhttp3.mockwebserver.MockWebServer$3 processOneRequest
INFO: MockWebServer[36220] received request: GET /apis/entando.org/v1/namespaces/entando-k8s-composite-app-controller-carcpr15/entandocompositeapps HTTP/1.1 and responded: HTTP/1.1 200 OK
Jan 27, 2021 8:04:47 AM okhttp3.mockwebserver.MockWebServer$3 processOneRequest
INFO: MockWebServer[36220] received request: GET /apis/entando.org/v1/namespaces/entando-k8s-composite-app-controller-carcpr15/entandocompositeapps/my-app-carcpr15 HTTP/1.1 and responded: HTTP/1.1 200 OK
Jan 27, 2021 8:04:47 AM okhttp3.mockwebserver.MockWebServer$3 processOneRequest
INFO: MockWebServer[36220] received request: GET /apis/entando.org/v1/namespaces/entando-k8s-composite-app-controller-carcpr15/entandocompositeapps/my-app-carcpr15 HTTP/1.1 and responded: HTTP/1.1 200 OK
Jan 27, 2021 8:04:47 AM okhttp3.mockwebserver.MockWebServer$3 processOneRequest
INFO: MockWebServer[36220] received request: PUT /apis/entando.org/v1/namespaces/entando-k8s-composite-app-controller-carcpr15/entandocompositeapps/my-app-carcpr15/status HTTP/1.1 and responded: HTTP/1.1 202 OK
Jan 27, 2021 8:04:47 AM okhttp3.mockwebserver.MockWebServer$3 processOneRequest
INFO: MockWebServer[36220] received request: GET /api/v1/namespaces/entando/configmaps/entando-docker-image-info-v6.3 HTTP/1.1 and responded: HTTP/1.1 200 OK
Jan 27, 2021 8:04:48 AM okhttp3.mockwebserver.MockWebServer$3 processOneRequest
INFO: MockWebServer[36220] received request: GET /apis/apiextensions.k8s.io/v1beta1/customresourcedefinitions/entandokeycloakservers.entando.org HTTP/1.1 and responded: HTTP/1.1 404 Client Error
Jan 27, 2021 8:04:48 AM okhttp3.mockwebserver.MockWebServer$3 processOneRequest
INFO: MockWebServer[36220] received request: POST /apis/apiextensions.k8s.io/v1beta1/customresourcedefinitions HTTP/1.1 and responded: HTTP/1.1 202 OK
Jan 27, 2021 8:04:48 AM okhttp3.mockwebserver.MockWebServer$3 processOneRequest
INFO: MockWebServer[36220] received request: GET /api/v1/namespaces/entando-k8s-composite-app-controller-carcpr15 HTTP/1.1 and responded: HTTP/1.1 200 OK
Jan 27, 2021 8:04:48 AM okhttp3.mockwebserver.MockWebServer$3 processOneRequest
INFO: MockWebServer[36220] received request: GET /apis/entando.org/v1/namespaces/entando-k8s-composite-app-controller-carcpr15/entandokeycloakservers HTTP/1.1 and responded: HTTP/1.1 200 OK
Jan 27, 2021 8:04:48 AM okhttp3.mockwebserver.MockWebServer$3 processOneRequest
INFO: MockWebServer[36220] received request: GET /api/v1/namespaces/entando-k8s-composite-app-controller-carcpr15 HTTP/1.1 and responded: HTTP/1.1 200 OK
Jan 27, 2021 8:04:48 AM okhttp3.mockwebserver.MockWebServer$3 processOneRequest
INFO: MockWebServer[36220] received request: GET /apis/entando.org/v1/namespaces/entando-k8s-composite-app-controller-carcpr15/entandokeycloakservers HTTP/1.1 and responded: HTTP/1.1 200 OK
Jan 27, 2021 8:04:48 AM okhttp3.mockwebserver.MockWebServer$3 processOneRequest
INFO: MockWebServer[36220] received request: GET /apis/entando.org/v1/namespaces/entando-k8s-composite-app-controller-carcpr15/entandokeycloakservers/test-keycloak-carcpr15 HTTP/1.1 and responded: HTTP/1.1 404 Client Error
Jan 27, 2021 8:04:48 AM okhttp3.mockwebserver.MockWebServer$3 processOneRequest
INFO: MockWebServer[36220] received request: POST /apis/entando.org/v1/namespaces/entando-k8s-composite-app-controller-carcpr15/entandokeycloakservers HTTP/1.1 and responded: HTTP/1.1 202 OK
Jan 27, 2021 8:04:48 AM okhttp3.mockwebserver.MockWebServer$3 processOneRequest
INFO: MockWebServer[36220] received request: GET /api/v1/namespaces/entando-k8s-composite-app-controller-carcpr15/pods?labelSelector=EntandoResourceNamespace%3Dentando-k8s-composite-app-controller-carcpr15%2CEntandoResourceKind%3DEntandoKeycloakServer%2CEntandoKeycloakServer%3Dtest-keycloak-carcpr15 HTTP/1.1 and responded: HTTP/1.1 200 OK
Jan 27, 2021 8:04:49 AM okhttp3.mockwebserver.MockWebServer$3 processOneRequest
INFO: MockWebServer[36220] received request: GET /api/v1/namespaces/entando-k8s-composite-app-controller-carcpr15/pods?labelSelector=EntandoResourceNamespace%3Dentando-k8s-composite-app-controller-carcpr15%2CEntandoResourceKind%3DEntandoKeycloakServer%2CEntandoKeycloakServer%3Dtest-keycloak-carcpr15&watch=**** HTTP/1.1 and responded: HTTP/1.1 200 OK
Jan 27, 2021 8:04:49 AM okhttp3.mockwebserver.MockWebServer$3 processOneRequest
INFO: MockWebServer[36220] received request: GET /api/v1/namespaces/entando-k8s-composite-app-controller-carcpr15/pods?labelSelector=EntandoResourceNamespace%3Dentando-k8s-composite-app-controller-carcpr15%2CEntandoResourceKind%3DEntandoKeycloakServer%2CEntandoKeycloakServer%3Dtest-keycloak-carcpr15&watch=**** HTTP/1.1 and responded: HTTP/1.1 200 OK
Jan 27, 2021 8:04:49 AM okhttp3.mockwebserver.MockWebServer$3 processOneRequest
INFO: MockWebServer[36220] received request: GET /api/v1/namespaces/entando-k8s-composite-app-controller-carcpr15/pods?labelSelector=EntandoResourceNamespace%3Dentando-k8s-composite-app-controller-carcpr15%2CEntandoResourceKind%3DEntandoKeycloakServer%2CEntandoKeycloakServer%3Dtest-keycloak-carcpr15 HTTP/1.1 and responded: HTTP/1.1 200 OK
Jan 27, 2021 8:04:49 AM io.fabric8.kubernetes.client.dsl.internal.WatchHTTPManager$1 onResponse
INFO: Watch terminated unexpectedly. reason: \n not found: limit=46 content=7b2261706956657273696f6e223a227631222c226b696e64223a224c69737422â€¦
Jan 27, 2021 8:04:49 AM okhttp3.mockwebserver.MockWebServer$3 processOneRequest
INFO: MockWebServer[36220] received request: GET /api/v1/namespaces/entando-k8s-composite-app-controller-carcpr15/pods?labelSelector=EntandoResourceNamespace%3Dentando-k8s-composite-app-controller-carcpr15%2CEntandoResourceKind%3DEntandoKeycloakServer%2CEntandoKeycloakServer%3Dtest-keycloak-carcpr15 HTTP/1.1 and responded: HTTP/1.1 200 OK
Jan 27, 2021 8:04:50 AM okhttp3.mockwebserver.MockWebServer$3 processOneRequest
INFO: MockWebServer[36220] received request: GET /api/v1/namespaces/entando-k8s-composite-app-controller-carcpr15/pods?labelSelector=EntandoResourceNamespace%3Dentando-k8s-composite-app-controller-carcpr15%2CEntandoResourceKind%3DEntandoKeycloakServer%2CEntandoKeycloakServer%3Dtest-keycloak-carcpr15&watch=**** HTTP/1.1 and responded: HTTP/1.1 200 OK
Jan 27, 2021 8:04:50 AM io.fabric8.kubernetes.client.dsl.internal.WatchHTTPManager$1 onResponse
INFO: Watch terminated unexpectedly. reason: \n not found: limit=46 content=7b2261706956657273696f6e223a227631222c226b696e64223a224c69737422â€¦
Jan 27, 2021 8:04:50 AM io.fabric8.kubernetes.client.dsl.internal.WatchHTTPManager scheduleReconnect
WARN: Ignoring error for already closed/closing connection
Jan 27, 2021 8:04:50 AM okhttp3.mockwebserver.MockWebServer$3 processOneRequest
INFO: MockWebServer[36220] received request: GET /api/v1/namespaces/entando-k8s-composite-app-controller-carcpr15/secrets/test-keycloak-carcpr15-controller-ca-cert-secret HTTP/1.1 and responded: HTTP/1.1 404 Client Error
Jan 27, 2021 8:04:50 AM okhttp3.mockwebserver.MockWebServer$3 processOneRequest
INFO: MockWebServer[36220] received request: POST /api/v1/namespaces/entando-k8s-composite-app-controller-carcpr15/secrets HTTP/1.1 and responded: HTTP/1.1 202 OK
Jan 27, 2021 8:04:50 AM okhttp3.mockwebserver.MockWebServer$3 processOneRequest
INFO: MockWebServer[36220] received request: POST /api/v1/namespaces/entando-k8s-composite-app-controller-carcpr15/pods HTTP/1.1 and responded: HTTP/1.1 202 OK
Jan 27, 2021 8:04:50 AM okhttp3.mockwebserver.MockWebServer$3 processOneRequest
INFO: MockWebServer[36220] received request: GET /api/v1/namespaces/entando-k8s-composite-app-controller-carcpr15/pods?fieldSelector=metadata.name%3Dtest-keycloak-carcpr15-deployer-3546&watch=**** HTTP/1.1 and responded: HTTP/1.1 200 OK
Jan 27, 2021 8:04:50 AM okhttp3.mockwebserver.MockWebServer$3 processOneRequest
INFO: MockWebServer[36220] received request: GET /api/v1/namespaces/entando-k8s-composite-app-controller-carcpr15/pods?labelSelector=EntandoKeycloakServer%3Dtest-keycloak-carcpr15 HTTP/1.1 and responded: HTTP/1.1 200 OK
Jan 27, 2021 8:04:50 AM okhttp3.mockwebserver.MockWebServer$3 processOneRequest
INFO: MockWebServer[36220] received request: GET /api/v1/namespaces/entando-k8s-composite-app-controller-carcpr15/pods?fieldSelector=metadata.name%3Dtest-keycloak-carcpr15-deployer-3546&watch=**** HTTP/1.1 and responded: HTTP/1.1 200 OK
Jan 27, 2021 8:04:50 AM io.fabric8.kubernetes.client.dsl.internal.WatchHTTPManager$1 onResponse
INFO: Watch terminated unexpectedly. reason: \n not found: limit=4079 content=7b2261706956657273696f6e223a227631222c226b696e64223a224c69737422â€¦
Jan 27, 2021 8:04:51 AM okhttp3.mockwebserver.MockWebServer$3 processOneRequest
INFO: MockWebServer[36220] received request: GET /api/v1/namespaces/entando-k8s-composite-app-controller-carcpr15/pods?fieldSelector=metadata.name%3Dtest-keycloak-carcpr15-deployer-3546&watch=**** HTTP/1.1 and responded: HTTP/1.1 200 OK
Jan 27, 2021 8:04:51 AM okhttp3.mockwebserver.MockWebServer$3 processOneRequest
INFO: MockWebServer[36220] received request: GET /apis/entando.org/v1/namespaces/entando-k8s-composite-app-controller-carcpr15/entandocompositeapps/my-app-carcpr15 HTTP/1.1 and responded: HTTP/1.1 200 OK
Jan 27, 2021 8:04:51 AM io.fabric8.kubernetes.client.dsl.internal.WatchHTTPManager$1 onResponse
INFO: Watch terminated unexpectedly. reason: \n not found: limit=4079 content=7b2261706956657273696f6e223a227631222c226b696e64223a224c69737422â€¦
Jan 27, 2021 8:04:51 AM io.fabric8.kubernetes.client.dsl.internal.WatchHTTPManager scheduleReconnect
WARN: Ignoring error for already closed/closing connection
Jan 27, 2021 8:04:51 AM okhttp3.mockwebserver.MockWebServer$3 processOneRequest
INFO: MockWebServer[36220] received request: PUT /apis/entando.org/v1/namespaces/entando-k8s-composite-app-controller-carcpr15/entandocompositeapps/my-app-carcpr15/status HTTP/1.1 and responded: HTTP/1.1 202 OK
Jan 27, 2021 8:04:51 AM okhttp3.mockwebserver.MockWebServer$3 processOneRequest
INFO: MockWebServer[36220] received request: GET /apis/entando.org/v1/namespaces/entando-k8s-composite-app-controller-carcpr15/entandoplugins/test-plugin-carcpr15 HTTP/1.1 and responded: HTTP/1.1 200 OK
Jan 27, 2021 8:04:52 AM okhttp3.mockwebserver.MockWebServer$3 processOneRequest
INFO: MockWebServer[36220] received request: GET /apis/entando.org/v1/namespaces/entando-k8s-composite-app-controller-carcpr15/entandoplugins/test-plugin-carcpr15 HTTP/1.1 and responded: HTTP/1.1 200 OK
Jan 27, 2021 8:04:52 AM okhttp3.mockwebserver.MockWebServer$3 processOneRequest
INFO: MockWebServer[36220] received request: GET /apis/entando.org/v1/namespaces/entando-k8s-composite-app-controller-carcpr15/entandoplugins/test-plugin-carcpr15 HTTP/1.1 and responded: HTTP/1.1 200 OK
Jan 27, 2021 8:04:52 AM okhttp3.mockwebserver.MockWebServer$3 processOneRequest
INFO: MockWebServer[36220] received request: PATCH /apis/entando.org/v1/namespaces/entando-k8s-composite-app-controller-carcpr15/entandoplugins/test-plugin-carcpr15 HTTP/1.1 and responded: HTTP/1.1 202 OK
Jan 27, 2021 8:04:52 AM okhttp3.mockwebserver.MockWebServer$3 processOneRequest
INFO: MockWebServer[36220] received request: GET /api/v1/namespaces/entando-k8s-composite-app-controller-carcpr15/pods?labelSelector=EntandoPlugin%3Dtest-plugin-carcpr15%2CEntandoResourceNamespace%3Dentando-k8s-composite-app-controller-carcpr15%2CEntandoResourceKind%3DEntandoPlugin HTTP/1.1 and responded: HTTP/1.1 200 OK
Jan 27, 2021 8:04:52 AM okhttp3.mockwebserver.MockWebServer$3 processOneRequest
INFO: MockWebServer[36220] received request: GET /api/v1/namespaces/entando-k8s-composite-app-controller-carcpr15/pods?labelSelector=EntandoPlugin%3Dtest-plugin-carcpr15%2CEntandoResourceNamespace%3Dentando-k8s-composite-app-controller-carcpr15%2CEntandoResourceKind%3DEntandoPlugin&watch=**** HTTP/1.1 and responded: HTTP/1.1 200 OK
Jan 27, 2021 8:04:52 AM okhttp3.mockwebserver.MockWebServer$3 processOneRequest
INFO: MockWebServer[36220] received request: GET /api/v1/namespaces/entando-k8s-composite-app-controller-carcpr15/pods?labelSelector=EntandoPlugin%3Dtest-plugin-carcpr15%2CEntandoResourceNamespace%3Dentando-k8s-composite-app-controller-carcpr15%2CEntandoResourceKind%3DEntandoPlugin HTTP/1.1 and responded: HTTP/1.1 200 OK
Jan 27, 2021 8:04:52 AM okhttp3.mockwebserver.MockWebServer$3 processOneRequest
INFO: MockWebServer[36220] received request: GET /api/v1/namespaces/entando-k8s-composite-app-controller-carcpr15/pods?labelSelector=EntandoPlugin%3Dtest-plugin-carcpr15%2CEntandoResourceNamespace%3Dentando-k8s-composite-app-controller-carcpr15%2CEntandoResourceKind%3DEntandoPlugin&watch=**** HTTP/1.1 and responded: HTTP/1.1 200 OK
Jan 27, 2021 8:04:52 AM io.fabric8.kubernetes.client.dsl.internal.WatchHTTPManager$1 onResponse
INFO: Watch terminated unexpectedly. reason: \n not found: limit=46 content=7b2261706956657273696f6e223a227631222c226b696e64223a224c69737422â€¦
Jan 27, 2021 8:04:52 AM okhttp3.mockwebserver.MockWebServer$3 processOneRequest
INFO: MockWebServer[36220] received request: GET /api/v1/namespaces/entando-k8s-composite-app-controller-carcpr15/pods?labelSelector=EntandoPlugin%3Dtest-plugin-carcpr15%2CEntandoResourceNamespace%3Dentando-k8s-composite-app-controller-carcpr15%2CEntandoResourceKind%3DEntandoPlugin HTTP/1.1 and responded: HTTP/1.1 200 OK
Jan 27, 2021 8:04:53 AM okhttp3.mockwebserver.MockWebServer$3 processOneRequest
INFO: MockWebServer[36220] received request: GET /api/v1/namespaces/entando-k8s-composite-app-controller-carcpr15/pods?labelSelector=EntandoPlugin%3Dtest-plugin-carcpr15%2CEntandoResourceNamespace%3Dentando-k8s-composite-app-controller-carcpr15%2CEntandoResourceKind%3DEntandoPlugin&watch=**** HTTP/1.1 and responded: HTTP/1.1 200 OK
Jan 27, 2021 8:04:53 AM io.fabric8.kubernetes.client.dsl.internal.WatchHTTPManager$1 onResponse
INFO: Watch terminated unexpectedly. reason: \n not found: limit=46 content=7b2261706956657273696f6e223a227631222c226b696e64223a224c69737422â€¦
Jan 27, 2021 8:04:53 AM io.fabric8.kubernetes.client.dsl.internal.WatchHTTPManager scheduleReconnect
WARN: Ignoring error for already closed/closing connection
Jan 27, 2021 8:04:53 AM okhttp3.mockwebserver.MockWebServer$3 processOneRequest
INFO: MockWebServer[36220] received request: GET /api/v1/namespaces/entando-k8s-composite-app-controller-carcpr15/secrets/test-plugin-carcpr15-controller-ca-cert-secret HTTP/1.1 and responded: HTTP/1.1 404 Client Error
Jan 27, 2021 8:04:53 AM okhttp3.mockwebserver.MockWebServer$3 processOneRequest
INFO: MockWebServer[36220] received request: POST /api/v1/namespaces/entando-k8s-composite-app-controller-carcpr15/secrets HTTP/1.1 and responded: HTTP/1.1 202 OK
Jan 27, 2021 8:04:53 AM okhttp3.mockwebserver.MockWebServer$3 processOneRequest
INFO: MockWebServer[36220] received request: POST /api/v1/namespaces/entando-k8s-composite-app-controller-carcpr15/pods HTTP/1.1 and responded: HTTP/1.1 202 OK
Jan 27, 2021 8:04:53 AM okhttp3.mockwebserver.MockWebServer$3 processOneRequest
INFO: MockWebServer[36220] received request: GET /api/v1/namespaces/entando-k8s-composite-app-controller-carcpr15/pods?fieldSelector=metadata.name%3Dtest-plugin-carcpr15-deployer-5267&watch=**** HTTP/1.1 and responded: HTTP/1.1 200 OK
Jan 27, 2021 8:04:53 AM okhttp3.mockwebserver.MockWebServer$3 processOneRequest
INFO: MockWebServer[36220] received request: GET /api/v1/namespaces/entando-k8s-composite-app-controller-carcpr15/pods?labelSelector=EntandoPlugin%3Dtest-plugin-carcpr15 HTTP/1.1 and responded: HTTP/1.1 200 OK
Jan 27, 2021 8:04:53 AM okhttp3.mockwebserver.MockWebServer$3 processOneRequest
INFO: MockWebServer[36220] received request: GET /api/v1/namespaces/entando-k8s-composite-app-controller-carcpr15/pods?fieldSelector=metadata.name%3Dtest-plugin-carcpr15-deployer-5267&watch=**** HTTP/1.1 and responded: HTTP/1.1 200 OK
Jan 27, 2021 8:04:53 AM okhttp3.mockwebserver.MockWebServer$3 processOneRequest
INFO: MockWebServer[36220] received request: GET /apis/entando.org/v1/namespaces/entando-k8s-composite-app-controller-carcpr15/entandocompositeapps/my-app-carcpr15 HTTP/1.1 and responded: HTTP/1.1 200 OK
Jan 27, 2021 8:04:53 AM io.fabric8.kubernetes.client.dsl.internal.WatchHTTPManager$1 onResponse
INFO: Watch terminated unexpectedly. reason: \n not found: limit=8087 content=7b2261706956657273696f6e223a227631222c226b696e64223a224c69737422â€¦
Jan 27, 2021 8:04:53 AM io.fabric8.kubernetes.client.dsl.internal.WatchHTTPManager scheduleReconnect
WARN: Ignoring error for already closed/closing connection
Jan 27, 2021 8:04:54 AM okhttp3.mockwebserver.MockWebServer$3 processOneRequest
INFO: MockWebServer[36220] received request: PUT /apis/entando.org/v1/namespaces/entando-k8s-composite-app-controller-carcpr15/entandocompositeapps/my-app-carcpr15/status HTTP/1.1 and responded: HTTP/1.1 202 OK
Jan 27, 2021 8:04:54 AM okhttp3.mockwebserver.MockWebServer$3 processOneRequest
INFO: MockWebServer[36220] received request: GET /apis/entando.org/v1/namespaces/entando-k8s-composite-app-controller-carcpr15/entandocompositeapps/my-app-carcpr15 HTTP/1.1 and responded: HTTP/1.1 200 OK
Jan 27, 2021 8:04:54 AM okhttp3.mockwebserver.MockWebServer$3 processOneRequest
INFO: MockWebServer[36220] received request: PUT /apis/entando.org/v1/namespaces/entando-k8s-composite-app-controller-carcpr15/entandocompositeapps/my-app-carcpr15/status HTTP/1.1 and responded: HTTP/1.1 202 OK
@@@@@@@@@@@
Jan 27, 2021 8:04:54 AM okhttp3.mockwebserver.MockWebServer$3 processOneRequest
INFO: MockWebServer[36220] received request: GET /api/v1/namespaces/entando-k8s-composite-app-controller-carcpr15/pods?labelSelector=EntandoResourceKind%3DEntandoKeycloakServer%2CEntandoKeycloakServer%3Dtest-keycloak-carcpr15 HTTP/1.1 and responded: HTTP/1.1 200 OK
Jan 27, 2021 8:04:54 AM okhttp3.mockwebserver.MockWebServer$3 processOneRequest
INFO: MockWebServer[36220] received request: GET /api/v1/namespaces/entando-k8s-composite-app-controller-carcpr15/pods?labelSelector=EntandoResourceKind%3DEntandoKeycloakServer%2CEntandoKeycloakServer%3Dtest-keycloak-carcpr15 HTTP/1.1 and responded: HTTP/1.1 200 OK
Jan 27, 2021 8:04:54 AM okhttp3.mockwebserver.MockWebServer$3 processOneRequest
INFO: MockWebServer[36220] received request: GET /api/v1/namespaces/entando-k8s-composite-app-controller-carcpr15 HTTP/1.1 and responded: HTTP/1.1 200 OK
Jan 27, 2021 8:04:54 AM okhttp3.mockwebserver.MockWebServer$3 processOneRequest
INFO: MockWebServer[36220] received request: GET /apis/entando.org/v1/namespaces/entando-k8s-composite-app-controller-carcpr15/entandokeycloakservers HTTP/1.1 and responded: HTTP/1.1 200 OK
Jan 27, 2021 8:04:54 AM okhttp3.mockwebserver.MockWebServer$3 processOneRequest
INFO: MockWebServer[36220] received request: GET /api/v1/namespaces/entando-k8s-composite-app-controller-carcpr15 HTTP/1.1 and responded: HTTP/1.1 200 OK
Jan 27, 2021 8:04:54 AM okhttp3.mockwebserver.MockWebServer$3 processOneRequest
INFO: MockWebServer[36220] received request: GET /apis/entando.org/v1/namespaces/entando-k8s-composite-app-controller-carcpr15/entandokeycloakservers HTTP/1.1 and responded: HTTP/1.1 200 OK
#####################
Jan 27, 2021 8:04:54 AM okhttp3.mockwebserver.MockWebServer$3 processOneRequest
INFO: MockWebServer[36220] received request: GET /apis/entando.org/v1/namespaces/entando-k8s-composite-app-controller-carcpr15/entandokeycloakservers/test-keycloak-carcpr15 HTTP/1.1 and responded: HTTP/1.1 200 OK
Jan 27, 2021 8:04:55 AM okhttp3.mockwebserver.MockWebServer$3 processOneRequest
INFO: MockWebServer[36220] received request: GET /api/v1/namespaces/entando-k8s-composite-app-controller-carcpr15 HTTP/1.1 and responded: HTTP/1.1 200 OK
Jan 27, 2021 8:04:55 AM okhttp3.mockwebserver.MockWebServer$3 processOneRequest
INFO: MockWebServer[36220] received request: GET /apis/entando.org/v1/namespaces/entando-k8s-composite-app-controller-carcpr15/entandocompositeapps HTTP/1.1 and responded: HTTP/1.1 200 OK
Jan 27, 2021 8:04:55 AM okhttp3.mockwebserver.MockWebServer$3 processOneRequest
INFO: MockWebServer[36220] received request: GET /api/v1/namespaces/entando-k8s-composite-app-controller-carcpr15 HTTP/1.1 and responded: HTTP/1.1 200 OK
Jan 27, 2021 8:04:55 AM okhttp3.mockwebserver.MockWebServer$3 processOneRequest
INFO: MockWebServer[36220] received request: GET /apis/entando.org/v1/namespaces/entando-k8s-composite-app-controller-carcpr15/entandocompositeapps HTTP/1.1 and responded: HTTP/1.1 200 OK
Jan 27, 2021 8:04:55 AM okhttp3.mockwebserver.MockWebServer$3 processOneRequest
INFO: MockWebServer[36220] received request: GET /apis/entando.org/v1/namespaces/entando-k8s-composite-app-controller-carcpr15/entandocompositeapps/my-app-carcpr15 HTTP/1.1 and responded: HTTP/1.1 200 OK
Jan 27, 2021 8:04:55 AM okhttp3.mockwebserver.MockWebServer$3 processOneRequest
INFO: MockWebServer[36220] received request: GET /api/v1/namespaces/entando-k8s-composite-app-controller-carcpr15/pods?labelSelector=EntandoPlugin%3Dtest-plugin-carcpr15%2CEntandoResourceKind%3DEntandoPlugin HTTP/1.1 and responded: HTTP/1.1 200 OK
Jan 27, 2021 8:04:55 AM okhttp3.mockwebserver.MockWebServer$3 processOneRequest
INFO: MockWebServer[36220] received request: GET /api/v1/namespaces/entando-k8s-composite-app-controller-carcpr15/pods?labelSelector=EntandoPlugin%3Dtest-plugin-carcpr15%2CEntandoResourceKind%3DEntandoPlugin HTTP/1.1 and responded: HTTP/1.1 200 OK
Jan 27, 2021 8:04:55 AM okhttp3.mockwebserver.MockWebServer$3 processOneRequest
INFO: MockWebServer[36220] received request: GET /api/v1/namespaces/entando-k8s-composite-app-controller-carcpr15 HTTP/1.1 and responded: HTTP/1.1 200 OK
Jan 27, 2021 8:04:55 AM okhttp3.mockwebserver.MockWebServer$3 processOneRequest
INFO: MockWebServer[36220] received request: GET /apis/entando.org/v1/namespaces/entando-k8s-composite-app-controller-carcpr15/entandoplugins HTTP/1.1 and responded: HTTP/1.1 200 OK
Jan 27, 2021 8:04:55 AM okhttp3.mockwebserver.MockWebServer$3 processOneRequest
INFO: MockWebServer[36220] received request: GET /api/v1/namespaces/entando-k8s-composite-app-controller-carcpr15 HTTP/1.1 and responded: HTTP/1.1 200 OK
Jan 27, 2021 8:04:56 AM okhttp3.mockwebserver.MockWebServer$3 processOneRequest
INFO: MockWebServer[36220] received request: GET /apis/entando.org/v1/namespaces/entando-k8s-composite-app-controller-carcpr15/entandoplugins HTTP/1.1 and responded: HTTP/1.1 200 OK
Jan 27, 2021 8:04:56 AM okhttp3.mockwebserver.MockWebServer$3 processOneRequest
INFO: MockWebServer[36220] received request: GET /apis/entando.org/v1/namespaces/entando-k8s-composite-app-controller-carcpr15/entandoplugins/test-plugin-carcpr15 HTTP/1.1 and responded: HTTP/1.1 200 OK
Jan 27, 2021 8:04:56 AM okhttp3.mockwebserver.MockWebServer$3 processOneRequest
INFO: MockWebServer[36220] received request: GET /apis/entando.org/v1/namespaces/entando-k8s-composite-app-controller-carcpr15/entandocompositeapps/my-app-carcpr15 HTTP/1.1 and responded: HTTP/1.1 200 OK
Jan 27, 2021 8:04:56 AM okhttp3.mockwebserver.MockWebServer$3 processOneRequest
INFO: MockWebServer[36220] received request: GET /apis/entando.org/v1/namespaces/entando-k8s-composite-app-controller-carcpr15/entandocompositeapps/my-app-carcpr15 HTTP/1.1 and responded: HTTP/1.1 200 OK
Jan 27, 2021 8:04:56 AM okhttp3.mockwebserver.MockWebServer$2 acceptConnections
INFO: MockWebServer[36220] done accepting connections: Socket closed
Jan 27, 2021 8:04:56 AM okhttp3.mockwebserver.MockWebServer$2 e**cute
INFO: MockWebServer[43462] starting to accept connections
Jan 27, 2021 8:04:56 AM okhttp3.mockwebserver.MockWebServer$3 processOneRequest
INFO: MockWebServer[43462] received request: GET /api/v1/namespaces/entando HTTP/1.1 and responded: HTTP/1.1 404 Client Error
Jan 27, 2021 8:04:56 AM okhttp3.mockwebserver.MockWebServer$3 processOneRequest
INFO: MockWebServer[43462] received request: POST /api/v1/namespaces HTTP/1.1 and responded: HTTP/1.1 202 OK
Jan 27, 2021 8:04:56 AM okhttp3.mockwebserver.MockWebServer$3 processOneRequest
INFO: MockWebServer[43462] received request: GET /api/v1/namespaces/entando-k8s-composite-app-controller-carcpr15 HTTP/1.1 and responded: HTTP/1.1 404 Client Error
Jan 27, 2021 8:04:56 AM okhttp3.mockwebserver.MockWebServer$3 processOneRequest
INFO: MockWebServer[43462] received request: POST /api/v1/namespaces HTTP/1.1 and responded: HTTP/1.1 202 OK
Jan 27, 2021 8:04:56 AM okhttp3.mockwebserver.MockWebServer$3 processOneRequest
INFO: MockWebServer[43462] received request: GET /api/v1/namespaces/entando/configmaps/entando-docker-image-info-v6.3 HTTP/1.1 and responded: HTTP/1.1 404 Client Error
Jan 27, 2021 8:04:57 AM okhttp3.mockwebserver.MockWebServer$3 processOneRequest
INFO: MockWebServer[43462] received request: GET /api/v1/namespaces/entando/configmaps/entando-docker-image-info-v6.3 HTTP/1.1 and responded: HTTP/1.1 404 Client Error
Jan 27, 2021 8:04:57 AM okhttp3.mockwebserver.MockWebServer$3 processOneRequest
INFO: MockWebServer[43462] received request: POST /api/v1/namespaces/entando/configmaps HTTP/1.1 and responded: HTTP/1.1 202 OK
Jan 27, 2021 8:04:57 AM okhttp3.mockwebserver.MockWebServer$3 processOneRequest
INFO: MockWebServer[43462] received request: GET /api/v1/namespaces/entando/configmaps/entando-docker-image-info-v6.3 HTTP/1.1 and responded: HTTP/1.1 200 OK
Jan 27, 2021 8:04:57 AM okhttp3.mockwebserver.MockWebServer$3 processOneRequest
INFO: MockWebServer[43462] received request: GET /api/v1/namespaces/entando/configmaps/entando-docker-image-info-v6.3 HTTP/1.1 and responded: HTTP/1.1 200 OK
Jan 27, 2021 8:04:57 AM okhttp3.mockwebserver.MockWebServer$3 processOneRequest
INFO: MockWebServer[43462] received request: GET /api/v1/namespaces/entando/configmaps/entando-docker-image-info-v6.3 HTTP/1.1 and responded: HTTP/1.1 200 OK
Jan 27, 2021 8:04:57 AM okhttp3.mockwebserver.MockWebServer$3 processOneRequest
INFO: MockWebServer[43462] received request: PATCH /api/v1/namespaces/entando/configmaps/entando-docker-image-info-v6.3 HTTP/1.1 and responded: HTTP/1.1 202 OK
Jan 27, 2021 8:04:57 AM okhttp3.mockwebserver.MockWebServer$3 processOneRequest
INFO: MockWebServer[43462] received request: GET /api/v1/namespaces/entando-k8s-composite-app-controller-carcpr15 HTTP/1.1 and responded: HTTP/1.1 200 OK
Jan 27, 2021 8:04:57 AM okhttp3.mockwebserver.MockWebServer$3 processOneRequest
INFO: MockWebServer[43462] received request: GET /apis/entando.org/v1/namespaces/entando-k8s-composite-app-controller-carcpr15/entandoplugins HTTP/1.1 and responded: HTTP/1.1 200 OK
Jan 27, 2021 8:04:57 AM okhttp3.mockwebserver.MockWebServer$3 processOneRequest
INFO: MockWebServer[43462] received request: GET /api/v1/namespaces/entando-k8s-composite-app-controller-carcpr15 HTTP/1.1 and responded: HTTP/1.1 200 OK
Jan 27, 2021 8:04:57 AM okhttp3.mockwebserver.MockWebServer$3 processOneRequest
INFO: MockWebServer[43462] received request: GET /apis/entando.org/v1/namespaces/entando-k8s-composite-app-controller-carcpr15/entandoplugins HTTP/1.1 and responded: HTTP/1.1 200 OK
Jan 27, 2021 8:04:57 AM okhttp3.mockwebserver.MockWebServer$3 processOneRequest
INFO: MockWebServer[43462] received request: GET /apis/entando.org/v1/namespaces/entando-k8s-composite-app-controller-carcpr15/entandoplugins/test-plugin-carcpr15 HTTP/1.1 and responded: HTTP/1.1 404 Client Error
Jan 27, 2021 8:04:57 AM okhttp3.mockwebserver.MockWebServer$3 processOneRequest
INFO: MockWebServer[43462] received request: POST /apis/entando.org/v1/namespaces/entando-k8s-composite-app-controller-carcpr15/entandoplugins HTTP/1.1 and responded: HTTP/1.1 202 OK
Jan 27, 2021 8:04:58 AM okhttp3.mockwebserver.MockWebServer$3 processOneRequest
INFO: MockWebServer[43462] received request: GET /api/v1/namespaces/entando-k8s-composite-app-controller-carcpr15 HTTP/1.1 and responded: HTTP/1.1 200 OK
Jan 27, 2021 8:04:58 AM okhttp3.mockwebserver.MockWebServer$3 processOneRequest
INFO: MockWebServer[43462] received request: GET /apis/entando.org/v1/namespaces/entando-k8s-composite-app-controller-carcpr15/entandocompositeapps HTTP/1.1 and responded: HTTP/1.1 200 OK
Jan 27, 2021 8:04:58 AM okhttp3.mockwebserver.MockWebServer$3 processOneRequest
INFO: MockWebServer[43462] received request: GET /api/v1/namespaces/entando-k8s-composite-app-controller-carcpr15 HTTP/1.1 and responded: HTTP/1.1 200 OK
Jan 27, 2021 8:04:58 AM okhttp3.mockwebserver.MockWebServer$3 processOneRequest
INFO: MockWebServer[43462] received request: GET /apis/entando.org/v1/namespaces/entando-k8s-composite-app-controller-carcpr15/entandocompositeapps HTTP/1.1 and responded: HTTP/1.1 200 OK
Jan 27, 2021 8:04:58 AM okhttp3.mockwebserver.MockWebServer$3 processOneRequest
INFO: MockWebServer[43462] received request: POST /apis/entando.org/v1/namespaces/entando-k8s-composite-app-controller-carcpr15/entandocompositeapps HTTP/1.1 and responded: HTTP/1.1 202 OK
Jan 27, 2021 8:04:58 AM okhttp3.mockwebserver.MockWebServer$3 processOneRequest
INFO: MockWebServer[43462] received request: GET /api/v1/namespaces/entando-k8s-composite-app-controller-carcpr15 HTTP/1.1 and responded: HTTP/1.1 200 OK
Jan 27, 2021 8:04:58 AM okhttp3.mockwebserver.MockWebServer$3 processOneRequest
INFO: MockWebServer[43462] received request: GET /apis/entando.org/v1/namespaces/entando-k8s-composite-app-controller-carcpr15/entandocompositeapps HTTP/1.1 and responded: HTTP/1.1 200 OK
Jan 27, 2021 8:04:58 AM okhttp3.mockwebserver.MockWebServer$3 processOneRequest
INFO: MockWebServer[43462] received request: GET /api/v1/namespaces/entando-k8s-composite-app-controller-carcpr15 HTTP/1.1 and responded: HTTP/1.1 200 OK
Jan 27, 2021 8:04:59 AM okhttp3.mockwebserver.MockWebServer$3 processOneRequest
INFO: MockWebServer[43462] received request: GET /apis/entando.org/v1/namespaces/entando-k8s-composite-app-controller-carcpr15/entandocompositeapps HTTP/1.1 and responded: HTTP/1.1 200 OK
Jan 27, 2021 8:04:59 AM okhttp3.mockwebserver.MockWebServer$3 processOneRequest
INFO: MockWebServer[43462] received request: GET /apis/entando.org/v1/namespaces/entando-k8s-composite-app-controller-carcpr15/entandocompositeapps/my-app-carcpr15 HTTP/1.1 and responded: HTTP/1.1 200 OK
Jan 27, 2021 8:04:59 AM okhttp3.mockwebserver.MockWebServer$3 processOneRequest
INFO: MockWebServer[43462] received request: GET /apis/entando.org/v1/namespaces/entando-k8s-composite-app-controller-carcpr15/entandocompositeapps/my-app-carcpr15 HTTP/1.1 and responded: HTTP/1.1 200 OK
Jan 27, 2021 8:04:59 AM okhttp3.mockwebserver.MockWebServer$3 processOneRequest
INFO: MockWebServer[43462] received request: PUT /apis/entando.org/v1/namespaces/entando-k8s-composite-app-controller-carcpr15/entandocompositeapps/my-app-carcpr15/status HTTP/1.1 and responded: HTTP/1.1 202 OK
Jan 27, 2021 8:04:59 AM okhttp3.mockwebserver.MockWebServer$3 processOneRequest
INFO: MockWebServer[43462] received request: GET /api/v1/namespaces/entando/configmaps/entando-docker-image-info-v6.3 HTTP/1.1 and responded: HTTP/1.1 200 OK
Jan 27, 2021 8:04:59 AM okhttp3.mockwebserver.MockWebServer$3 processOneRequest
INFO: MockWebServer[43462] received request: GET /api/v1/namespaces/entando-k8s-composite-app-controller-carcpr15 HTTP/1.1 and responded: HTTP/1.1 200 OK
Jan 27, 2021 8:04:59 AM okhttp3.mockwebserver.MockWebServer$3 processOneRequest
INFO: MockWebServer[43462] received request: GET /apis/entando.org/v1/namespaces/entando-k8s-composite-app-controller-carcpr15/entandokeycloakservers HTTP/1.1 and responded: HTTP/1.1 200 OK
Jan 27, 2021 8:04:59 AM okhttp3.mockwebserver.MockWebServer$3 processOneRequest
INFO: MockWebServer[43462] received request: GET /api/v1/namespaces/entando-k8s-composite-app-controller-carcpr15 HTTP/1.1 and responded: HTTP/1.1 200 OK
Jan 27, 2021 8:04:59 AM okhttp3.mockwebserver.MockWebServer$3 processOneRequest
INFO: MockWebServer[43462] received request: GET /apis/entando.org/v1/namespaces/entando-k8s-composite-app-controller-carcpr15/entandokeycloakservers HTTP/1.1 and responded: HTTP/1.1 200 OK
Jan 27, 2021 8:04:59 AM okhttp3.mockwebserver.MockWebServer$3 processOneRequest
INFO: MockWebServer[43462] received request: GET /apis/entando.org/v1/namespaces/entando-k8s-composite-app-controller-carcpr15/entandokeycloakservers/test-keycloak-carcpr15 HTTP/1.1 and responded: HTTP/1.1 404 Client Error
Jan 27, 2021 8:04:59 AM okhttp3.mockwebserver.MockWebServer$3 processOneRequest
INFO: MockWebServer[43462] received request: POST /apis/entando.org/v1/namespaces/entando-k8s-composite-app-controller-carcpr15/entandokeycloakservers HTTP/1.1 and responded: HTTP/1.1 202 OK
Jan 27, 2021 8:05:00 AM okhttp3.mockwebserver.MockWebServer$3 processOneRequest
INFO: MockWebServer[43462] received request: GET /api/v1/namespaces/entando-k8s-composite-app-controller-carcpr15/pods?labelSelector=EntandoResourceNamespace%3Dentando-k8s-composite-app-controller-carcpr15%2CEntandoResourceKind%3DEntandoKeycloakServer%2CEntandoKeycloakServer%3Dtest-keycloak-carcpr15 HTTP/1.1 and responded: HTTP/1.1 200 OK
Jan 27, 2021 8:05:00 AM okhttp3.mockwebserver.MockWebServer$3 processOneRequest
INFO: MockWebServer[43462] received request: GET /api/v1/namespaces/entando-k8s-composite-app-controller-carcpr15/pods?labelSelector=EntandoResourceNamespace%3Dentando-k8s-composite-app-controller-carcpr15%2CEntandoResourceKind%3DEntandoKeycloakServer%2CEntandoKeycloakServer%3Dtest-keycloak-carcpr15&watch=**** HTTP/1.1 and responded: HTTP/1.1 200 OK
Jan 27, 2021 8:05:00 AM okhttp3.mockwebserver.MockWebServer$3 processOneRequest
INFO: MockWebServer[43462] received request: GET /api/v1/namespaces/entando-k8s-composite-app-controller-carcpr15/pods?labelSelector=EntandoResourceNamespace%3Dentando-k8s-composite-app-controller-carcpr15%2CEntandoResourceKind%3DEntandoKeycloakServer%2CEntandoKeycloakServer%3Dtest-keycloak-carcpr15 HTTP/1.1 and responded: HTTP/1.1 200 OK
Jan 27, 2021 8:05:00 AM okhttp3.mockwebserver.MockWebServer$3 processOneRequest
INFO: MockWebServer[43462] received request: GET /api/v1/namespaces/entando-k8s-composite-app-controller-carcpr15/pods?labelSelector=EntandoResourceNamespace%3Dentando-k8s-composite-app-controller-carcpr15%2CEntandoResourceKind%3DEntandoKeycloakServer%2CEntandoKeycloakServer%3Dtest-keycloak-carcpr15&watch=**** HTTP/1.1 and responded: HTTP/1.1 200 OK
Jan 27, 2021 8:05:00 AM io.fabric8.kubernetes.client.dsl.internal.WatchHTTPManager$1 onResponse
INFO: Watch terminated unexpectedly. reason: \n not found: limit=46 content=7b2261706956657273696f6e223a227631222c226b696e64223a224c69737422â€¦
Jan 27, 2021 8:05:00 AM okhttp3.mockwebserver.MockWebServer$3 processOneRequest
INFO: MockWebServer[43462] received request: GET /api/v1/namespaces/entando-k8s-composite-app-controller-carcpr15/pods?labelSelector=EntandoResourceNamespace%3Dentando-k8s-composite-app-controller-carcpr15%2CEntandoResourceKind%3DEntandoKeycloakServer%2CEntandoKeycloakServer%3Dtest-keycloak-carcpr15 HTTP/1.1 and responded: HTTP/1.1 200 OK
Jan 27, 2021 8:05:01 AM io.fabric8.kubernetes.client.dsl.internal.WatchHTTPManager$1 onResponse
INFO: Watch terminated unexpectedly. reason: \n not found: limit=46 content=7b2261706956657273696f6e223a227631222c226b696e64223a224c69737422â€¦
Jan 27, 2021 8:05:01 AM io.fabric8.kubernetes.client.dsl.internal.WatchHTTPManager scheduleReconnect
WARN: Ignoring error for already closed/closing connection
Jan 27, 2021 8:05:01 AM okhttp3.mockwebserver.MockWebServer$3 processOneRequest
INFO: MockWebServer[43462] received request: GET /api/v1/namespaces/entando-k8s-composite-app-controller-carcpr15/pods?labelSelector=EntandoResourceNamespace%3Dentando-k8s-composite-app-controller-carcpr15%2CEntandoResourceKind%3DEntandoKeycloakServer%2CEntandoKeycloakServer%3Dtest-keycloak-carcpr15&watch=**** HTTP/1.1 and responded: HTTP/1.1 200 OK
Jan 27, 2021 8:05:01 AM okhttp3.mockwebserver.MockWebServer$3 processOneRequest
INFO: MockWebServer[43462] received request: GET /api/v1/namespaces/entando-k8s-composite-app-controller-carcpr15/secrets/test-keycloak-carcpr15-controller-ca-cert-secret HTTP/1.1 and responded: HTTP/1.1 404 Client Error
Jan 27, 2021 8:05:01 AM okhttp3.mockwebserver.MockWebServer$3 processOneRequest
INFO: MockWebServer[43462] received request: POST /api/v1/namespaces/entando-k8s-composite-app-controller-carcpr15/secrets HTTP/1.1 and responded: HTTP/1.1 202 OK
Jan 27, 2021 8:05:01 AM okhttp3.mockwebserver.MockWebServer$3 processOneRequest
INFO: MockWebServer[43462] received request: POST /api/v1/namespaces/entando-k8s-composite-app-controller-carcpr15/pods HTTP/1.1 and responded: HTTP/1.1 202 OK
Jan 27, 2021 8:05:01 AM okhttp3.mockwebserver.MockWebServer$3 processOneRequest
INFO: MockWebServer[43462] received request: GET /api/v1/namespaces/entando-k8s-composite-app-controller-carcpr15/pods?fieldSelector=metadata.name%3Dtest-keycloak-carcpr15-deployer-7573&watch=**** HTTP/1.1 and responded: HTTP/1.1 200 OK
Jan 27, 2021 8:05:01 AM okhttp3.mockwebserver.MockWebServer$3 processOneRequest
INFO: MockWebServer[43462] received request: GET /api/v1/namespaces/entando-k8s-composite-app-controller-carcpr15/pods?fieldSelector=metadata.name%3Dtest-keycloak-carcpr15-deployer-7573&watch=**** HTTP/1.1 and responded: HTTP/1.1 200 OK
Jan 27, 2021 8:05:01 AM okhttp3.mockwebserver.MockWebServer$3 processOneRequest
INFO: MockWebServer[43462] received request: GET /api/v1/namespaces/entando-k8s-composite-app-controller-carcpr15/pods?labelSelector=EntandoKeycloakServer%3Dtest-keycloak-carcpr15 HTTP/1.1 and responded: HTTP/1.1 200 OK
Jan 27, 2021 8:05:01 AM io.fabric8.kubernetes.client.dsl.internal.WatchHTTPManager$1 onResponse
INFO: Watch terminated unexpectedly. reason: \n not found: limit=4076 content=7b2261706956657273696f6e223a227631222c226b696e64223a224c69737422â€¦
Jan 27, 2021 8:05:01 AM io.fabric8.kubernetes.client.dsl.internal.WatchHTTPManager scheduleReconnect
WARN: Ignoring error for already closed/closing connection
Jan 27, 2021 8:05:01 AM okhttp3.mockwebserver.MockWebServer$3 processOneRequest
INFO: MockWebServer[43462] received request: GET /apis/entando.org/v1/namespaces/entando-k8s-composite-app-controller-carcpr15/entandocompositeapps/my-app-carcpr15 HTTP/1.1 and responded: HTTP/1.1 200 OK
Jan 27, 2021 8:05:01 AM okhttp3.mockwebserver.MockWebServer$3 processOneRequest
INFO: MockWebServer[43462] received request: PUT /apis/entando.org/v1/namespaces/entando-k8s-composite-app-controller-carcpr15/entandocompositeapps/my-app-carcpr15/status HTTP/1.1 and responded: HTTP/1.1 202 OK
Jan 27, 2021 8:05:01 AM okhttp3.mockwebserver.MockWebServer$3 processOneRequest
INFO: MockWebServer[43462] received request: GET /apis/entando.org/v1/namespaces/entando-k8s-composite-app-controller-carcpr15/entandoplugins/test-plugin-carcpr15 HTTP/1.1 and responded: HTTP/1.1 200 OK
Jan 27, 2021 8:05:01 AM okhttp3.mockwebserver.MockWebServer$3 processOneRequest
INFO: MockWebServer[43462] received request: GET /apis/entando.org/v1/namespaces/entando-k8s-composite-app-controller-carcpr15/entandoplugins/test-plugin-carcpr15 HTTP/1.1 and responded: HTTP/1.1 200 OK
Jan 27, 2021 8:05:01 AM okhttp3.mockwebserver.MockWebServer$3 processOneRequest
INFO: MockWebServer[43462] received request: GET /apis/entando.org/v1/namespaces/entando-k8s-composite-app-controller-carcpr15/entandoplugins/test-plugin-carcpr15 HTTP/1.1 and responded: HTTP/1.1 200 OK
Jan 27, 2021 8:05:02 AM okhttp3.mockwebserver.MockWebServer$3 processOneRequest
INFO: MockWebServer[43462] received request: PATCH /apis/entando.org/v1/namespaces/entando-k8s-composite-app-controller-carcpr15/entandoplugins/test-plugin-carcpr15 HTTP/1.1 and responded: HTTP/1.1 202 OK
Jan 27, 2021 8:05:02 AM okhttp3.mockwebserver.MockWebServer$3 processOneRequest
INFO: MockWebServer[43462] received request: GET /api/v1/namespaces/entando-k8s-composite-app-controller-carcpr15/pods?labelSelector=EntandoPlugin%3Dtest-plugin-carcpr15%2CEntandoResourceNamespace%3Dentando-k8s-composite-app-controller-carcpr15%2CEntandoResourceKind%3DEntandoPlugin HTTP/1.1 and responded: HTTP/1.1 200 OK
Jan 27, 2021 8:05:02 AM okhttp3.mockwebserver.MockWebServer$3 processOneRequest
INFO: MockWebServer[43462] received request: GET /api/v1/namespaces/entando-k8s-composite-app-controller-carcpr15/pods?labelSelector=EntandoPlugin%3Dtest-plugin-carcpr15%2CEntandoResourceNamespace%3Dentando-k8s-composite-app-controller-carcpr15%2CEntandoResourceKind%3DEntandoPlugin&watch=**** HTTP/1.1 and responded: HTTP/1.1 200 OK
Jan 27, 2021 8:05:02 AM okhttp3.mockwebserver.MockWebServer$3 processOneRequest
INFO: MockWebServer[43462] received request: GET /api/v1/namespaces/entando-k8s-composite-app-controller-carcpr15/pods?labelSelector=EntandoPlugin%3Dtest-plugin-carcpr15%2CEntandoResourceNamespace%3Dentando-k8s-composite-app-controller-carcpr15%2CEntandoResourceKind%3DEntandoPlugin HTTP/1.1 and responded: HTTP/1.1 200 OK
Jan 27, 2021 8:05:02 AM okhttp3.mockwebserver.MockWebServer$3 processOneRequest
INFO: MockWebServer[43462] received request: GET /api/v1/namespaces/entando-k8s-composite-app-controller-carcpr15/pods?labelSelector=EntandoPlugin%3Dtest-plugin-carcpr15%2CEntandoResourceNamespace%3Dentando-k8s-composite-app-controller-carcpr15%2CEntandoResourceKind%3DEntandoPlugin&watch=**** HTTP/1.1 and responded: HTTP/1.1 200 OK
Jan 27, 2021 8:05:02 AM io.fabric8.kubernetes.client.dsl.internal.WatchHTTPManager$1 onResponse
INFO: Watch terminated unexpectedly. reason: \n not found: limit=46 content=7b2261706956657273696f6e223a227631222c226b696e64223a224c69737422â€¦
Jan 27, 2021 8:05:02 AM okhttp3.mockwebserver.MockWebServer$3 processOneRequest
INFO: MockWebServer[43462] received request: GET /api/v1/namespaces/entando-k8s-composite-app-controller-carcpr15/pods?labelSelector=EntandoPlugin%3Dtest-plugin-carcpr15%2CEntandoResourceNamespace%3Dentando-k8s-composite-app-controller-carcpr15%2CEntandoResourceKind%3DEntandoPlugin HTTP/1.1 and responded: HTTP/1.1 200 OK
Jan 27, 2021 8:05:03 AM okhttp3.mockwebserver.MockWebServer$3 processOneRequest
INFO: MockWebServer[43462] received request: GET /api/v1/namespaces/entando-k8s-composite-app-controller-carcpr15/pods?labelSelector=EntandoPlugin%3Dtest-plugin-carcpr15%2CEntandoResourceNamespace%3Dentando-k8s-composite-app-controller-carcpr15%2CEntandoResourceKind%3DEntandoPlugin&watch=**** HTTP/1.1 and responded: HTTP/1.1 200 OK
Jan 27, 2021 8:05:03 AM io.fabric8.kubernetes.client.dsl.internal.WatchHTTPManager$1 onResponse
INFO: Watch terminated unexpectedly. reason: \n not found: limit=46 content=7b2261706956657273696f6e223a227631222c226b696e64223a224c69737422â€¦
Jan 27, 2021 8:05:03 AM io.fabric8.kubernetes.client.dsl.internal.WatchHTTPManager scheduleReconnect
WARN: Ignoring error for already closed/closing connection
Jan 27, 2021 8:05:03 AM okhttp3.mockwebserver.MockWebServer$3 processOneRequest
INFO: MockWebServer[43462] received request: GET /api/v1/namespaces/entando-k8s-composite-app-controller-carcpr15/secrets/test-plugin-carcpr15-controller-ca-cert-secret HTTP/1.1 and responded: HTTP/1.1 404 Client Error
Jan 27, 2021 8:05:03 AM okhttp3.mockwebserver.MockWebServer$3 processOneRequest
INFO: MockWebServer[43462] received request: POST /api/v1/namespaces/entando-k8s-composite-app-controller-carcpr15/secrets HTTP/1.1 and responded: HTTP/1.1 202 OK
Jan 27, 2021 8:05:03 AM okhttp3.mockwebserver.MockWebServer$3 processOneRequest
INFO: MockWebServer[43462] received request: POST /api/v1/namespaces/entando-k8s-composite-app-controller-carcpr15/pods HTTP/1.1 and responded: HTTP/1.1 202 OK
Jan 27, 2021 8:05:03 AM okhttp3.mockwebserver.MockWebServer$3 processOneRequest
INFO: MockWebServer[43462] received request: GET /api/v1/namespaces/entando-k8s-composite-app-controller-carcpr15/pods?fieldSelector=metadata.name%3Dtest-plugin-carcpr15-deployer-4305&watch=**** HTTP/1.1 and responded: HTTP/1.1 200 OK
Jan 27, 2021 8:05:03 AM okhttp3.mockwebserver.MockWebServer$3 processOneRequest
INFO: MockWebServer[43462] received request: GET /api/v1/namespaces/entando-k8s-composite-app-controller-carcpr15/pods?labelSelector=EntandoPlugin%3Dtest-plugin-carcpr15 HTTP/1.1 and responded: HTTP/1.1 200 OK
Jan 27, 2021 8:05:03 AM okhttp3.mockwebserver.MockWebServer$3 processOneRequest
INFO: MockWebServer[43462] received request: GET /api/v1/namespaces/entando-k8s-composite-app-controller-carcpr15/pods?fieldSelector=metadata.name%3Dtest-plugin-carcpr15-deployer-4305&watch=**** HTTP/1.1 and responded: HTTP/1.1 200 OK
Jan 27, 2021 8:05:03 AM okhttp3.mockwebserver.MockWebServer$3 processOneRequest
INFO: MockWebServer[43462] received request: GET /apis/entando.org/v1/namespaces/entando-k8s-composite-app-controller-carcpr15/entandocompositeapps/my-app-carcpr15 HTTP/1.1 and responded: HTTP/1.1 200 OK
Jan 27, 2021 8:05:03 AM io.fabric8.kubernetes.client.dsl.internal.WatchHTTPManager$1 onResponse
INFO: Watch terminated unexpectedly. reason: \n not found: limit=8081 content=7b2261706956657273696f6e223a227631222c226b696e64223a224c69737422â€¦
Jan 27, 2021 8:05:03 AM io.fabric8.kubernetes.client.dsl.internal.WatchHTTPManager scheduleReconnect
WARN: Ignoring error for already closed/closing connection
Jan 27, 2021 8:05:03 AM okhttp3.mockwebserver.MockWebServer$3 processOneRequest
INFO: MockWebServer[43462] received request: PUT /apis/entando.org/v1/namespaces/entando-k8s-composite-app-controller-carcpr15/entandocompositeapps/my-app-carcpr15/status HTTP/1.1 and responded: HTTP/1.1 202 OK
Jan 27, 2021 8:05:04 AM okhttp3.mockwebserver.MockWebServer$3 processOneRequest
INFO: MockWebServer[43462] received request: GET /apis/entando.org/v1/namespaces/entando-k8s-composite-app-controller-carcpr15/entandocompositeapps/my-app-carcpr15 HTTP/1.1 and responded: HTTP/1.1 200 OK
Jan 27, 2021 8:05:04 AM okhttp3.mockwebserver.MockWebServer$3 processOneRequest
INFO: MockWebServer[43462] received request: PUT /apis/entando.org/v1/namespaces/entando-k8s-composite-app-controller-carcpr15/entandocompositeapps/my-app-carcpr15/status HTTP/1.1 and responded: HTTP/1.1 202 OK
@@@@@@@@@@@
Jan 27, 2021 8:05:04 AM okhttp3.mockwebserver.MockWebServer$3 processOneRequest
INFO: MockWebServer[43462] received request: GET /api/v1/namespaces/entando-k8s-composite-app-controller-carcpr15/pods?labelSelector=EntandoResourceKind%3DEntandoKeycloakServer%2CEntandoKeycloakServer%3Dtest-keycloak-carcpr15 HTTP/1.1 and responded: HTTP/1.1 200 OK
Jan 27, 2021 8:05:04 AM okhttp3.mockwebserver.MockWebServer$3 processOneRequest
INFO: MockWebServer[43462] received request: GET /api/v1/namespaces/entando-k8s-composite-app-controller-carcpr15/pods?labelSelector=EntandoResourceKind%3DEntandoKeycloakServer%2CEntandoKeycloakServer%3Dtest-keycloak-carcpr15 HTTP/1.1 and responded: HTTP/1.1 200 OK
Jan 27, 2021 8:05:04 AM okhttp3.mockwebserver.MockWebServer$3 processOneRequest
INFO: MockWebServer[43462] received request: GET /api/v1/namespaces/entando-k8s-composite-app-controller-carcpr15 HTTP/1.1 and responded: HTTP/1.1 200 OK
Jan 27, 2021 8:05:04 AM okhttp3.mockwebserver.MockWebServer$3 processOneRequest
INFO: MockWebServer[43462] received request: GET /apis/entando.org/v1/namespaces/entando-k8s-composite-app-controller-carcpr15/entandokeycloakservers HTTP/1.1 and responded: HTTP/1.1 200 OK
Jan 27, 2021 8:05:04 AM okhttp3.mockwebserver.MockWebServer$3 processOneRequest
INFO: MockWebServer[43462] received request: GET /api/v1/namespaces/entando-k8s-composite-app-controller-carcpr15 HTTP/1.1 and responded: HTTP/1.1 200 OK
Jan 27, 2021 8:05:04 AM okhttp3.mockwebserver.MockWebServer$3 processOneRequest
INFO: MockWebServer[43462] received request: GET /apis/entando.org/v1/namespaces/entando-k8s-composite-app-controller-carcpr15/entandokeycloakservers HTTP/1.1 and responded: HTTP/1.1 200 OK
#####################
Jan 27, 2021 8:05:04 AM okhttp3.mockwebserver.MockWebServer$3 processOneRequest
INFO: MockWebServer[43462] received request: GET /apis/entando.org/v1/namespaces/entando-k8s-composite-app-controller-carcpr15/entandokeycloakservers/test-keycloak-carcpr15 HTTP/1.1 and responded: HTTP/1.1 200 OK
Jan 27, 2021 8:05:04 AM okhttp3.mockwebserver.MockWebServer$3 processOneRequest
INFO: MockWebServer[43462] received request: GET /api/v1/namespaces/entando-k8s-composite-app-controller-carcpr15 HTTP/1.1 and responded: HTTP/1.1 200 OK
Jan 27, 2021 8:05:05 AM okhttp3.mockwebserver.MockWebServer$3 processOneRequest
INFO: MockWebServer[43462] received request: GET /apis/entando.org/v1/namespaces/entando-k8s-composite-app-controller-carcpr15/entandocompositeapps HTTP/1.1 and responded: HTTP/1.1 200 OK
Jan 27, 2021 8:05:05 AM okhttp3.mockwebserver.MockWebServer$3 processOneRequest
INFO: MockWebServer[43462] received request: GET /api/v1/namespaces/entando-k8s-composite-app-controller-carcpr15 HTTP/1.1 and responded: HTTP/1.1 200 OK
Jan 27, 2021 8:05:05 AM okhttp3.mockwebserver.MockWebServer$3 processOneRequest
INFO: MockWebServer[43462] received request: GET /apis/entando.org/v1/namespaces/entando-k8s-composite-app-controller-carcpr15/entandocompositeapps HTTP/1.1 and responded: HTTP/1.1 200 OK
Jan 27, 2021 8:05:05 AM okhttp3.mockwebserver.MockWebServer$3 processOneRequest
INFO: MockWebServer[43462] received request: GET /apis/entando.org/v1/namespaces/entando-k8s-composite-app-controller-carcpr15/entandocompositeapps/my-app-carcpr15 HTTP/1.1 and responded: HTTP/1.1 200 OK
Jan 27, 2021 8:05:05 AM okhttp3.mockwebserver.MockWebServer$3 processOneRequest
INFO: MockWebServer[43462] received request: GET /api/v1/namespaces/entando-k8s-composite-app-controller-carcpr15/pods?labelSelector=EntandoPlugin%3Dtest-plugin-carcpr15%2CEntandoResourceKind%3DEntandoPlugin HTTP/1.1 and responded: HTTP/1.1 200 OK
Jan 27, 2021 8:05:05 AM okhttp3.mockwebserver.MockWebServer$3 processOneRequest
INFO: MockWebServer[43462] received request: GET /api/v1/namespaces/entando-k8s-composite-app-controller-carcpr15/pods?labelSelector=EntandoPlugin%3Dtest-plugin-carcpr15%2CEntandoResourceKind%3DEntandoPlugin HTTP/1.1 and responded: HTTP/1.1 200 OK
Jan 27, 2021 8:05:05 AM okhttp3.mockwebserver.MockWebServer$3 processOneRequest
INFO: MockWebServer[43462] received request: GET /api/v1/namespaces/entando-k8s-composite-app-controller-carcpr15 HTTP/1.1 and responded: HTTP/1.1 200 OK
Jan 27, 2021 8:05:05 AM okhttp3.mockwebserver.MockWebServer$3 processOneRequest
INFO: MockWebServer[43462] received request: GET /apis/entando.org/v1/namespaces/entando-k8s-composite-app-controller-carcpr15/entandoplugins HTTP/1.1 and responded: HTTP/1.1 200 OK
Jan 27, 2021 8:05:05 AM okhttp3.mockwebserver.MockWebServer$3 processOneRequest
INFO: MockWebServer[43462] received request: GET /api/v1/namespaces/entando-k8s-composite-app-controller-carcpr15 HTTP/1.1 and responded: HTTP/1.1 200 OK
Jan 27, 2021 8:05:05 AM okhttp3.mockwebserver.MockWebServer$3 processOneRequest
INFO: MockWebServer[43462] received request: GET /apis/entando.org/v1/namespaces/entando-k8s-composite-app-controller-carcpr15/entandoplugins HTTP/1.1 and responded: HTTP/1.1 200 OK
Jan 27, 2021 8:05:06 AM okhttp3.mockwebserver.MockWebServer$3 processOneRequest
INFO: MockWebServer[43462] received request: GET /apis/entando.org/v1/namespaces/entando-k8s-composite-app-controller-carcpr15/entandoplugins/test-plugin-carcpr15 HTTP/1.1 and responded: HTTP/1.1 200 OK
Jan 27, 2021 8:05:06 AM okhttp3.mockwebserver.MockWebServer$3 processOneRequest
INFO: MockWebServer[43462] received request: GET /apis/entando.org/v1/namespaces/entando-k8s-composite-app-controller-carcpr15/entandocompositeapps/my-app-carcpr15 HTTP/1.1 and responded: HTTP/1.1 200 OK
Jan 27, 2021 8:05:06 AM okhttp3.mockwebserver.MockWebServer$3 processOneRequest
INFO: MockWebServer[43462] received request: GET /apis/entando.org/v1/namespaces/entando-k8s-composite-app-controller-carcpr15/entandocompositeapps/my-app-carcpr15 HTTP/1.1 and responded: HTTP/1.1 200 OK
Jan 27, 2021 8:05:06 AM okhttp3.mockwebserver.MockWebServer$2 acceptConnections
INFO: MockWebServer[43462] done accepting connections: Socket closed
Jan 27, 2021 8:05:06 AM okhttp3.mockwebserver.MockWebServer$2 e**cute
INFO: MockWebServer[58531] starting to accept connections
Jan 27, 2021 8:05:06 AM okhttp3.mockwebserver.MockWebServer$3 processOneRequest
INFO: MockWebServer[58531] received request: GET /api/v1/namespaces/entando HTTP/1.1 and responded: HTTP/1.1 404 Client Error
Jan 27, 2021 8:05:06 AM okhttp3.mockwebserver.MockWebServer$3 processOneRequest
INFO: MockWebServer[58531] received request: POST /api/v1/namespaces HTTP/1.1 and responded: HTTP/1.1 202 OK
Jan 27, 2021 8:05:06 AM okhttp3.mockwebserver.MockWebServer$3 processOneRequest
INFO: MockWebServer[58531] received request: GET /api/v1/namespaces/entando-k8s-composite-app-controller-carcpr15 HTTP/1.1 and responded: HTTP/1.1 404 Client Error
Jan 27, 2021 8:05:06 AM okhttp3.mockwebserver.MockWebServer$3 processOneRequest
INFO: MockWebServer[58531] received request: POST /api/v1/namespaces HTTP/1.1 and responded: HTTP/1.1 202 OK
Jan 27, 2021 8:05:06 AM okhttp3.mockwebserver.MockWebServer$3 processOneRequest
INFO: MockWebServer[58531] received request: GET /api/v1/namespaces/entando/configmaps/entando-docker-image-info-v6.3 HTTP/1.1 and responded: HTTP/1.1 404 Client Error
Jan 27, 2021 8:05:06 AM okhttp3.mockwebserver.MockWebServer$3 processOneRequest
INFO: MockWebServer[58531] received request: GET /api/v1/namespaces/entando/configmaps/entando-docker-image-info-v6.3 HTTP/1.1 and responded: HTTP/1.1 404 Client Error
Jan 27, 2021 8:05:06 AM okhttp3.mockwebserver.MockWebServer$3 processOneRequest
INFO: MockWebServer[58531] received request: POST /api/v1/namespaces/entando/configmaps HTTP/1.1 and responded: HTTP/1.1 202 OK
Jan 27, 2021 8:05:07 AM okhttp3.mockwebserver.MockWebServer$3 processOneRequest
INFO: MockWebServer[58531] received request: GET /api/v1/namespaces/entando/configmaps/entando-docker-image-info-v6.3 HTTP/1.1 and responded: HTTP/1.1 200 OK
Jan 27, 2021 8:05:07 AM okhttp3.mockwebserver.MockWebServer$3 processOneRequest
INFO: MockWebServer[58531] received request: GET /api/v1/namespaces/entando/configmaps/entando-docker-image-info-v6.3 HTTP/1.1 and responded: HTTP/1.1 200 OK
Jan 27, 2021 8:05:07 AM okhttp3.mockwebserver.MockWebServer$3 processOneRequest
INFO: MockWebServer[58531] received request: GET /api/v1/namespaces/entando/configmaps/entando-docker-image-info-v6.3 HTTP/1.1 and responded: HTTP/1.1 200 OK
Jan 27, 2021 8:05:07 AM okhttp3.mockwebserver.MockWebServer$3 processOneRequest
INFO: MockWebServer[58531] received request: PATCH /api/v1/namespaces/entando/configmaps/entando-docker-image-info-v6.3 HTTP/1.1 and responded: HTTP/1.1 202 OK
Jan 27, 2021 8:05:07 AM okhttp3.mockwebserver.MockWebServer$3 processOneRequest
INFO: MockWebServer[58531] received request: GET /api/v1/namespaces/entando-k8s-composite-app-controller-carcpr15 HTTP/1.1 and responded: HTTP/1.1 200 OK
Jan 27, 2021 8:05:07 AM okhttp3.mockwebserver.MockWebServer$3 processOneRequest
INFO: MockWebServer[58531] received request: GET /apis/entando.org/v1/namespaces/entando-k8s-composite-app-controller-carcpr15/entandoplugins HTTP/1.1 and responded: HTTP/1.1 200 OK
Jan 27, 2021 8:05:07 AM okhttp3.mockwebserver.MockWebServer$3 processOneRequest
INFO: MockWebServer[58531] received request: GET /api/v1/namespaces/entando-k8s-composite-app-controller-carcpr15 HTTP/1.1 and responded: HTTP/1.1 200 OK
Jan 27, 2021 8:05:07 AM okhttp3.mockwebserver.MockWebServer$3 processOneRequest
INFO: MockWebServer[58531] received request: GET /apis/entando.org/v1/namespaces/entando-k8s-composite-app-controller-carcpr15/entandoplugins HTTP/1.1 and responded: HTTP/1.1 200 OK
Jan 27, 2021 8:05:07 AM okhttp3.mockwebserver.MockWebServer$3 processOneRequest
INFO: MockWebServer[58531] received request: GET /apis/entando.org/v1/namespaces/entando-k8s-composite-app-controller-carcpr15/entandoplugins/test-plugin-carcpr15 HTTP/1.1 and responded: HTTP/1.1 404 Client Error
Jan 27, 2021 8:05:07 AM okhttp3.mockwebserver.MockWebServer$3 processOneRequest
INFO: MockWebServer[58531] received request: POST /apis/entando.org/v1/namespaces/entando-k8s-composite-app-controller-carcpr15/entandoplugins HTTP/1.1 and responded: HTTP/1.1 202 OK
Jan 27, 2021 8:05:07 AM okhttp3.mockwebserver.MockWebServer$3 processOneRequest
INFO: MockWebServer[58531] received request: GET /api/v1/namespaces/entando-k8s-composite-app-controller-carcpr15 HTTP/1.1 and responded: HTTP/1.1 200 OK
Jan 27, 2021 8:05:08 AM okhttp3.mockwebserver.MockWebServer$3 processOneRequest
INFO: MockWebServer[58531] received request: GET /apis/entando.org/v1/namespaces/entando-k8s-composite-app-controller-carcpr15/entandocompositeapps HTTP/1.1 and responded: HTTP/1.1 200 OK
Jan 27, 2021 8:05:08 AM okhttp3.mockwebserver.MockWebServer$3 processOneRequest
INFO: MockWebServer[58531] received request: GET /api/v1/namespaces/entando-k8s-composite-app-controller-carcpr15 HTTP/1.1 and responded: HTTP/1.1 200 OK
Jan 27, 2021 8:05:08 AM okhttp3.mockwebserver.MockWebServer$3 processOneRequest
INFO: MockWebServer[58531] received request: GET /apis/entando.org/v1/namespaces/entando-k8s-composite-app-controller-carcpr15/entandocompositeapps HTTP/1.1 and responded: HTTP/1.1 200 OK
Jan 27, 2021 8:05:08 AM okhttp3.mockwebserver.MockWebServer$3 processOneRequest
INFO: MockWebServer[58531] received request: POST /apis/entando.org/v1/namespaces/entando-k8s-composite-app-controller-carcpr15/entandocompositeapps HTTP/1.1 and responded: HTTP/1.1 202 OK
Jan 27, 2021 8:05:08 AM okhttp3.mockwebserver.MockWebServer$3 processOneRequest
INFO: MockWebServer[58531] received request: GET /api/v1/namespaces/entando-k8s-composite-app-controller-carcpr15 HTTP/1.1 and responded: HTTP/1.1 200 OK
Jan 27, 2021 8:05:08 AM okhttp3.mockwebserver.MockWebServer$3 processOneRequest
INFO: MockWebServer[58531] received request: GET /apis/entando.org/v1/namespaces/entando-k8s-composite-app-controller-carcpr15/entandocompositeapps HTTP/1.1 and responded: HTTP/1.1 200 OK
Jan 27, 2021 8:05:08 AM okhttp3.mockwebserver.MockWebServer$3 processOneRequest
INFO: MockWebServer[58531] received request: GET /api/v1/namespaces/entando-k8s-composite-app-controller-carcpr15 HTTP/1.1 and responded: HTTP/1.1 200 OK
Jan 27, 2021 8:05:08 AM okhttp3.mockwebserver.MockWebServer$3 processOneRequest
INFO: MockWebServer[58531] received request: GET /apis/entando.org/v1/namespaces/entando-k8s-composite-app-controller-carcpr15/entandocompositeapps HTTP/1.1 and responded: HTTP/1.1 200 OK
Jan 27, 2021 8:05:09 AM okhttp3.mockwebserver.MockWebServer$3 processOneRequest
INFO: MockWebServer[58531] received request: GET /apis/entando.org/v1/namespaces/entando-k8s-composite-app-controller-carcpr15/entandocompositeapps/my-app-carcpr15 HTTP/1.1 and responded: HTTP/1.1 200 OK
Jan 27, 2021 8:05:09 AM okhttp3.mockwebserver.MockWebServer$3 processOneRequest
INFO: MockWebServer[58531] received request: GET /apis/entando.org/v1/namespaces/entando-k8s-composite-app-controller-carcpr15/entandocompositeapps/my-app-carcpr15 HTTP/1.1 and responded: HTTP/1.1 200 OK
Jan 27, 2021 8:05:09 AM okhttp3.mockwebserver.MockWebServer$3 processOneRequest
INFO: MockWebServer[58531] received request: PUT /apis/entando.org/v1/namespaces/entando-k8s-composite-app-controller-carcpr15/entandocompositeapps/my-app-carcpr15/status HTTP/1.1 and responded: HTTP/1.1 202 OK
Jan 27, 2021 8:05:09 AM okhttp3.mockwebserver.MockWebServer$3 processOneRequest
INFO: MockWebServer[58531] received request: GET /api/v1/namespaces/entando/configmaps/entando-docker-image-info-v6.3 HTTP/1.1 and responded: HTTP/1.1 200 OK
Jan 27, 2021 8:05:09 AM okhttp3.mockwebserver.MockWebServer$3 processOneRequest
INFO: MockWebServer[58531] received request: GET /api/v1/namespaces/entando-k8s-composite-app-controller-carcpr15 HTTP/1.1 and responded: HTTP/1.1 200 OK
Jan 27, 2021 8:05:09 AM okhttp3.mockwebserver.MockWebServer$3 processOneRequest
INFO: MockWebServer[58531] received request: GET /apis/entando.org/v1/namespaces/entando-k8s-composite-app-controller-carcpr15/entandokeycloakservers HTTP/1.1 and responded: HTTP/1.1 200 OK
Jan 27, 2021 8:05:09 AM okhttp3.mockwebserver.MockWebServer$3 processOneRequest
INFO: MockWebServer[58531] received request: GET /api/v1/namespaces/entando-k8s-composite-app-controller-carcpr15 HTTP/1.1 and responded: HTTP/1.1 200 OK
Jan 27, 2021 8:05:09 AM okhttp3.mockwebserver.MockWebServer$3 processOneRequest
INFO: MockWebServer[58531] received request: GET /apis/entando.org/v1/namespaces/entando-k8s-composite-app-controller-carcpr15/entandokeycloakservers HTTP/1.1 and responded: HTTP/1.1 200 OK
Jan 27, 2021 8:05:09 AM okhttp3.mockwebserver.MockWebServer$3 processOneRequest
INFO: MockWebServer[58531] received request: GET /apis/entando.org/v1/namespaces/entando-k8s-composite-app-controller-carcpr15/entandokeycloakservers/test-keycloak-carcpr15 HTTP/1.1 and responded: HTTP/1.1 404 Client Error
Jan 27, 2021 8:05:09 AM okhttp3.mockwebserver.MockWebServer$3 processOneRequest
INFO: MockWebServer[58531] received request: POST /apis/entando.org/v1/namespaces/entando-k8s-composite-app-controller-carcpr15/entandokeycloakservers HTTP/1.1 and responded: HTTP/1.1 202 OK
Jan 27, 2021 8:05:09 AM okhttp3.mockwebserver.MockWebServer$3 processOneRequest
INFO: MockWebServer[58531] received request: GET /api/v1/namespaces/entando-k8s-composite-app-controller-carcpr15/pods?labelSelector=EntandoResourceNamespace%3Dentando-k8s-composite-app-controller-carcpr15%2CEntandoResourceKind%3DEntandoKeycloakServer%2CEntandoKeycloakServer%3Dtest-keycloak-carcpr15 HTTP/1.1 and responded: HTTP/1.1 200 OK
Jan 27, 2021 8:05:09 AM okhttp3.mockwebserver.MockWebServer$3 processOneRequest
INFO: MockWebServer[58531] received request: GET /api/v1/namespaces/entando-k8s-composite-app-controller-carcpr15/pods?labelSelector=EntandoResourceNamespace%3Dentando-k8s-composite-app-controller-carcpr15%2CEntandoResourceKind%3DEntandoKeycloakServer%2CEntandoKeycloakServer%3Dtest-keycloak-carcpr15&watch=**** HTTP/1.1 and responded: HTTP/1.1 200 OK
Jan 27, 2021 8:05:10 AM okhttp3.mockwebserver.MockWebServer$3 processOneRequest
INFO: MockWebServer[58531] received request: GET /api/v1/namespaces/entando-k8s-composite-app-controller-carcpr15/pods?labelSelector=EntandoResourceNamespace%3Dentando-k8s-composite-app-controller-carcpr15%2CEntandoResourceKind%3DEntandoKeycloakServer%2CEntandoKeycloakServer%3Dtest-keycloak-carcpr15&watch=**** HTTP/1.1 and responded: HTTP/1.1 200 OK
Jan 27, 2021 8:05:10 AM okhttp3.mockwebserver.MockWebServer$3 processOneRequest
INFO: MockWebServer[58531] received request: GET /api/v1/namespaces/entando-k8s-composite-app-controller-carcpr15/pods?labelSelector=EntandoResourceNamespace%3Dentando-k8s-composite-app-controller-carcpr15%2CEntandoResourceKind%3DEntandoKeycloakServer%2CEntandoKeycloakServer%3Dtest-keycloak-carcpr15 HTTP/1.1 and responded: HTTP/1.1 200 OK
Jan 27, 2021 8:05:10 AM io.fabric8.kubernetes.client.dsl.internal.WatchHTTPManager$1 onResponse
INFO: Watch terminated unexpectedly. reason: \n not found: limit=46 content=7b2261706956657273696f6e223a227631222c226b696e64223a224c69737422â€¦
Jan 27, 2021 8:05:10 AM okhttp3.mockwebserver.MockWebServer$3 processOneRequest
INFO: MockWebServer[58531] received request: GET /api/v1/namespaces/entando-k8s-composite-app-controller-carcpr15/pods?labelSelector=EntandoResourceNamespace%3Dentando-k8s-composite-app-controller-carcpr15%2CEntandoResourceKind%3DEntandoKeycloakServer%2CEntandoKeycloakServer%3Dtest-keycloak-carcpr15 HTTP/1.1 and responded: HTTP/1.1 200 OK
Jan 27, 2021 8:05:11 AM okhttp3.mockwebserver.MockWebServer$3 processOneRequest
INFO: MockWebServer[58531] received request: GET /api/v1/namespaces/entando-k8s-composite-app-controller-carcpr15/pods?labelSelector=EntandoResourceNamespace%3Dentando-k8s-composite-app-controller-carcpr15%2CEntandoResourceKind%3DEntandoKeycloakServer%2CEntandoKeycloakServer%3Dtest-keycloak-carcpr15&watch=**** HTTP/1.1 and responded: HTTP/1.1 200 OK
Jan 27, 2021 8:05:11 AM io.fabric8.kubernetes.client.dsl.internal.WatchHTTPManager$1 onResponse
INFO: Watch terminated unexpectedly. reason: \n not found: limit=46 content=7b2261706956657273696f6e223a227631222c226b696e64223a224c69737422â€¦
Jan 27, 2021 8:05:11 AM io.fabric8.kubernetes.client.dsl.internal.WatchHTTPManager scheduleReconnect
WARN: Ignoring error for already closed/closing connection
Jan 27, 2021 8:05:11 AM okhttp3.mockwebserver.MockWebServer$3 processOneRequest
INFO: MockWebServer[58531] received request: GET /api/v1/namespaces/entando-k8s-composite-app-controller-carcpr15/secrets/test-keycloak-carcpr15-controller-ca-cert-secret HTTP/1.1 and responded: HTTP/1.1 404 Client Error
Jan 27, 2021 8:05:11 AM okhttp3.mockwebserver.MockWebServer$3 processOneRequest
INFO: MockWebServer[58531] received request: POST /api/v1/namespaces/entando-k8s-composite-app-controller-carcpr15/secrets HTTP/1.1 and responded: HTTP/1.1 202 OK
Jan 27, 2021 8:05:11 AM okhttp3.mockwebserver.MockWebServer$3 processOneRequest
INFO: MockWebServer[58531] received request: POST /api/v1/namespaces/entando-k8s-composite-app-controller-carcpr15/pods HTTP/1.1 and responded: HTTP/1.1 202 OK
Jan 27, 2021 8:05:11 AM okhttp3.mockwebserver.MockWebServer$3 processOneRequest
INFO: MockWebServer[58531] received request: GET /api/v1/namespaces/entando-k8s-composite-app-controller-carcpr15/pods?fieldSelector=metadata.name%3Dtest-keycloak-carcpr15-deployer-3712&watch=**** HTTP/1.1 and responded: HTTP/1.1 200 OK
Jan 27, 2021 8:05:11 AM okhttp3.mockwebserver.MockWebServer$3 processOneRequest
INFO: MockWebServer[58531] received request: GET /api/v1/namespaces/entando-k8s-composite-app-controller-carcpr15/pods?labelSelector=EntandoKeycloakServer%3Dtest-keycloak-carcpr15 HTTP/1.1 and responded: HTTP/1.1 200 OK
Jan 27, 2021 8:05:11 AM okhttp3.mockwebserver.MockWebServer$3 processOneRequest
INFO: MockWebServer[58531] received request: GET /api/v1/namespaces/entando-k8s-composite-app-controller-carcpr15/pods?fieldSelector=metadata.name%3Dtest-keycloak-carcpr15-deployer-3712&watch=**** HTTP/1.1 and responded: HTTP/1.1 200 OK
Jan 27, 2021 8:05:11 AM okhttp3.mockwebserver.MockWebServer$3 processOneRequest
INFO: MockWebServer[58531] received request: GET /apis/entando.org/v1/namespaces/entando-k8s-composite-app-controller-carcpr15/entandocompositeapps/my-app-carcpr15 HTTP/1.1 and responded: HTTP/1.1 200 OK
Jan 27, 2021 8:05:11 AM io.fabric8.kubernetes.client.dsl.internal.WatchHTTPManager$1 onResponse
INFO: Watch terminated unexpectedly. reason: \n not found: limit=4079 content=7b2261706956657273696f6e223a227631222c226b696e64223a224c69737422â€¦
Jan 27, 2021 8:05:11 AM io.fabric8.kubernetes.client.dsl.internal.WatchHTTPManager scheduleReconnect
WARN: Ignoring error for already closed/closing connection
Jan 27, 2021 8:05:11 AM okhttp3.mockwebserver.MockWebServer$3 processOneRequest
INFO: MockWebServer[58531] received request: PUT /apis/entando.org/v1/namespaces/entando-k8s-composite-app-controller-carcpr15/entandocompositeapps/my-app-carcpr15/status HTTP/1.1 and responded: HTTP/1.1 202 OK
Jan 27, 2021 8:05:11 AM okhttp3.mockwebserver.MockWebServer$3 processOneRequest
INFO: MockWebServer[58531] received request: GET /apis/entando.org/v1/namespaces/entando-k8s-composite-app-controller-carcpr15/entandoplugins/test-plugin-carcpr15 HTTP/1.1 and responded: HTTP/1.1 200 OK
Jan 27, 2021 8:05:11 AM okhttp3.mockwebserver.MockWebServer$3 processOneRequest
INFO: MockWebServer[58531] received request: GET /apis/entando.org/v1/namespaces/entando-k8s-composite-app-controller-carcpr15/entandoplugins/test-plugin-carcpr15 HTTP/1.1 and responded: HTTP/1.1 200 OK
Jan 27, 2021 8:05:11 AM okhttp3.mockwebserver.MockWebServer$3 processOneRequest
INFO: MockWebServer[58531] received request: GET /apis/entando.org/v1/namespaces/entando-k8s-composite-app-controller-carcpr15/entandoplugins/test-plugin-carcpr15 HTTP/1.1 and responded: HTTP/1.1 200 OK
Jan 27, 2021 8:05:11 AM okhttp3.mockwebserver.MockWebServer$3 processOneRequest
INFO: MockWebServer[58531] received request: PATCH /apis/entando.org/v1/namespaces/entando-k8s-composite-app-controller-carcpr15/entandoplugins/test-plugin-carcpr15 HTTP/1.1 and responded: HTTP/1.1 202 OK
Jan 27, 2021 8:05:11 AM okhttp3.mockwebserver.MockWebServer$3 processOneRequest
INFO: MockWebServer[58531] received request: GET /api/v1/namespaces/entando-k8s-composite-app-controller-carcpr15/pods?labelSelector=EntandoPlugin%3Dtest-plugin-carcpr15%2CEntandoResourceNamespace%3Dentando-k8s-composite-app-controller-carcpr15%2CEntandoResourceKind%3DEntandoPlugin HTTP/1.1 and responded: HTTP/1.1 200 OK
Jan 27, 2021 8:05:12 AM okhttp3.mockwebserver.MockWebServer$3 processOneRequest
INFO: MockWebServer[58531] received request: GET /api/v1/namespaces/entando-k8s-composite-app-controller-carcpr15/pods?labelSelector=EntandoPlugin%3Dtest-plugin-carcpr15%2CEntandoResourceNamespace%3Dentando-k8s-composite-app-controller-carcpr15%2CEntandoResourceKind%3DEntandoPlugin&watch=**** HTTP/1.1 and responded: HTTP/1.1 200 OK
Jan 27, 2021 8:05:12 AM okhttp3.mockwebserver.MockWebServer$3 processOneRequest
INFO: MockWebServer[58531] received request: GET /api/v1/namespaces/entando-k8s-composite-app-controller-carcpr15/pods?labelSelector=EntandoPlugin%3Dtest-plugin-carcpr15%2CEntandoResourceNamespace%3Dentando-k8s-composite-app-controller-carcpr15%2CEntandoResourceKind%3DEntandoPlugin&watch=**** HTTP/1.1 and responded: HTTP/1.1 200 OK
Jan 27, 2021 8:05:12 AM okhttp3.mockwebserver.MockWebServer$3 processOneRequest
INFO: MockWebServer[58531] received request: GET /api/v1/namespaces/entando-k8s-composite-app-controller-carcpr15/pods?labelSelector=EntandoPlugin%3Dtest-plugin-carcpr15%2CEntandoResourceNamespace%3Dentando-k8s-composite-app-controller-carcpr15%2CEntandoResourceKind%3DEntandoPlugin HTTP/1.1 and responded: HTTP/1.1 200 OK
Jan 27, 2021 8:05:12 AM io.fabric8.kubernetes.client.dsl.internal.WatchHTTPManager$1 onResponse
INFO: Watch terminated unexpectedly. reason: \n not found: limit=46 content=7b2261706956657273696f6e223a227631222c226b696e64223a224c69737422â€¦
Jan 27, 2021 8:05:12 AM okhttp3.mockwebserver.MockWebServer$3 processOneRequest
INFO: MockWebServer[58531] received request: GET /api/v1/namespaces/entando-k8s-composite-app-controller-carcpr15/pods?labelSelector=EntandoPlugin%3Dtest-plugin-carcpr15%2CEntandoResourceNamespace%3Dentando-k8s-composite-app-controller-carcpr15%2CEntandoResourceKind%3DEntandoPlugin HTTP/1.1 and responded: HTTP/1.1 200 OK
Jan 27, 2021 8:05:13 AM okhttp3.mockwebserver.MockWebServer$3 processOneRequest
INFO: MockWebServer[58531] received request: GET /api/v1/namespaces/entando-k8s-composite-app-controller-carcpr15/pods?labelSelector=EntandoPlugin%3Dtest-plugin-carcpr15%2CEntandoResourceNamespace%3Dentando-k8s-composite-app-controller-carcpr15%2CEntandoResourceKind%3DEntandoPlugin&watch=**** HTTP/1.1 and responded: HTTP/1.1 200 OK
Jan 27, 2021 8:05:13 AM io.fabric8.kubernetes.client.dsl.internal.WatchHTTPManager$1 onResponse
INFO: Watch terminated unexpectedly. reason: \n not found: limit=46 content=7b2261706956657273696f6e223a227631222c226b696e64223a224c69737422â€¦
Jan 27, 2021 8:05:13 AM io.fabric8.kubernetes.client.dsl.internal.WatchHTTPManager scheduleReconnect
WARN: Ignoring error for already closed/closing connection
Jan 27, 2021 8:05:13 AM okhttp3.mockwebserver.MockWebServer$3 processOneRequest
INFO: MockWebServer[58531] received request: GET /api/v1/namespaces/entando-k8s-composite-app-controller-carcpr15/secrets/test-plugin-carcpr15-controller-ca-cert-secret HTTP/1.1 and responded: HTTP/1.1 404 Client Error
Jan 27, 2021 8:05:13 AM okhttp3.mockwebserver.MockWebServer$3 processOneRequest
INFO: MockWebServer[58531] received request: POST /api/v1/namespaces/entando-k8s-composite-app-controller-carcpr15/secrets HTTP/1.1 and responded: HTTP/1.1 202 OK
Jan 27, 2021 8:05:13 AM okhttp3.mockwebserver.MockWebServer$3 processOneRequest
INFO: MockWebServer[58531] received request: POST /api/v1/namespaces/entando-k8s-composite-app-controller-carcpr15/pods HTTP/1.1 and responded: HTTP/1.1 202 OK
Jan 27, 2021 8:05:13 AM okhttp3.mockwebserver.MockWebServer$3 processOneRequest
INFO: MockWebServer[58531] received request: GET /api/v1/namespaces/entando-k8s-composite-app-controller-carcpr15/pods?fieldSelector=metadata.name%3Dtest-plugin-carcpr15-deployer-3767&watch=**** HTTP/1.1 and responded: HTTP/1.1 200 OK
Jan 27, 2021 8:05:13 AM okhttp3.mockwebserver.MockWebServer$3 processOneRequest
INFO: MockWebServer[58531] received request: GET /api/v1/namespaces/entando-k8s-composite-app-controller-carcpr15/pods?labelSelector=EntandoPlugin%3Dtest-plugin-carcpr15 HTTP/1.1 and responded: HTTP/1.1 200 OK
Jan 27, 2021 8:05:13 AM okhttp3.mockwebserver.MockWebServer$3 processOneRequest
INFO: MockWebServer[58531] received request: GET /apis/entando.org/v1/namespaces/entando-k8s-composite-app-controller-carcpr15/entandocompositeapps/my-app-carcpr15 HTTP/1.1 and responded: HTTP/1.1 200 OK
Jan 27, 2021 8:05:13 AM okhttp3.mockwebserver.MockWebServer$3 processOneRequest
INFO: MockWebServer[58531] received request: GET /api/v1/namespaces/entando-k8s-composite-app-controller-carcpr15/pods?fieldSelector=metadata.name%3Dtest-plugin-carcpr15-deployer-3767&watch=**** HTTP/1.1 and responded: HTTP/1.1 200 OK
Jan 27, 2021 8:05:13 AM io.fabric8.kubernetes.client.dsl.internal.WatchHTTPManager$1 onResponse
INFO: Watch terminated unexpectedly. reason: \n not found: limit=8087 content=7b2261706956657273696f6e223a227631222c226b696e64223a224c69737422â€¦
Jan 27, 2021 8:05:13 AM io.fabric8.kubernetes.client.dsl.internal.WatchHTTPManager scheduleReconnect
WARN: Ignoring error for already closed/closing connection
Jan 27, 2021 8:05:13 AM okhttp3.mockwebserver.MockWebServer$3 processOneRequest
INFO: MockWebServer[58531] received request: PUT /apis/entando.org/v1/namespaces/entando-k8s-composite-app-controller-carcpr15/entandocompositeapps/my-app-carcpr15/status HTTP/1.1 and responded: HTTP/1.1 202 OK
Jan 27, 2021 8:05:13 AM org.entando.kubernetes.compositeapp.controller.EntandoCompositeAppController logFailure
SEVERE: Unexpected exception occurred while adding EntandoPlugin entando-k8s-composite-app-controller-carcpr15/test-plugin-carcpr15
Jan 27, 2021 8:05:13 AM org.entando.kubernetes.controller.support.controller.AbstractDbAwareController performSync
SEVERE: Unexpected exception occurred while adding EntandoCompositeApp entando-k8s-composite-app-controller-carcpr15/my-app-carcpr15
org.entando.kubernetes.controller.support.controller.EntandoControllerException: Unexpected exception occurred while adding EntandoPlugin entando-k8s-composite-app-controller-carcpr15/test-plugin-carcpr15
	at org.entando.kubernetes.compositeapp.controller.EntandoCompositeAppController.synchronizeDeploymentState(EntandoCompositeAppController.java:87)
	at org.entando.kubernetes.compositeapp.controller.EntandoCompositeAppController.synchronizeDeploymentState(EntandoCompositeAppController.java:48)
	at org.entando.kubernetes.controller.support.controller.AbstractDbAwareController.performSync(AbstractDbAwareController.java:159)
	at org.entando.kubernetes.controller.support.controller.AbstractDbAwareController.processCommand(AbstractDbAwareController.java:131)
	at org.entando.kubernetes.compositeapp.controller.EntandoCompositeAppController.onStartup(EntandoCompositeAppController.java:72)
	at org.entando.kubernetes.compositeapp.controller.inprocesstests.CompositeAppControllerMockedTest.startController(CompositeAppControllerMockedTest.java:118)
	at org.entando.kubernetes.compositeapp.controller.inprocesstests.CompositeAppControllerMockedTest.performCreate(CompositeAppControllerMockedTest.java:84)
	at org.entando.kubernetes.compositeapp.controller.AbstractCompositeAppControllerTest.testE**cuteControllerPod(AbstractCompositeAppControllerTest.java:135)
	at org.entando.kubernetes.compositeapp.controller.inprocesstests.CompositeAppControllerMockedTest.testFailure(CompositeAppControllerMockedTest.java:105)
	at java.base/jdk.internal.reflect.NativeMethodAccessorImpl.invoke0(Native Method)
	at java.base/jdk.internal.reflect.NativeMethodAccessorImpl.invoke(NativeMethodAccessorImpl.java:62)
	at java.base/jdk.internal.reflect.DelegatingMethodAccessorImpl.invoke(DelegatingMethodAccessorImpl.java:43)
	at java.base/java.lang.reflect.Method.invoke(Method.java:566)
	at org.junit.platform.commons.util.ReflectionUtils.invokeMethod(ReflectionUtils.java:688)
	at org.junit.jupiter.engine.e**cution.MethodInvocation.proceed(MethodInvocation.java:60)
	at org.junit.jupiter.engine.e**cution.InvocationInterceptorChain$ValidatingInvocation.proceed(InvocationInterceptorChain.java:131)
	at org.junit.jupiter.engine.extension.TimeoutExtension.intercept(TimeoutExtension.java:149)
	at org.junit.jupiter.engine.extension.TimeoutExtension.interceptTestableMethod(TimeoutExtension.java:140)
	at org.junit.jupiter.engine.extension.TimeoutExtension.interceptTestMethod(TimeoutExtension.java:84)
	at org.junit.jupiter.engine.e**cution.E**cutableInvoker$ReflectiveInterceptorCall.lambda$ofVoidMethod$0(E**cutableInvoker.java:115)
	at org.junit.jupiter.engine.e**cution.E**cutableInvoker.lambda$invoke$0(E**cutableInvoker.java:105)
	at org.junit.jupiter.engine.e**cution.InvocationInterceptorChain$InterceptedInvocation.proceed(InvocationInterceptorChain.java:106)
	at org.junit.jupiter.engine.e**cution.InvocationInterceptorChain.proceed(InvocationInterceptorChain.java:64)
	at org.junit.jupiter.engine.e**cution.InvocationInterceptorChain.chainAndInvoke(InvocationInterceptorChain.java:45)
	at org.junit.jupiter.engine.e**cution.InvocationInterceptorChain.invoke(InvocationInterceptorChain.java:37)
	at org.junit.jupiter.engine.e**cution.E**cutableInvoker.invoke(E**cutableInvoker.java:104)
	at org.junit.jupiter.engine.e**cution.E**cutableInvoker.invoke(E**cutableInvoker.java:98)
	at org.junit.jupiter.engine.descriptor.TestMethodTestDescriptor.lambda$invokeTestMethod$6(TestMethodTestDescriptor.java:210)
	at org.junit.platform.engine.support.hierarchical.ThrowableCollector.e**cute(ThrowableCollector.java:73)
	at org.junit.jupiter.engine.descriptor.TestMethodTestDescriptor.invokeTestMethod(TestMethodTestDescriptor.java:206)
	at org.junit.jupiter.engine.descriptor.TestMethodTestDescriptor.e**cute(TestMethodTestDescriptor.java:131)
	at org.junit.jupiter.engine.descriptor.TestMethodTestDescriptor.e**cute(TestMethodTestDescriptor.java:65)
	at org.junit.platform.engine.support.hierarchical.NodeTestTask.lambda$e**cuteRecursively$5(NodeTestTask.java:139)
	at org.junit.platform.engine.support.hierarchical.ThrowableCollector.e**cute(ThrowableCollector.java:73)
	at org.junit.platform.engine.support.hierarchical.NodeTestTask.lambda$e**cuteRecursively$7(NodeTestTask.java:129)
	at org.junit.platform.engine.support.hierarchical.Node.around(Node.java:137)
	at org.junit.platform.engine.support.hierarchical.NodeTestTask.lambda$e**cuteRecursively$8(NodeTestTask.java:127)
	at org.junit.platform.engine.support.hierarchical.ThrowableCollector.e**cute(ThrowableCollector.java:73)
	at org.junit.platform.engine.support.hierarchical.NodeTestTask.e**cuteRecursively(NodeTestTask.java:126)
	at org.junit.platform.engine.support.hierarchical.NodeTestTask.e**cute(NodeTestTask.java:84)
	at java.base/java.util.ArrayList.forEach(ArrayList.java:1540)
	at org.junit.platform.engine.support.hierarchical.SameThreadHierarchicalTestE**cutorService.invokeAll(SameThreadHierarchicalTestE**cutorService.java:38)
	at org.junit.platform.engine.support.hierarchical.NodeTestTask.lambda$e**cuteRecursively$5(NodeTestTask.java:143)
	at org.junit.platform.engine.support.hierarchical.ThrowableCollector.e**cute(ThrowableCollector.java:73)
	at org.junit.platform.engine.support.hierarchical.NodeTestTask.lambda$e**cuteRecursively$7(NodeTestTask.java:129)
	at org.junit.platform.engine.support.hierarchical.Node.around(Node.java:137)
	at org.junit.platform.engine.support.hierarchical.NodeTestTask.lambda$e**cuteRecursively$8(NodeTestTask.java:127)
	at org.junit.platform.engine.support.hierarchical.ThrowableCollector.e**cute(ThrowableCollector.java:73)
	at org.junit.platform.engine.support.hierarchical.NodeTestTask.e**cuteRecursively(NodeTestTask.java:126)
	at org.junit.platform.engine.support.hierarchical.NodeTestTask.e**cute(NodeTestTask.java:84)
	at java.base/java.util.ArrayList.forEach(ArrayList.java:1540)
	at org.junit.platform.engine.support.hierarchical.SameThreadHierarchicalTestE**cutorService.invokeAll(SameThreadHierarchicalTestE**cutorService.java:38)
	at org.junit.platform.engine.support.hierarchical.NodeTestTask.lambda$e**cuteRecursively$5(NodeTestTask.java:143)
	at org.junit.platform.engine.support.hierarchical.ThrowableCollector.e**cute(ThrowableCollector.java:73)
	at org.junit.platform.engine.support.hierarchical.NodeTestTask.lambda$e**cuteRecursively$7(NodeTestTask.java:129)
	at org.junit.platform.engine.support.hierarchical.Node.around(Node.java:137)
	at org.junit.platform.engine.support.hierarchical.NodeTestTask.lambda$e**cuteRecursively$8(NodeTestTask.java:127)
	at org.junit.platform.engine.support.hierarchical.ThrowableCollector.e**cute(ThrowableCollector.java:73)
	at org.junit.platform.engine.support.hierarchical.NodeTestTask.e**cuteRecursively(NodeTestTask.java:126)
	at org.junit.platform.engine.support.hierarchical.NodeTestTask.e**cute(NodeTestTask.java:84)
	at org.junit.platform.engine.support.hierarchical.SameThreadHierarchicalTestE**cutorService.submit(SameThreadHierarchicalTestE**cutorService.java:32)
	at org.junit.platform.engine.support.hierarchical.HierarchicalTestE**cutor.e**cute(HierarchicalTestE**cutor.java:57)
	at org.junit.platform.engine.support.hierarchical.HierarchicalTestEngine.e**cute(HierarchicalTestEngine.java:51)
	at org.junit.platform.launcher.core.EngineE**cutionOrchestrator.e**cute(EngineE**cutionOrchestrator.java:108)
	at org.junit.platform.launcher.core.EngineE**cutionOrchestrator.e**cute(EngineE**cutionOrchestrator.java:88)
	at org.junit.platform.launcher.core.EngineE**cutionOrchestrator.lambda$e**cute$0(EngineE**cutionOrchestrator.java:54)
	at org.junit.platform.launcher.core.EngineE**cutionOrchestrator.withInterceptedStreams(EngineE**cutionOrchestrator.java:67)
	at org.junit.platform.launcher.core.EngineE**cutionOrchestrator.e**cute(EngineE**cutionOrchestrator.java:52)
	at org.junit.platform.launcher.core.DefaultLauncher.e**cute(DefaultLauncher.java:96)
	at org.junit.platform.launcher.core.DefaultLauncher.e**cute(DefaultLauncher.java:75)
	at org.apache.maven.surefire.junitplatform.JUnitPlatformProvider.invokeAllTests(JUnitPlatformProvider.java:142)
	at org.apache.maven.surefire.junitplatform.JUnitPlatformProvider.invoke(JUnitPlatformProvider.java:117)
	at org.apache.maven.surefire.booter.ForkedBooter.invokeProviderInSameClassLoader(ForkedBooter.java:384)
	at org.apache.maven.surefire.booter.ForkedBooter.runSuitesInProcess(ForkedBooter.java:345)
	at org.apache.maven.surefire.booter.ForkedBooter.e**cute(ForkedBooter.java:126)
	at org.apache.maven.surefire.booter.ForkedBooter.main(ForkedBooter.java:418)

Jan 27, 2021 8:05:13 AM okhttp3.mockwebserver.MockWebServer$3 processOneRequest
INFO: MockWebServer[58531] received request: GET /apis/entando.org/v1/namespaces/entando-k8s-composite-app-controller-carcpr15/entandocompositeapps/my-app-carcpr15 HTTP/1.1 and responded: HTTP/1.1 200 OK
Jan 27, 2021 8:05:13 AM okhttp3.mockwebserver.MockWebServer$3 processOneRequest
INFO: MockWebServer[58531] received request: PUT /apis/entando.org/v1/namespaces/entando-k8s-composite-app-controller-carcpr15/entandocompositeapps/my-app-carcpr15/status HTTP/1.1 and responded: HTTP/1.1 202 OK
@@@@@@@@@@@
Jan 27, 2021 8:05:14 AM okhttp3.mockwebserver.MockWebServer$3 processOneRequest
INFO: MockWebServer[58531] received request: GET /api/v1/namespaces/entando-k8s-composite-app-controller-carcpr15/pods?labelSelector=EntandoResourceKind%3DEntandoKeycloakServer%2CEntandoKeycloakServer%3Dtest-keycloak-carcpr15 HTTP/1.1 and responded: HTTP/1.1 200 OK
Jan 27, 2021 8:05:14 AM okhttp3.mockwebserver.MockWebServer$3 processOneRequest
INFO: MockWebServer[58531] received request: GET /api/v1/namespaces/entando-k8s-composite-app-controller-carcpr15/pods?labelSelector=EntandoResourceKind%3DEntandoKeycloakServer%2CEntandoKeycloakServer%3Dtest-keycloak-carcpr15 HTTP/1.1 and responded: HTTP/1.1 200 OK
Jan 27, 2021 8:05:14 AM okhttp3.mockwebserver.MockWebServer$3 processOneRequest
INFO: MockWebServer[58531] received request: GET /api/v1/namespaces/entando-k8s-composite-app-controller-carcpr15 HTTP/1.1 and responded: HTTP/1.1 200 OK
Jan 27, 2021 8:05:14 AM okhttp3.mockwebserver.MockWebServer$3 processOneRequest
INFO: MockWebServer[58531] received request: GET /apis/entando.org/v1/namespaces/entando-k8s-composite-app-controller-carcpr15/entandokeycloakservers HTTP/1.1 and responded: HTTP/1.1 200 OK
Jan 27, 2021 8:05:14 AM okhttp3.mockwebserver.MockWebServer$3 processOneRequest
INFO: MockWebServer[58531] received request: GET /api/v1/namespaces/entando-k8s-composite-app-controller-carcpr15 HTTP/1.1 and responded: HTTP/1.1 200 OK
Jan 27, 2021 8:05:14 AM okhttp3.mockwebserver.MockWebServer$3 processOneRequest
INFO: MockWebServer[58531] received request: GET /apis/entando.org/v1/namespaces/entando-k8s-composite-app-controller-carcpr15/entandokeycloakservers HTTP/1.1 and responded: HTTP/1.1 200 OK
#####################
Jan 27, 2021 8:05:14 AM okhttp3.mockwebserver.MockWebServer$3 processOneRequest
INFO: MockWebServer[58531] received request: GET /apis/entando.org/v1/namespaces/entando-k8s-composite-app-controller-carcpr15/entandokeycloakservers/test-keycloak-carcpr15 HTTP/1.1 and responded: HTTP/1.1 200 OK
Jan 27, 2021 8:05:14 AM okhttp3.mockwebserver.MockWebServer$3 processOneRequest
INFO: MockWebServer[58531] received request: GET /api/v1/namespaces/entando-k8s-composite-app-controller-carcpr15 HTTP/1.1 and responded: HTTP/1.1 200 OK
Jan 27, 2021 8:05:14 AM okhttp3.mockwebserver.MockWebServer$3 processOneRequest
INFO: MockWebServer[58531] received request: GET /apis/entando.org/v1/namespaces/entando-k8s-composite-app-controller-carcpr15/entandocompositeapps HTTP/1.1 and responded: HTTP/1.1 200 OK
Jan 27, 2021 8:05:14 AM okhttp3.mockwebserver.MockWebServer$3 processOneRequest
INFO: MockWebServer[58531] received request: GET /api/v1/namespaces/entando-k8s-composite-app-controller-carcpr15 HTTP/1.1 and responded: HTTP/1.1 200 OK
Jan 27, 2021 8:05:14 AM okhttp3.mockwebserver.MockWebServer$3 processOneRequest
INFO: MockWebServer[58531] received request: GET /apis/entando.org/v1/namespaces/entando-k8s-composite-app-controller-carcpr15/entandocompositeapps HTTP/1.1 and responded: HTTP/1.1 200 OK
Jan 27, 2021 8:05:15 AM okhttp3.mockwebserver.MockWebServer$3 processOneRequest
INFO: MockWebServer[58531] received request: GET /apis/entando.org/v1/namespaces/entando-k8s-composite-app-controller-carcpr15/entandocompositeapps/my-app-carcpr15 HTTP/1.1 and responded: HTTP/1.1 200 OK
Jan 27, 2021 8:05:15 AM okhttp3.mockwebserver.MockWebServer$3 processOneRequest
INFO: MockWebServer[58531] received request: GET /api/v1/namespaces/entando-k8s-composite-app-controller-carcpr15/pods?labelSelector=EntandoPlugin%3Dtest-plugin-carcpr15%2CEntandoResourceKind%3DEntandoPlugin HTTP/1.1 and responded: HTTP/1.1 200 OK
Jan 27, 2021 8:05:15 AM okhttp3.mockwebserver.MockWebServer$3 processOneRequest
INFO: MockWebServer[58531] received request: GET /api/v1/namespaces/entando-k8s-composite-app-controller-carcpr15/pods?labelSelector=EntandoPlugin%3Dtest-plugin-carcpr15%2CEntandoResourceKind%3DEntandoPlugin HTTP/1.1 and responded: HTTP/1.1 200 OK
Jan 27, 2021 8:05:15 AM okhttp3.mockwebserver.MockWebServer$3 processOneRequest
INFO: MockWebServer[58531] received request: GET /api/v1/namespaces/entando-k8s-composite-app-controller-carcpr15 HTTP/1.1 and responded: HTTP/1.1 200 OK
Jan 27, 2021 8:05:15 AM okhttp3.mockwebserver.MockWebServer$3 processOneRequest
INFO: MockWebServer[58531] received request: GET /apis/entando.org/v1/namespaces/entando-k8s-composite-app-controller-carcpr15/entandoplugins HTTP/1.1 and responded: HTTP/1.1 200 OK
Jan 27, 2021 8:05:15 AM okhttp3.mockwebserver.MockWebServer$3 processOneRequest
INFO: MockWebServer[58531] received request: GET /api/v1/namespaces/entando-k8s-composite-app-controller-carcpr15 HTTP/1.1 and responded: HTTP/1.1 200 OK
Jan 27, 2021 8:05:15 AM okhttp3.mockwebserver.MockWebServer$3 processOneRequest
INFO: MockWebServer[58531] received request: GET /apis/entando.org/v1/namespaces/entando-k8s-composite-app-controller-carcpr15/entandoplugins HTTP/1.1 and responded: HTTP/1.1 200 OK
Jan 27, 2021 8:05:15 AM okhttp3.mockwebserver.MockWebServer$3 processOneRequest
INFO: MockWebServer[58531] received request: GET /apis/entando.org/v1/namespaces/entando-k8s-composite-app-controller-carcpr15/entandoplugins/test-plugin-carcpr15 HTTP/1.1 and responded: HTTP/1.1 200 OK
Jan 27, 2021 8:05:15 AM okhttp3.mockwebserver.MockWebServer$3 processOneRequest
INFO: MockWebServer[58531] received request: GET /apis/entando.org/v1/namespaces/entando-k8s-composite-app-controller-carcpr15/entandocompositeapps/my-app-carcpr15 HTTP/1.1 and responded: HTTP/1.1 200 OK
Jan 27, 2021 8:05:16 AM okhttp3.mockwebserver.MockWebServer$3 processOneRequest
INFO: MockWebServer[58531] received request: GET /apis/entando.org/v1/namespaces/entando-k8s-composite-app-controller-carcpr15/entandocompositeapps/my-app-carcpr15 HTTP/1.1 and responded: HTTP/1.1 200 OK
Jan 27, 2021 8:05:16 AM okhttp3.mockwebserver.MockWebServer$3 processOneRequest
INFO: MockWebServer[58531] received request: GET /apis/entando.org/v1/namespaces/entando-k8s-composite-app-controller-carcpr15/entandocompositeapps/my-app-carcpr15 HTTP/1.1 and responded: HTTP/1.1 200 OK
Jan 27, 2021 8:05:16 AM okhttp3.mockwebserver.MockWebServer$3 processOneRequest
INFO: MockWebServer[58531] received request: GET /api/v1/namespaces/entando-k8s-composite-app-controller-carcpr15 HTTP/1.1 and responded: HTTP/1.1 200 OK
Jan 27, 2021 8:05:16 AM okhttp3.mockwebserver.MockWebServer$3 processOneRequest
INFO: MockWebServer[58531] received request: GET /apis/entando.org/v1/namespaces/entando-k8s-composite-app-controller-carcpr15/entandocompositeapps HTTP/1.1 and responded: HTTP/1.1 200 OK
Jan 27, 2021 8:05:16 AM okhttp3.mockwebserver.MockWebServer$3 processOneRequest
INFO: MockWebServer[58531] received request: GET /api/v1/namespaces/entando-k8s-composite-app-controller-carcpr15 HTTP/1.1 and responded: HTTP/1.1 200 OK
Jan 27, 2021 8:05:16 AM okhttp3.mockwebserver.MockWebServer$3 processOneRequest
INFO: MockWebServer[58531] received request: GET /apis/entando.org/v1/namespaces/entando-k8s-composite-app-controller-carcpr15/entandocompositeapps HTTP/1.1 and responded: HTTP/1.1 200 OK
Jan 27, 2021 8:05:16 AM okhttp3.mockwebserver.MockWebServer$3 processOneRequest
INFO: MockWebServer[58531] received request: GET /apis/entando.org/v1/namespaces/entando-k8s-composite-app-controller-carcpr15/entandocompositeapps/my-app-carcpr15 HTTP/1.1 and responded: HTTP/1.1 200 OK
Jan 27, 2021 8:05:16 AM okhttp3.mockwebserver.MockWebServer$2 acceptConnections
INFO: MockWebServer[58531] done accepting connections: Socket closed
[INFO] Tests run: 3, Failures: 0, Errors: 0, Skipped: 0, Time elapsed: 34.207 s - in org.entando.kubernetes.compositeapp.controller.inprocesstests.CompositeAppControllerMockedTest
[INFO] 
[INFO] Results:
[INFO] 
[INFO] Tests run: 3, Failures: 0, Errors: 0, Skipped: 0
[INFO] 
[INFO] 
[INFO] --- maven-jar-plugin:3.2.0:jar (default-jar) @ entando-k8s-composite-app-controller ---
[INFO] Building jar: /workspace/source/target/entando-k8s-composite-app-controller-0.0.0-SNAPSHOT-PR-15-7.jar
[INFO] 
[INFO] --- maven-jar-plugin:3.2.0:test-jar (build-test-jar) @ entando-k8s-composite-app-controller ---
[INFO] Building jar: /workspace/source/target/entando-k8s-composite-app-controller-0.0.0-SNAPSHOT-PR-15-7-tests.jar
[INFO] 
[INFO] --- maven-javadoc-plugin:3.2.0:jar (attach-javadocs) @ entando-k8s-composite-app-controller ---
[INFO] No previous run data found, generating javadoc.
[INFO] 
Loading source files for package org.entando.kubernetes.compositeapp.controller...
Constructing Javadoc information...
Standard Doclet version 11.0.6
Building tree for all the packages and classes...
Generating /workspace/source/target/apidocs/org/entando/kubernetes/compositeapp/controller/EntandoCompositeAppController.html...
Generating /workspace/source/target/apidocs/org/entando/kubernetes/compositeapp/controller/package-summary.html...
Generating /workspace/source/target/apidocs/org/entando/kubernetes/compositeapp/controller/package-tree.html...
Generating /workspace/source/target/apidocs/constant-values.html...
Generating /workspace/source/target/apidocs/org/entando/kubernetes/compositeapp/controller/class-use/EntandoCompositeAppController.html...
Generating /workspace/source/target/apidocs/org/entando/kubernetes/compositeapp/controller/package-use.html...
Building index for all the packages and classes...
Generating /workspace/source/target/apidocs/overview-tree.html...
Generating /workspace/source/target/apidocs/index-all.html...
Building index for all classes...
Generating /workspace/source/target/apidocs/allclasses-index.html...
Generating /workspace/source/target/apidocs/allpackages-index.html...
Generating /workspace/source/target/apidocs/deprecated-list.html...
Building index for all classes...
Generating /workspace/source/target/apidocs/allclasses.html...
Generating /workspace/source/target/apidocs/allclasses.html...
Generating /workspace/source/target/apidocs/index.html...
Generating /workspace/source/target/apidocs/help-doc.html...
[INFO] Building jar: /workspace/source/target/entando-k8s-composite-app-controller-0.0.0-SNAPSHOT-PR-15-7-javadoc.jar
[INFO] 
[INFO] --- license-maven-plugin:2.0.0:aggregate-download-licenses (download-licenses) @ entando-k8s-composite-app-controller ---
[WARNING] No license information available for: com.sun.org.apache:jaxp-ri:1.4
[WARNING] No license information available for: javax.xml.parsers:jaxp-api:1.4
[WARNING] Unable to retrieve license from URL 'http://www.apache.org/licenses/LICENSE-2.0.html' for dependency 'io.quarkus.arc:arc:1.2.0.Final': Read timed out
[WARNING] Unable to retrieve license from URL 'https://glassfish.dev.java.net/nonav/public/CDDL+GPL.html' for dependency 'javax.servlet:javax.servlet-api:3.0.1': Certificate for <glassfish.dev.java.net> doesn't match any of the subject alternative names: [*.java.net, java.net]
[WARNING] Unable to retrieve license from URL 'LICENSE.txt' for dependency 'org.awaitility:awaitility:4.0.1': null
Jan 27, 2021 8:05:39 AM org.apache.http.client.protocol.ResponseProcessCookies processCookies
WARNING: Invalid cookie header: "Set-Cookie: _octo=GH1.1.1283653199.1611734739; Path=/; Domain=github.com; Expires=Thu, 27 Jan 2022 08:05:39 GMT; Secure; SameSite=Lax". Invalid 'expires' attribute: Thu, 27 Jan 2022 08:05:39 GMT
Jan 27, 2021 8:05:39 AM org.apache.http.client.protocol.ResponseProcessCookies processCookies
WARNING: Invalid cookie header: "Set-Cookie: logged_in=no; Path=/; Domain=github.com; Expires=Thu, 27 Jan 2022 08:05:39 GMT; HttpOnly; Secure; SameSite=Lax". Invalid 'expires' attribute: Thu, 27 Jan 2022 08:05:39 GMT
Jan 27, 2021 8:05:39 AM org.apache.http.client.protocol.ResponseProcessCookies processCookies
WARNING: Invalid cookie header: "Set-Cookie: _octo=GH1.1.837379269.1611734739; Path=/; Domain=github.com; Expires=Thu, 27 Jan 2022 08:05:39 GMT; Secure; SameSite=Lax". Invalid 'expires' attribute: Thu, 27 Jan 2022 08:05:39 GMT
Jan 27, 2021 8:05:39 AM org.apache.http.client.protocol.ResponseProcessCookies processCookies
WARNING: Invalid cookie header: "Set-Cookie: logged_in=no; Path=/; Domain=github.com; Expires=Thu, 27 Jan 2022 08:05:39 GMT; HttpOnly; Secure; SameSite=Lax". Invalid 'expires' attribute: Thu, 27 Jan 2022 08:05:39 GMT
[WARNING] There were 5 download errors - check the warnings above
[INFO] 
[INFO] --- quarkus-maven-plugin:1.2.0.Final:build (default) @ entando-k8s-composite-app-controller ---
[WARNING] [io.quarkus.creator.curator.Curator] These dependencies are not recommended:
	- javax.servlet:javax.servlet-api should be replaced by jakarta.servlet:jakarta.servlet-api
You might end up with two different versions of the same classes or with an artifact you shouldn't have in your classpath.
[INFO] [org.jboss.threads] JBoss Threads version 3.0.0.Final
[INFO] [io.quarkus.deployment.pkg.steps.JarResultBuildStep] Building thin jar: /workspace/source/target/entando-k8s-composite-app-controller-0.0.0-SNAPSHOT-PR-15-7-runner.jar
[INFO] [io.quarkus.deployment.QuarkusAugmentor] Quarkus augmentation completed in 1494ms
[INFO] 
[INFO] --- maven-surefire-report-plugin:3.0.0-M4:failsafe-report-only (integration-tests) @ entando-k8s-composite-app-controller ---
[INFO] 
[INFO] --- dependency-check-maven:6.0.3:aggregate (default) @ entando-k8s-composite-app-controller ---
[INFO] Checking for updates
[INFO] Skipping NVD check since last check was within 4 hours.
[INFO] Check for updates complete (76 ms)
[INFO] 

Dependency-Check is an open source tool performing a best effort analysis of 3rd party dependencies; false positives and false negatives may exist in the analysis performed by the tool. Use of the tool and the reporting provided constitutes acceptance for use in an AS IS condition, and there are NO warranties, implied or otherwise, with regard to the analysis or its use. Any use of the tool and the reporting provided is at the userâ€™s risk. In no event shall the copyright holder or OWASP be held liable for any damages whatsoever arising out of or in connection with the use of this tool, the analysis performed, or the resulting report.


[INFO] Analysis Started
[INFO] Finished Archive Analyzer (0 seconds)
[INFO] Finished File Name Analyzer (0 seconds)
[INFO] Finished Jar Analyzer (0 seconds)
[INFO] Finished Dependency Merging Analyzer (0 seconds)
[INFO] Finished Version Filter Analyzer (0 seconds)
[INFO] Finished Hint Analyzer (0 seconds)
[INFO] Created CPE Index (2 seconds)
[INFO] Finished CPE Analyzer (4 seconds)
[INFO] Finished False Positive Analyzer (0 seconds)
[INFO] Finished NVD CVE Analyzer (0 seconds)
[INFO] Finished Sonatype OSS Index Analyzer (1 seconds)
[INFO] Finished Vulnerability Suppression Analyzer (0 seconds)
[INFO] Finished Dependency Bundling Analyzer (0 seconds)
[INFO] Analysis Complete (8 seconds)
[INFO] 
[INFO] --- jacoco-maven-plugin:0.8.5:report (report) @ entando-k8s-composite-app-controller ---
[INFO] Loading e**cution data file /workspace/source/target/jacoco.e**c
[INFO] Analyzed bundle 'Entando K8S Composite App Controller' with 1 classes
[INFO] 
[INFO] --- maven-surefire-report-plugin:3.0.0-M4:report-only (unit-tests) @ entando-k8s-composite-app-controller ---
[WARNING] Unable to locate Test Source XRef to link to - DISABLED
[INFO] 
[INFO] --- maven-install-plugin:2.4:install (default-install) @ entando-k8s-composite-app-controller ---
[INFO] Installing /workspace/source/target/entando-k8s-composite-app-controller-0.0.0-SNAPSHOT-PR-15-7.jar to /home/jenkins/.mvnrepository/org/entando/entando-k8s-composite-app-controller/0.0.0-SNAPSHOT-PR-15-7/entando-k8s-composite-app-controller-0.0.0-SNAPSHOT-PR-15-7.jar
[INFO] Installing /workspace/source/pom.xml to /home/jenkins/.mvnrepository/org/entando/entando-k8s-composite-app-controller/0.0.0-SNAPSHOT-PR-15-7/entando-k8s-composite-app-controller-0.0.0-SNAPSHOT-PR-15-7.pom
[INFO] Installing /workspace/source/target/entando-k8s-composite-app-controller-0.0.0-SNAPSHOT-PR-15-7-tests.jar to /home/jenkins/.mvnrepository/org/entando/entando-k8s-composite-app-controller/0.0.0-SNAPSHOT-PR-15-7/entando-k8s-composite-app-controller-0.0.0-SNAPSHOT-PR-15-7-tests.jar
[INFO] Installing /workspace/source/target/entando-k8s-composite-app-controller-0.0.0-SNAPSHOT-PR-15-7-javadoc.jar to /home/jenkins/.mvnrepository/org/entando/entando-k8s-composite-app-controller/0.0.0-SNAPSHOT-PR-15-7/entando-k8s-composite-app-controller-0.0.0-SNAPSHOT-PR-15-7-javadoc.jar
[INFO] 
[INFO] --- maven-deploy-plugin:2.8.2:deploy (default-deploy) @ entando-k8s-composite-app-controller ---
[INFO] Using alternate deployment repository local-nexus::default::http://nexus/repository/maven-releases/
[INFO] 
[INFO] ----------< org.entando:entando-k8s-composite-app-controller >----------
[INFO] Building Entando K8S Composite App Controller 0.0.0-SNAPSHOT-PR-15-7
[INFO] --------------------------------[ jar ]---------------------------------
[INFO] 
[INFO] --- sonar-maven-plugin:3.8.0.2131:sonar (default-cli) @ entando-k8s-composite-app-controller ---
[INFO] User cache: /****/.sonar/cache
[INFO] SonarQube version: 8.5.0
[INFO] Default locale: "en_US", source code encoding: "UTF-8"
[INFO] Load global settings
[INFO] Load global settings (done) | time=197ms
[INFO] Server id: 1BD809FA-AWHW8ct9-T_TB3XqouNu
[INFO] User cache: /****/.sonar/cache
[INFO] Load/download plugins
[INFO] Load plugins index
[INFO] Load plugins index (done) | time=73ms
[INFO] Load/download plugins (done) | time=22186ms
[INFO] Loaded core extensions: developer-scanner
[INFO] JavaScript/TypeScript frontend is enabled
[INFO] Load project settings for component key: 'entando-k8s_entando-k8s-composite-app-controller'
[INFO] Load project settings for component key: 'entando-k8s_entando-k8s-composite-app-controller' (done) | time=27ms
[INFO] Process project properties
[INFO] E**cute project builders
[INFO] E**cute project builders (done) | time=2ms
[INFO] Project key: entando-k8s_entando-k8s-composite-app-controller
[INFO] Base dir: /workspace/source
[INFO] Working dir: /workspace/source/target/sonar
[INFO] Load project branches
[INFO] Load project branches (done) | time=24ms
[INFO] Check ALM binding of project 'entando-k8s_entando-k8s-composite-app-controller'
[INFO] Detected project binding: BOUND
[INFO] Check ALM binding of project 'entando-k8s_entando-k8s-composite-app-controller' (done) | time=23ms
[INFO] Load project pull requests
[INFO] Load project pull requests (done) | time=56ms
[INFO] Load branch configuration
[INFO] Load branch configuration (done) | time=1074ms
[INFO] Load quality profiles
[INFO] Load quality profiles (done) | time=98ms
[INFO] Load active rules
[INFO] Load active rules (done) | time=1276ms
[INFO] Organization key: entando-k8s
[INFO] Pull request 15 for merge into master from ENG-1742_redhat_certification
[INFO] SCM collecting changed files in the branch
[WARNING] Exception caught during e**cution of command '[/usr/local/git/bin/git, config, --******, --edit]' in '/usr/local/git/bin', return code '128', error message 'fatal: Invalid path '/usr/local/git/etc': No such file or directory
'
[INFO] SCM collecting changed files in the branch (done) | time=333ms
[INFO] Indexing files...
[INFO] Project configuration:
[INFO] 7 files inde**d
[INFO] 0 files ignored because of scm ignore settings
[INFO] Quality profile for java: Sonar way
[INFO] Quality profile for xml: Sonar way
[INFO] ------------- Run sensors on module Entando K8S Composite App Controller
[INFO] JavaScript/TypeScript frontend is enabled
[INFO] Load metrics repository
[INFO] Load metrics repository (done) | time=29ms
[INFO] Sensor JavaSquidSensor [java]
[INFO] Configured Java source version (sonar.java.source): 8
[INFO] JavaClasspath initialization
[INFO] JavaClasspath initialization (done) | time=21ms
[INFO] JavaTestClasspath initialization
[INFO] JavaTestClasspath initialization (done) | time=1ms
[INFO] Java Main Files AST scan
[INFO] 1 source files to be analyzed
[INFO] 1/1 source files have been analyzed
[INFO] Java Main Files AST scan (done) | time=2665ms
[INFO] Java Test Files AST scan
[INFO] 5 source files to be analyzed
[INFO] Java Test Files AST scan (done) | time=675ms
[INFO] Java Generated Files AST scan
[INFO] 0 source files to be analyzed
[INFO] 5/5 source files have been analyzed
[INFO] Java Generated Files AST scan (done) | time=5ms
[INFO] Sensor JavaSquidSensor [java] (done) | time=3795ms
[INFO] 0/0 source files have been analyzed
[INFO] Sensor SonarCSS Rules [cssfamily]
[INFO] No CSS, PHP, HTML or VueJS files are found in the project. CSS analysis is skipped.
[INFO] Sensor SonarCSS Rules [cssfamily] (done) | time=1ms
[INFO] Sensor C# Properties [csharp]
[INFO] Sensor C# Properties [csharp] (done) | time=1ms
[INFO] Sensor Import of Checkstyle issues [java]
[INFO] Importing /workspace/source/target/checkstyle-result.xml
[INFO] Sensor Import of Checkstyle issues [java] (done) | time=84ms
[INFO] Sensor SurefireSensor [java]
[INFO] parsing [/workspace/source/target/surefire-reports]
[INFO] Sensor SurefireSensor [java] (done) | time=46ms
[INFO] Sensor JavaXmlSensor [java]
[INFO] 1 source files to be analyzed
[INFO] Sensor JavaXmlSensor [java] (done) | time=229ms
[INFO] 1/1 source files have been analyzed
[INFO] Sensor HTML [web]
[INFO] Sensor HTML [web] (done) | time=5ms
[INFO] Sensor XML Sensor [xml]
[INFO] 1 source files to be analyzed
[INFO] Sensor XML Sensor [xml] (done) | time=200ms
[INFO] 1/1 source files have been analyzed
[INFO] Sensor VB.NET Properties [vbnet]
[INFO] Sensor VB.NET Properties [vbnet] (done) | time=2ms
[INFO] Sensor JaCoCo XML Report Importer [jacoco]
[INFO] Importing 1 report(s). Turn your logs in debug mode in order to see the exhaustive list.
[INFO] Sensor JaCoCo XML Report Importer [jacoco] (done) | time=27ms
[INFO] Sensor ThymeLeaf template sensor [securityjavafrontend]
[INFO] Sensor ThymeLeaf template sensor [securityjavafrontend] (done) | time=2ms
[INFO] Sensor JavaSecuritySensor [security]
[INFO] Reading type hierarchy from: /workspace/source/target/sonar/ucfg2/java
[INFO] Read 49 type definitions
[INFO] Reading UCFGs from: /workspace/source/target/sonar/ucfg2/java
[INFO] 08:06:34.256022 Building Runtime Type propagation graph
[INFO] 08:06:34.267736 Running Tarjan on 56 nodes
[INFO] 08:06:34.270252 Tarjan found 50 components
[INFO] 08:06:34.273246 Variable type analysis: done
[INFO] 08:06:34.274155 Building Runtime Type propagation graph
[INFO] 08:06:34.276693 Running Tarjan on 56 nodes
[INFO] 08:06:34.277319 Tarjan found 50 components
[INFO] 08:06:34.277905 Variable type analysis: done
[INFO] Analyzing 10 ucfgs to detect vulnerabilities.
[INFO] All rules entrypoints : 0 Retained UCFGs : 0
[INFO] rule: S5131, entrypoints: 0
[INFO] rule: S5131 done
[INFO] rule: S3649, entrypoints: 0
[INFO] rule: S3649 done
[INFO] rule: S2076, entrypoints: 0
[INFO] rule: S2076 done
[INFO] rule: S2091, entrypoints: 0
[INFO] rule: S2091 done
[INFO] rule: S2078, entrypoints: 0
[INFO] rule: S2078 done
[INFO] rule: S2631, entrypoints: 0
[INFO] rule: S2631 done
[INFO] rule: S5135, entrypoints: 0
[INFO] rule: S5135 done
[INFO] rule: S2083, entrypoints: 0
[INFO] rule: S2083 done
[INFO] rule: S5167, entrypoints: 0
[INFO] rule: S5167 done
[INFO] rule: S5144, entrypoints: 0
[INFO] rule: S5144 done
[INFO] rule: S5145, entrypoints: 0
[INFO] rule: S5145 done
[INFO] rule: S5146, entrypoints: 0
[INFO] rule: S5146 done
[INFO] rule: S5334, entrypoints: 0
[INFO] rule: S5334 done
[INFO] Sensor JavaSecuritySensor [security] (done) | time=407ms
[INFO] Sensor CSharpSecuritySensor [security]
[INFO] Reading type hierarchy from: /workspace/source/target/ucfg_cs2
[INFO] Read 0 type definitions
[INFO] Reading UCFGs from: /workspace/source/target/ucfg_cs2
[INFO] No UCFGs have been included for analysis.
[INFO] Sensor CSharpSecuritySensor [security] (done) | time=1ms
[INFO] Sensor PhpSecuritySensor [security]
[INFO] Reading type hierarchy from: /workspace/source/target/sonar/ucfg2/php
[INFO] Read 0 type definitions
[INFO] Reading UCFGs from: /workspace/source/target/sonar/ucfg2/php
[INFO] No UCFGs have been included for analysis.
[INFO] Sensor PhpSecuritySensor [security] (done) | time=1ms
[INFO] Sensor PythonSecuritySensor [security]
[INFO] Reading type hierarchy from: /workspace/source/target/sonar/ucfg2/python
[INFO] Read 0 type definitions
[INFO] Reading UCFGs from: /workspace/source/target/sonar/ucfg2/python
[INFO] No UCFGs have been included for analysis.
[INFO] Sensor PythonSecuritySensor [security] (done) | time=2ms
[INFO] Sensor JsSecuritySensor [security]
[INFO] Reading type hierarchy from: /workspace/source/target/sonar/ucfg2/js
[INFO] Read 0 type definitions
[INFO] Reading UCFGs from: /workspace/source/target/sonar/ucfg2/js
[INFO] No UCFGs have been included for analysis.
[INFO] Sensor JsSecuritySensor [security] (done) | time=2ms
[INFO] ------------- Run sensors on project
[INFO] Sensor Zero Coverage Sensor
[INFO] Sensor Zero Coverage Sensor (done) | time=1ms
[INFO] Sensor Java CPD Block Inde**r
[INFO] Sensor Java CPD Block Inde**r (done) | time=36ms
[INFO] SCM Publisher SCM provider for this project is: git
[INFO] SCM Publisher 6 source files to be analyzed
[INFO] SCM Publisher 5/6 source files have been analyzed (done) | time=105ms
[WARNING] Missing blame information for the following files:
[WARNING]   * pom.xml
[WARNING] This may lead to missing/broken features in SonarCloud
[INFO] CPD E**cutor Calculating CPD for 1 file
[INFO] CPD E**cutor CPD calculation finished (done) | time=10ms
[INFO] SCM writing changed lines
[INFO] SCM writing changed lines (done) | time=83ms
[INFO] Analysis report generated in 211ms, dir size=242 KB
[INFO] Analysis report compressed in 22ms, zip size=62 KB
[INFO] Analysis report uploaded in 170ms
[INFO] ANALYSIS SUCCESSFUL, you can find the results at: https://sonarcloud.io/dashboard?id=entando-k8s_entando-k8s-composite-app-controller&pullRequest=15
[INFO] Note that you will be able to access the updated dashboard once the server has processed the submitted analysis report
[INFO] More about the report processing at https://sonarcloud.io/api/ce/task?id=AXdC4ULT4q0gOjAGaSyz
[INFO] Analysis total time: 11.630 s
[INFO] ------------------------------------------------------------------------
[INFO] BUILD SUCCESS
[INFO] ------------------------------------------------------------------------
[INFO] Total time:  02:09 min
[INFO] Finished at: 2021-01-27T08:06:35Z
[INFO] ------------------------------------------------------------------------
Picked up _JAVA_OPTIONS: -XX:+UnlockExperimentalVMOptions -Dsun.zip.disableMemoryMapping=**** -XX:+UseParallelGC -XX:MinHeapFreeRatio=5 -XX:MaxHeapFreeRatio=10 -XX:GCTimeRatio=4 -XX:AdaptiveSizePolicyWeight=90 -Xms1000m -Xmx12000m
[INFO] Scanning for projects...
[INFO] 
[INFO] ----------< org.entando:entando-k8s-composite-app-controller >----------
[INFO] Building Entando K8S Composite App Controller 0.0.0-SNAPSHOT-PR-15-7
[INFO] --------------------------------[ jar ]---------------------------------
[INFO] 
[INFO] --- maven-site-plugin:3.9.0:site (default-site) @ entando-k8s-composite-app-controller ---
[INFO] configuring report plugin org.apache.maven.plugins:maven-project-info-reports-plugin:3.0.0
[INFO] 9 reports configured for maven-project-info-reports-plugin:3.0.0: dependency-info, distribution-management, index, ci-management, issue-management, licenses, plugins, scm, summary
[INFO] Rendering site with default locale English (en)
[WARNING] Unable to find a URL to the parent project. The parent menu will NOT be added.
[INFO] Relativizing decoration links with respect to localized project URL: https://central.entando.com
[INFO] Rendering content with org.apache.maven.skins:maven-default-skin:jar:1.3 skin.
[INFO] Generating "Dependency Information" report --- maven-project-info-reports-plugin:3.0.0:dependency-info
[INFO] Generating "About" report         --- maven-project-info-reports-plugin:3.0.0:index
[INFO] Generating "Issue Management" report --- maven-project-info-reports-plugin:3.0.0:issue-management
[INFO] Generating "Licenses" report      --- maven-project-info-reports-plugin:3.0.0:licenses
[INFO] Generating "Plugins" report       --- maven-project-info-reports-plugin:3.0.0:plugins
[INFO] Generating "Source Code Management" report --- maven-project-info-reports-plugin:3.0.0:scm
[INFO] Generating "Summary" report       --- maven-project-info-reports-plugin:3.0.0:summary
[INFO] ------------------------------------------------------------------------
[INFO] BUILD SUCCESS
[INFO] ------------------------------------------------------------------------
[INFO] Total time:  7.793 s
[INFO] Finished at: 2021-01-27T08:06:44Z
[INFO] ------------------------------------------------------------------------
shallow cloning https://github.com/entando-k8s/devops-results.git branch gh-pages
ran git init in /tmp/jenkins-x-collect069358252
ran git add remote origin https://github.com/entando-k8s/devops-results.git in /tmp/jenkins-x-collect069358252
ran git fetch origin --depth=1 gh-pages in dir /tmp/jenkins-x-collect069358252
Publishing https://raw.githubusercontent.com/entando-k8s/devops-results/gh-pages/entando-k8s-composite-app-controller/PR-15/checkstyle.html
Publishing https://raw.githubusercontent.com/entando-k8s/devops-results/gh-pages/entando-k8s-composite-app-controller/PR-15/checkstyle.rss
Publishing https://raw.githubusercontent.com/entando-k8s/devops-results/gh-pages/entando-k8s-composite-app-controller/PR-15/css/maven-base.css
Publishing https://raw.githubusercontent.com/entando-k8s/devops-results/gh-pages/entando-k8s-composite-app-controller/PR-15/css/maven-theme.css
Publishing https://raw.githubusercontent.com/entando-k8s/devops-results/gh-pages/entando-k8s-composite-app-controller/PR-15/css/print.css
Publishing https://raw.githubusercontent.com/entando-k8s/devops-results/gh-pages/entando-k8s-composite-app-controller/PR-15/css/site.css
Publishing https://raw.githubusercontent.com/entando-k8s/devops-results/gh-pages/entando-k8s-composite-app-controller/PR-15/dependency-check-junit.xml
Publishing https://raw.githubusercontent.com/entando-k8s/devops-results/gh-pages/entando-k8s-composite-app-controller/PR-15/dependency-check-report.html
Publishing https://raw.githubusercontent.com/entando-k8s/devops-results/gh-pages/entando-k8s-composite-app-controller/PR-15/dependency-check-report.xml
Publishing https://raw.githubusercontent.com/entando-k8s/devops-results/gh-pages/entando-k8s-composite-app-controller/PR-15/dependency-info.html
Publishing https://raw.githubusercontent.com/entando-k8s/devops-results/gh-pages/entando-k8s-composite-app-controller/PR-15/images/collapsed.gif
Publishing https://raw.githubusercontent.com/entando-k8s/devops-results/gh-pages/entando-k8s-composite-app-controller/PR-15/images/expanded.gif
Publishing https://raw.githubusercontent.com/entando-k8s/devops-results/gh-pages/entando-k8s-composite-app-controller/PR-15/images/external.png
Publishing https://raw.githubusercontent.com/entando-k8s/devops-results/gh-pages/entando-k8s-composite-app-controller/PR-15/images/icon_error_sml.gif
Publishing https://raw.githubusercontent.com/entando-k8s/devops-results/gh-pages/entando-k8s-composite-app-controller/PR-15/images/icon_info_sml.gif
Publishing https://raw.githubusercontent.com/entando-k8s/devops-results/gh-pages/entando-k8s-composite-app-controller/PR-15/images/icon_success_sml.gif
Publishing https://raw.githubusercontent.com/entando-k8s/devops-results/gh-pages/entando-k8s-composite-app-controller/PR-15/images/icon_warning_sml.gif
Publishing https://raw.githubusercontent.com/entando-k8s/devops-results/gh-pages/entando-k8s-composite-app-controller/PR-15/images/logos/build-by-maven-black.png
Publishing https://raw.githubusercontent.com/entando-k8s/devops-results/gh-pages/entando-k8s-composite-app-controller/PR-15/images/logos/build-by-maven-white.png
Publishing https://raw.githubusercontent.com/entando-k8s/devops-results/gh-pages/entando-k8s-composite-app-controller/PR-15/images/logos/maven-feather.png
Publishing https://raw.githubusercontent.com/entando-k8s/devops-results/gh-pages/entando-k8s-composite-app-controller/PR-15/images/newwindow.png
Publishing https://raw.githubusercontent.com/entando-k8s/devops-results/gh-pages/entando-k8s-composite-app-controller/PR-15/images/rss.png
Publishing https://raw.githubusercontent.com/entando-k8s/devops-results/gh-pages/entando-k8s-composite-app-controller/PR-15/index.html
Publishing https://raw.githubusercontent.com/entando-k8s/devops-results/gh-pages/entando-k8s-composite-app-controller/PR-15/issue-management.html
Publishing https://raw.githubusercontent.com/entando-k8s/devops-results/gh-pages/entando-k8s-composite-app-controller/PR-15/jacoco/index.html
Publishing https://raw.githubusercontent.com/entando-k8s/devops-results/gh-pages/entando-k8s-composite-app-controller/PR-15/jacoco/jacoco-resources/branchfc.gif
Publishing https://raw.githubusercontent.com/entando-k8s/devops-results/gh-pages/entando-k8s-composite-app-controller/PR-15/jacoco/jacoco-resources/branchnc.gif
Publishing https://raw.githubusercontent.com/entando-k8s/devops-results/gh-pages/entando-k8s-composite-app-controller/PR-15/jacoco/jacoco-resources/branchpc.gif
Publishing https://raw.githubusercontent.com/entando-k8s/devops-results/gh-pages/entando-k8s-composite-app-controller/PR-15/jacoco/jacoco-resources/bundle.gif
Publishing https://raw.githubusercontent.com/entando-k8s/devops-results/gh-pages/entando-k8s-composite-app-controller/PR-15/jacoco/jacoco-resources/class.gif
Publishing https://raw.githubusercontent.com/entando-k8s/devops-results/gh-pages/entando-k8s-composite-app-controller/PR-15/jacoco/jacoco-resources/down.gif
Publishing https://raw.githubusercontent.com/entando-k8s/devops-results/gh-pages/entando-k8s-composite-app-controller/PR-15/jacoco/jacoco-resources/greenbar.gif
Publishing https://raw.githubusercontent.com/entando-k8s/devops-results/gh-pages/entando-k8s-composite-app-controller/PR-15/jacoco/jacoco-resources/group.gif
Publishing https://raw.githubusercontent.com/entando-k8s/devops-results/gh-pages/entando-k8s-composite-app-controller/PR-15/jacoco/jacoco-resources/method.gif
Publishing https://raw.githubusercontent.com/entando-k8s/devops-results/gh-pages/entando-k8s-composite-app-controller/PR-15/jacoco/jacoco-resources/package.gif
Publishing https://raw.githubusercontent.com/entando-k8s/devops-results/gh-pages/entando-k8s-composite-app-controller/PR-15/jacoco/jacoco-resources/prettify.css
Publishing https://raw.githubusercontent.com/entando-k8s/devops-results/gh-pages/entando-k8s-composite-app-controller/PR-15/jacoco/jacoco-resources/prettify.js
Publishing https://raw.githubusercontent.com/entando-k8s/devops-results/gh-pages/entando-k8s-composite-app-controller/PR-15/jacoco/jacoco-resources/redbar.gif
Publishing https://raw.githubusercontent.com/entando-k8s/devops-results/gh-pages/entando-k8s-composite-app-controller/PR-15/jacoco/jacoco-resources/report.css
Publishing https://raw.githubusercontent.com/entando-k8s/devops-results/gh-pages/entando-k8s-composite-app-controller/PR-15/jacoco/jacoco-resources/report.gif
Publishing https://raw.githubusercontent.com/entando-k8s/devops-results/gh-pages/entando-k8s-composite-app-controller/PR-15/jacoco/jacoco-resources/session.gif
Publishing https://raw.githubusercontent.com/entando-k8s/devops-results/gh-pages/entando-k8s-composite-app-controller/PR-15/jacoco/jacoco-resources/sort.gif
Publishing https://raw.githubusercontent.com/entando-k8s/devops-results/gh-pages/entando-k8s-composite-app-controller/PR-15/jacoco/jacoco-resources/sort.js
Publishing https://raw.githubusercontent.com/entando-k8s/devops-results/gh-pages/entando-k8s-composite-app-controller/PR-15/jacoco/jacoco-resources/source.gif
Publishing https://raw.githubusercontent.com/entando-k8s/devops-results/gh-pages/entando-k8s-composite-app-controller/PR-15/jacoco/jacoco-resources/up.gif
Publishing https://raw.githubusercontent.com/entando-k8s/devops-results/gh-pages/entando-k8s-composite-app-controller/PR-15/jacoco/jacoco-sessions.html
Publishing https://raw.githubusercontent.com/entando-k8s/devops-results/gh-pages/entando-k8s-composite-app-controller/PR-15/jacoco/jacoco.csv
Publishing https://raw.githubusercontent.com/entando-k8s/devops-results/gh-pages/entando-k8s-composite-app-controller/PR-15/jacoco/jacoco.xml
Publishing https://raw.githubusercontent.com/entando-k8s/devops-results/gh-pages/entando-k8s-composite-app-controller/PR-15/jacoco/org.entando.kubernetes.compositeapp.controller/EntandoCompositeAppController.html
Publishing https://raw.githubusercontent.com/entando-k8s/devops-results/gh-pages/entando-k8s-composite-app-controller/PR-15/jacoco/org.entando.kubernetes.compositeapp.controller/EntandoCompositeAppController.java.html
Publishing https://raw.githubusercontent.com/entando-k8s/devops-results/gh-pages/entando-k8s-composite-app-controller/PR-15/jacoco/org.entando.kubernetes.compositeapp.controller/index.html
Publishing https://raw.githubusercontent.com/entando-k8s/devops-results/gh-pages/entando-k8s-composite-app-controller/PR-15/jacoco/org.entando.kubernetes.compositeapp.controller/index.source.html
Publishing https://raw.githubusercontent.com/entando-k8s/devops-results/gh-pages/entando-k8s-composite-app-controller/PR-15/licenses.html
Publishing https://raw.githubusercontent.com/entando-k8s/devops-results/gh-pages/entando-k8s-composite-app-controller/PR-15/plugins.html
Publishing https://raw.githubusercontent.com/entando-k8s/devops-results/gh-pages/entando-k8s-composite-app-controller/PR-15/project-info.html
Publishing https://raw.githubusercontent.com/entando-k8s/devops-results/gh-pages/entando-k8s-composite-app-controller/PR-15/scm.html
Publishing https://raw.githubusercontent.com/entando-k8s/devops-results/gh-pages/entando-k8s-composite-app-controller/PR-15/summary.html
Publishing https://raw.githubusercontent.com/entando-k8s/devops-results/gh-pages/entando-k8s-composite-app-controller/PR-15/surefire-report.html
stashed: https://raw.githubusercontent.com/entando-k8s/devops-results/gh-pages/entando-k8s-composite-app-controller/PR-15/checkstyle.html
stashed: https://raw.githubusercontent.com/entando-k8s/devops-results/gh-pages/entando-k8s-composite-app-controller/PR-15/checkstyle.rss
stashed: https://raw.githubusercontent.com/entando-k8s/devops-results/gh-pages/entando-k8s-composite-app-controller/PR-15/css/maven-base.css
stashed: https://raw.githubusercontent.com/entando-k8s/devops-results/gh-pages/entando-k8s-composite-app-controller/PR-15/css/maven-theme.css
stashed: https://raw.githubusercontent.com/entando-k8s/devops-results/gh-pages/entando-k8s-composite-app-controller/PR-15/css/print.css
stashed: https://raw.githubusercontent.com/entando-k8s/devops-results/gh-pages/entando-k8s-composite-app-controller/PR-15/css/site.css
stashed: https://raw.githubusercontent.com/entando-k8s/devops-results/gh-pages/entando-k8s-composite-app-controller/PR-15/dependency-check-junit.xml
stashed: https://raw.githubusercontent.com/entando-k8s/devops-results/gh-pages/entando-k8s-composite-app-controller/PR-15/dependency-check-report.html
stashed: https://raw.githubusercontent.com/entando-k8s/devops-results/gh-pages/entando-k8s-composite-app-controller/PR-15/dependency-check-report.xml
stashed: https://raw.githubusercontent.com/entando-k8s/devops-results/gh-pages/entando-k8s-composite-app-controller/PR-15/dependency-info.html
stashed: https://raw.githubusercontent.com/entando-k8s/devops-results/gh-pages/entando-k8s-composite-app-controller/PR-15/images/collapsed.gif
stashed: https://raw.githubusercontent.com/entando-k8s/devops-results/gh-pages/entando-k8s-composite-app-controller/PR-15/images/expanded.gif
stashed: https://raw.githubusercontent.com/entando-k8s/devops-results/gh-pages/entando-k8s-composite-app-controller/PR-15/images/external.png
stashed: https://raw.githubusercontent.com/entando-k8s/devops-results/gh-pages/entando-k8s-composite-app-controller/PR-15/images/icon_error_sml.gif
stashed: https://raw.githubusercontent.com/entando-k8s/devops-results/gh-pages/entando-k8s-composite-app-controller/PR-15/images/icon_info_sml.gif
stashed: https://raw.githubusercontent.com/entando-k8s/devops-results/gh-pages/entando-k8s-composite-app-controller/PR-15/images/icon_success_sml.gif
stashed: https://raw.githubusercontent.com/entando-k8s/devops-results/gh-pages/entando-k8s-composite-app-controller/PR-15/images/icon_warning_sml.gif
stashed: https://raw.githubusercontent.com/entando-k8s/devops-results/gh-pages/entando-k8s-composite-app-controller/PR-15/images/logos/build-by-maven-black.png
stashed: https://raw.githubusercontent.com/entando-k8s/devops-results/gh-pages/entando-k8s-composite-app-controller/PR-15/images/logos/build-by-maven-white.png
stashed: https://raw.githubusercontent.com/entando-k8s/devops-results/gh-pages/entando-k8s-composite-app-controller/PR-15/images/logos/maven-feather.png
stashed: https://raw.githubusercontent.com/entando-k8s/devops-results/gh-pages/entando-k8s-composite-app-controller/PR-15/images/newwindow.png
stashed: https://raw.githubusercontent.com/entando-k8s/devops-results/gh-pages/entando-k8s-composite-app-controller/PR-15/images/rss.png
stashed: https://raw.githubusercontent.com/entando-k8s/devops-results/gh-pages/entando-k8s-composite-app-controller/PR-15/index.html
stashed: https://raw.githubusercontent.com/entando-k8s/devops-results/gh-pages/entando-k8s-composite-app-controller/PR-15/issue-management.html
stashed: https://raw.githubusercontent.com/entando-k8s/devops-results/gh-pages/entando-k8s-composite-app-controller/PR-15/jacoco/index.html
stashed: https://raw.githubusercontent.com/entando-k8s/devops-results/gh-pages/entando-k8s-composite-app-controller/PR-15/jacoco/jacoco-resources/branchfc.gif
stashed: https://raw.githubusercontent.com/entando-k8s/devops-results/gh-pages/entando-k8s-composite-app-controller/PR-15/jacoco/jacoco-resources/branchnc.gif
stashed: https://raw.githubusercontent.com/entando-k8s/devops-results/gh-pages/entando-k8s-composite-app-controller/PR-15/jacoco/jacoco-resources/branchpc.gif
stashed: https://raw.githubusercontent.com/entando-k8s/devops-results/gh-pages/entando-k8s-composite-app-controller/PR-15/jacoco/jacoco-resources/bundle.gif
stashed: https://raw.githubusercontent.com/entando-k8s/devops-results/gh-pages/entando-k8s-composite-app-controller/PR-15/jacoco/jacoco-resources/class.gif
stashed: https://raw.githubusercontent.com/entando-k8s/devops-results/gh-pages/entando-k8s-composite-app-controller/PR-15/jacoco/jacoco-resources/down.gif
stashed: https://raw.githubusercontent.com/entando-k8s/devops-results/gh-pages/entando-k8s-composite-app-controller/PR-15/jacoco/jacoco-resources/greenbar.gif
stashed: https://raw.githubusercontent.com/entando-k8s/devops-results/gh-pages/entando-k8s-composite-app-controller/PR-15/jacoco/jacoco-resources/group.gif
stashed: https://raw.githubusercontent.com/entando-k8s/devops-results/gh-pages/entando-k8s-composite-app-controller/PR-15/jacoco/jacoco-resources/method.gif
stashed: https://raw.githubusercontent.com/entando-k8s/devops-results/gh-pages/entando-k8s-composite-app-controller/PR-15/jacoco/jacoco-resources/package.gif
stashed: https://raw.githubusercontent.com/entando-k8s/devops-results/gh-pages/entando-k8s-composite-app-controller/PR-15/jacoco/jacoco-resources/prettify.css
stashed: https://raw.githubusercontent.com/entando-k8s/devops-results/gh-pages/entando-k8s-composite-app-controller/PR-15/jacoco/jacoco-resources/prettify.js
stashed: https://raw.githubusercontent.com/entando-k8s/devops-results/gh-pages/entando-k8s-composite-app-controller/PR-15/jacoco/jacoco-resources/redbar.gif
stashed: https://raw.githubusercontent.com/entando-k8s/devops-results/gh-pages/entando-k8s-composite-app-controller/PR-15/jacoco/jacoco-resources/report.css
stashed: https://raw.githubusercontent.com/entando-k8s/devops-results/gh-pages/entando-k8s-composite-app-controller/PR-15/jacoco/jacoco-resources/report.gif
stashed: https://raw.githubusercontent.com/entando-k8s/devops-results/gh-pages/entando-k8s-composite-app-controller/PR-15/jacoco/jacoco-resources/session.gif
stashed: https://raw.githubusercontent.com/entando-k8s/devops-results/gh-pages/entando-k8s-composite-app-controller/PR-15/jacoco/jacoco-resources/sort.gif
stashed: https://raw.githubusercontent.com/entando-k8s/devops-results/gh-pages/entando-k8s-composite-app-controller/PR-15/jacoco/jacoco-resources/sort.js
stashed: https://raw.githubusercontent.com/entando-k8s/devops-results/gh-pages/entando-k8s-composite-app-controller/PR-15/jacoco/jacoco-resources/source.gif
stashed: https://raw.githubusercontent.com/entando-k8s/devops-results/gh-pages/entando-k8s-composite-app-controller/PR-15/jacoco/jacoco-resources/up.gif
stashed: https://raw.githubusercontent.com/entando-k8s/devops-results/gh-pages/entando-k8s-composite-app-controller/PR-15/jacoco/jacoco-sessions.html
stashed: https://raw.githubusercontent.com/entando-k8s/devops-results/gh-pages/entando-k8s-composite-app-controller/PR-15/jacoco/jacoco.csv
stashed: https://raw.githubusercontent.com/entando-k8s/devops-results/gh-pages/entando-k8s-composite-app-controller/PR-15/jacoco/jacoco.xml
stashed: https://raw.githubusercontent.com/entando-k8s/devops-results/gh-pages/entando-k8s-composite-app-controller/PR-15/jacoco/org.entando.kubernetes.compositeapp.controller/EntandoCompositeAppController.html
stashed: https://raw.githubusercontent.com/entando-k8s/devops-results/gh-pages/entando-k8s-composite-app-controller/PR-15/jacoco/org.entando.kubernetes.compositeapp.controller/EntandoCompositeAppController.java.html
stashed: https://raw.githubusercontent.com/entando-k8s/devops-results/gh-pages/entando-k8s-composite-app-controller/PR-15/jacoco/org.entando.kubernetes.compositeapp.controller/index.html
stashed: https://raw.githubusercontent.com/entando-k8s/devops-results/gh-pages/entando-k8s-composite-app-controller/PR-15/jacoco/org.entando.kubernetes.compositeapp.controller/index.source.html
stashed: https://raw.githubusercontent.com/entando-k8s/devops-results/gh-pages/entando-k8s-composite-app-controller/PR-15/licenses.html
stashed: https://raw.githubusercontent.com/entando-k8s/devops-results/gh-pages/entando-k8s-composite-app-controller/PR-15/plugins.html
stashed: https://raw.githubusercontent.com/entando-k8s/devops-results/gh-pages/entando-k8s-composite-app-controller/PR-15/project-info.html
stashed: https://raw.githubusercontent.com/entando-k8s/devops-results/gh-pages/entando-k8s-composite-app-controller/PR-15/scm.html
stashed: https://raw.githubusercontent.com/entando-k8s/devops-results/gh-pages/entando-k8s-composite-app-controller/PR-15/summary.html
stashed: https://raw.githubusercontent.com/entando-k8s/devops-results/gh-pages/entando-k8s-composite-app-controller/PR-15/surefire-report.html
error: etcdserver: request is too large
  % Total    % Received % Xferd  Average Speed   Time    Time     Time  Current
                                 Dload  Upload   Total   Spent    Left  Speed
  0     0    0     0    0     0      0      0 --:--:-- --:--:-- --:--:--     0  0     0    0     0    0     0      0      0 --:--:-- --:--:-- --:--:--     0  0     0    0     0    0     0      0      0 --:--:--  0:00:01 --:--:--     0  0     0    0     0    0     0      0      0 --:--:--  0:00:02 --:--:--     0  0     0    0     0    0     0      0      0 --:--:--  0:00:03 --:--:--     0  0     0    0     0    0     0      0      0 --:--:--  0:00:04 --:--:--     0  0     0    0     0    0     0      0      0 --:--:--  0:00:05 --:--:--     0100  1895  100  1667  100   228    269     36  0:00:06  0:00:06 --:--:--   356
{
  "url": "https://api.github.com/repos/entando-k8s/entando-k8s-composite-app-controller/statuses/1650a8a20a9f8247abce9f40fb0ecc7a37107380",
  "avatar_url": "https://avatars.githubusercontent.com/u/57885396?v=4",
  "id": 11979374962,
  "node_id": "MDEzOlN0YXR1c0NvbnRleHQxMTk3OTM3NDk2Mg==",
  "state": "success",
  "description": "Pre-deployment tests success!",
  "target_url": "https://entando-k8s.github.io/devops-results/entando-k8s-composite-app-controller/PR-15/surefire-report.html",
  "context": "Pre-deployment tests",
  "created_at": "2021-01-27T08:07:07Z",
  "updated_at": "2021-01-27T08:07:07Z",
  "creator": {
    "login": "**********",
    "id": 57885396,
    "node_id": "MDQ6VXNlcjU3ODg1Mzk2",
    "avatar_url": "https://avatars.githubusercontent.com/u/57885396?v=4",
    "gravatar_id": "",
    "url": "https://api.github.com/users/**********",
    "html_url": "https://github.com/**********",
    "followers_url": "https://api.github.com/users/entando-**/followers",
    "following_url": "https://api.github.com/users/**********/following{/other_user}",
    "gists_url": "https://api.github.com/users/**********/gists{/gist_id}",
    "starred_url": "https://api.github.com/users/entando-**/starred{/owner}{/repo}",
    "subscriptions_url": "https://api.github.com/users/**********/subscriptions",
    "organizations_url": "https://api.github.com/users/entando-**/orgs",
    "repos_url": "https://api.github.com/users/entando-**/repos",
    "events_url": "https://api.github.com/users/entando-**/events{/privacy}",
    "received_events_url": "https://api.github.com/users/entando-**/received_events",
    "type": "User",
    "site_*****": false
  }
}
  % Total    % Received % Xferd  Average Speed   Time    Time     Time  Current
                                 Dload  Upload   Total   Spent    Left  Speed
  0     0    0     0    0     0      0      0 --:--:-- --:--:-- --:--:--     0  0     0    0     0    0     0      0      0 --:--:-- --:--:-- --:--:--     0100  1845  100  1642  100   203   2366    292 --:--:-- --:--:-- --:--:--  2383
{
  "url": "https://api.github.com/repos/entando-k8s/entando-k8s-composite-app-controller/statuses/1650a8a20a9f8247abce9f40fb0ecc7a37107380",
  "avatar_url": "https://avatars.githubusercontent.com/u/57885396?v=4",
  "id": 11979375075,
  "node_id": "MDEzOlN0YXR1c0NvbnRleHQxMTk3OTM3NTA3NQ==",
  "state": "success",
  "description": "Checkstyle success!",
  "target_url": "https://entando-k8s.github.io/devops-results/entando-k8s-composite-app-controller/PR-15/checkstyle.html",
  "context": "Checkstyle",
  "created_at": "2021-01-27T08:07:08Z",
  "updated_at": "2021-01-27T08:07:08Z",
  "creator": {
    "login": "**********",
    "id": 57885396,
    "node_id": "MDQ6VXNlcjU3ODg1Mzk2",
    "avatar_url": "https://avatars.githubusercontent.com/u/57885396?v=4",
    "gravatar_id": "",
    "url": "https://api.github.com/users/entando-**",
    "html_url": "https://github.com/**********",
    "followers_url": "https://api.github.com/users/entando-**/followers",
    "following_url": "https://api.github.com/users/**********/following{/other_user}",
    "gists_url": "https://api.github.com/users/entando-**/gists{/gist_id}",
    "starred_url": "https://api.github.com/users/**********/starred{/owner}{/repo}",
    "subscriptions_url": "https://api.github.com/users/**********/subscriptions",
    "organizations_url": "https://api.github.com/users/entando-**/orgs",
    "repos_url": "https://api.github.com/users/**********/repos",
    "events_url": "https://api.github.com/users/**********/events{/privacy}",
    "received_events_url": "https://api.github.com/users/**********/received_events",
    "type": "User",
    "site_*****": false
  }
}
  % Total    % Received % Xferd  Average Speed   Time    Time     Time  Current
                                 Dload  Upload   Total   Spent    Left  Speed
{
  "url": "https://api.github.com/repos/entando-k8s/entando-k8s-composite-app-controller/statuses/1650a8a20a9f8247abce9f40fb0ecc7a37107380",
  "avatar_url": "https://avatars.githubusercontent.com/u/57885396?v=4",
  "id": 11979375148,
  "node_id": "MDEzOlN0YXR1c0NvbnRleHQxMTk3OTM3NTE0OA==",
  "state": "success",
  "description": "OWASP CVE success!",
  "target_url": "https://entando-k8s.github.io/devops-results/entando-k8s-composite-app-controller/PR-15/dependency-check-report.html",
  "context": "OWASP CVE",
  "created_at": "2021-01-27T08:07:08Z",
  "updated_at": "2021-01-27T08:07:08Z",
  "creator": {
    "login": "**********",
    "id": 57885396,
    "node_id": "MDQ6VXNlcjU3ODg1Mzk2",
    "avatar_url": "https://avatars.githubusercontent.com/u/57885396?v=4",
    "gravatar_id": "",
    "url": "https://api.github.com/users/entando-**",
    "html_url": "https://github.com/**********",
    "followers_url": "https://api.github.com/users/**********/followers",
    "following_url": "https://api.github.com/users/entando-**/following{/other_user}",
    "gists_url": "https://api.github.com/users/entando-**/gists{/gist_id}",
    "starred_url": "https://api.github.com/users/entando-**/starred{/owner}{/repo}",
    "subscriptions_url": "https://api.github.com/users/entando-**/subscriptions",
    "organizations_url": "https://api.github.com/users/**********/orgs",
    "repos_url": "https://api.github.com/users/**********/repos",
    "events_url": "https://api.github.com/users/**********/events{/privacy}",
    "received_events_url": "https://api.github.com/users/**********/received_events",
    "type": "User",
    "site_*****": false
  }
}
  0     0    0     0    0     0      0      0 --:--:-- --:--:-- --:--:--     0  0     0    0     0    0     0      0      0 --:--:-- --:--:-- --:--:--     0100  1867  100  1653  100   214   2382    308 --:--:-- --:--:-- --:--:--  2381
Congratulations! No build failures found for entando-k8s-composite-app-controller-PR-15.

Showing logs for build [32mentando-k8s-entando-k8s-composi-srn75-7[0m stage [32mfrom-build-pack[0m and container [32mstep-build-container-build[0m
Generating tags...
 - entando/entando-k8s-composite-app-controller -> docker.io/entando/entando-k8s-composite-app-controller:0.0.0-SNAPSHOT-PR-15-7
Checking cache...
 - entando/entando-k8s-composite-app-controller: Not found. Building
Building [entando/entando-k8s-composite-app-controller]...
Sending build context to Docker daemon  528.8kBSending build context to Docker daemon  3.226MBSending build context to Docker daemon  7.615MBSending build context to Docker daemon  13.71MBSending build context to Docker daemon  18.15MBSending build context to Docker daemon  25.95MBSending build context to Docker daemon  31.39MBSending build context to Docker daemon  38.01MBSending build context to Docker daemon  43.44MB
Step 1/9 : FROM entando/entando-ubi8-java11-base:6.3.0
 ---> e162f7e2941f
Step 2/9 : ARG VERSION
 ---> Using cache
 ---> 1df7530a0542
Step 3/9 : LABEL name "Entando K8S Composite App Controller" vendor "Entando" version "v${VERSION}" release "6" summary "This container processes EntandoCompositeApp custom resources." description "This is a run-to-completion container. It will deploy all the components defined in the                    EntandoCompositeApp  to your cluster.                   Subsequent e**cutions of this container against the same EntandoCompositeApp will patch the existing                   deployment resources"
 ---> Running in e9a5f896ed19
 ---> bb2af49b86fc
Step 4/9 : ENV JAVA_OPTIONS "-Djava.util.logging.manager=org.jboss.logmanager.LogManager"
 ---> Running in 344c14090337
 ---> 6e978fcc4c56
Step 5/9 : ENV AB_ENABLED jmx_exporter
 ---> Running in d415e9679ced
 ---> 7190c53d92cd
Step 6/9 : COPY target/generated-resources/licenses /licenses
 ---> 645333c63653
Step 7/9 : COPY target/lib/* /deployments/lib/
 ---> fe0c2084d2ef
Step 8/9 : COPY target/*-runner.jar /deployments/app.jar
 ---> 43066e16c60d
Step 9/9 : ENTRYPOINT /deployments/run-java.sh
 ---> Running in cfc5fbd88cb3
 ---> e4cec8228b4d
Successfully built e4cec8228b4d
The push refers to a repository [docker.io/entando/entando-k8s-composite-app-controller]
dc6607da8f97: Preparing
bb0ac388757b: Preparing
bc69de9ec568: Preparing
088e643aafac: Preparing
00af10937683: Preparing
3aa55ff7bca1: Preparing
00af10937683: Layer already exists
088e643aafac: Layer already exists
3aa55ff7bca1: Layer already exists
bc69de9ec568: Pushed
dc6607da8f97: Pushed
bb0ac388757b: Pushed
0.0.0-SNAPSHOT-PR-15-7: digest: sha256:3c90d22701ef911030d68a63f3fb9a61825204182794dd1a360f4913215fd2c6 size: 1581
There is a new version (1.18.0) of Skaffold available. Download it at https://storage.googleapis.com/skaffold/releases/latest/skaffold-linux-amd64


Showing logs for build [32mentando-k8s-entando-k8s-composi-srn75-7[0m stage [32mfrom-build-pack[0m and container [32mstep-postbuild-post-build[0m
no CVE provider running in the current ** namespace so skip adding image to be analysed

Showing logs for build [32mentando-k8s-entando-k8s-composi-srn75-7[0m stage [32mfrom-build-pack[0m and container [32mstep-promote-make-preview[0m
Creating /builder/home/.helm 
Creating /builder/home/.helm/repository 
Creating /builder/home/.helm/repository/cache 
Creating /builder/home/.helm/repository/local 
Creating /builder/home/.helm/plugins 
Creating /builder/home/.helm/starters 
Creating /builder/home/.helm/cache/archive 
Creating /builder/home/.helm/repository/repositories.yaml 
Adding stable repo with URL: https://charts.helm.sh/stable 
Adding local repo with URL: http://127.0.0.1:8879/charts 
$HELM_HOME has been configured at /builder/home/.helm.
Not installing Tiller due to 'client-only' flag having been set
sed -i -e "s/version:.*/version: 0.0.0-SNAPSHOT-PR-15-7/" Chart.yaml
sed -i -e "s/version:.*/version: 0.0.0-SNAPSHOT-PR-15-7/" ../*/Chart.yaml
sed -i -e "s|repository:.*|repository: docker.io\/entando\/entando-k8s-composite-app-controller|" values.yaml
sed -i -e "s/tag:.*/tag: 0.0.0-SNAPSHOT-PR-15-7/" values.yaml
sed -i -e "s/ENTANDO_DOCKER_REGISTRY_OVERRIDE:.*/ENTANDO_DOCKER_REGISTRY_OVERRIDE: docker.io/" values.yaml
echo "  version: 0.0.0-SNAPSHOT-PR-15-7" >> requirements.yaml
** step helm build
WARNING: No $CHART_REPOSITORY defined so using the default value of: http://jenkins-x-chartmuseum:8080
Adding missing Helm repo: storage.googleapis.com https://storage.googleapis.com/chartmuseum.jenkins-x.io
Successfully added Helm repository storage.googleapis.com.
Adding missing Helm repo: jenkins-x-chartmuseum http://jenkins-x-chartmuseum:8080
Successfully added Helm repository jenkins-x-chartmuseum.
WARNING: No $CHART_REPOSITORY defined so using the default value of: http://jenkins-x-chartmuseum:8080

Showing logs for build [32mentando-k8s-entando-k8s-composi-srn75-7[0m stage [32mfrom-build-pack[0m and container [32mstep-promote-jx-preview[0m
Creating a preview
Found commit author match for: ampie with email address: ampie.private@gmail.com
expose:
  Annotations:
    helm.sh/hook: post-install,post-upgrade
    helm.sh/hook-delete-policy: hook-succeeded
  config:
    domain: *************
    exposer: Ingress
    http: "****"
preview:
  image:
    repository: docker.io/entando/entando-k8s-composite-app-controller
    tag: 0.0.0-SNAPSHOT-PR-15-7

WARNING: Could not find the service URL in namespace entando-k8s-composite-app-controller-carcpr15 for names : Timed out after 1m0s, last error: %!s(<nil>)
Updating PipelineActivities entando-k8s-entando-k8s-composite-app-controller-pr-15-7 which has status Running
WARNING: Failed to find the service entando-k8s-composite-app-controller : failed to find service entando-k8s-composite-app-controller in namespace entando-k8s-composite-app-controller-carcpr15: services "entando-k8s-composite-app-controller" not found

Showing logs for build [32mentando-k8s-entando-k8s-composi-srn75-7[0m stage [32mfrom-build-pack[0m and container [32mstep-promote-run-post-deployment-tests[0m
Picked up _JAVA_OPTIONS: -XX:+UnlockExperimentalVMOptions -Dsun.zip.disableMemoryMapping=**** -XX:+UseParallelGC -XX:MinHeapFreeRatio=5 -XX:MaxHeapFreeRatio=10 -XX:GCTimeRatio=4 -XX:AdaptiveSizePolicyWeight=90 -Xms1000m -Xmx12000m
[INFO] Scanning for projects...
[INFO] 
[INFO] ----------< org.entando:entando-k8s-composite-app-controller >----------
[INFO] Building Entando K8S Composite App Controller 0.0.0-SNAPSHOT-PR-15-7
[INFO] --------------------------------[ jar ]---------------------------------
[INFO] 
[INFO] --- maven-resources-plugin:2.6:resources (default-resources) @ entando-k8s-composite-app-controller ---
[INFO] Using 'UTF-8' encoding to copy filtered resources.
[INFO] Copying 3 resources
[INFO] 
[INFO] --- maven-compiler-plugin:3.8.1:compile (default-compile) @ entando-k8s-composite-app-controller ---
[INFO] Nothing to compile - all classes are up to date
[INFO] 
[INFO] --- maven-resources-plugin:2.6:testResources (default-testResources) @ entando-k8s-composite-app-controller ---
[INFO] Using 'UTF-8' encoding to copy filtered resources.
[INFO] Copying 6 resources
[INFO] 
[INFO] --- maven-compiler-plugin:3.8.1:testCompile (default-testCompile) @ entando-k8s-composite-app-controller ---
[INFO] Nothing to compile - all classes are up to date
[INFO] 
[INFO] --- maven-surefire-plugin:3.0.0-M1:test (default-test) @ entando-k8s-composite-app-controller ---
[INFO] Tests are skipped.
[INFO] 
[INFO] --- maven-jar-plugin:3.2.0:jar (default-jar) @ entando-k8s-composite-app-controller ---
[INFO] 
[INFO] --- maven-jar-plugin:3.2.0:test-jar (build-test-jar) @ entando-k8s-composite-app-controller ---
[INFO] 
[INFO] --- maven-failsafe-plugin:3.0.0-M4:integration-test (run-tests) @ entando-k8s-composite-app-controller ---
[INFO] 
[INFO] -------------------------------------------------------
[INFO]  T E S T S
[INFO] -------------------------------------------------------
[INFO] Running org.entando.kubernetes.compositeapp.controller.interprocesstests.CompositeAppControllerIntegratedTest
Jan 27, 2021 8:09:42 AM org.entando.kubernetes.controller.integrationtest.support.DeletionWaiter lambda$deleteSingleItem$2
WARNING: Deleting pods  entando-k8s-composite-app-controller-carcpr15/my-app-carcpr15-deployer-1221
@@@@@@@@@@@
!!!!!!!On EntandoCompositeApp add!!!!!!!!!
#####################
Jan 27, 2021 8:12:54 AM org.entando.kubernetes.controller.integrationtest.support.DeletionWaiter lambda$deleteSingleItem$2
WARNING: Deleting pods  entando-k8s-composite-app-controller-carcpr15/my-app-carcpr15-deployer-3087
Jan 27, 2021 8:12:56 AM org.entando.kubernetes.controller.integrationtest.support.DeletionWaiter lambda$deleteSingleItem$2
WARNING: Deleting pods  entando-k8s-composite-app-controller-carcpr15/test-keycloak-carcpr15-deployer-7823
Jan 27, 2021 8:12:56 AM org.entando.kubernetes.controller.integrationtest.support.DeletionWaiter lambda$deleteSingleItem$2
WARNING: Deleting pods  entando-k8s-composite-app-controller-carcpr15/test-keycloak-carcpr15-server-deployment-5ff8d84dbd-5ndm6
@@@@@@@@@@@
!!!!!!!On EntandoCompositeApp add!!!!!!!!!
#####################
[ERROR] Tests run: 2, Failures: 0, Errors: 2, Skipped: 0, Time elapsed: 394.472 s <<< FAILURE! - in org.entando.kubernetes.compositeapp.controller.interprocesstests.CompositeAppControllerIntegratedTest
[ERROR] org.entando.kubernetes.compositeapp.controller.interprocesstests.CompositeAppControllerIntegratedTest.testE**cuteControllerPod(EntandoOperatorComplianceMode)[1]  Time elapsed: 193.635 s  <<< ERROR!
org.awaitility.core.ConditionTimeoutException: Condition with lambda expression in org.entando.kubernetes.compositeapp.controller.AbstractCompositeAppControllerTest that uses io.fabric8.kubernetes.client.dsl.Resource was not fulfilled within 3 minutes.
Caused by: java.util.NoSuchElementException: No value present

[ERROR] org.entando.kubernetes.compositeapp.controller.interprocesstests.CompositeAppControllerIntegratedTest.testE**cuteControllerPod(EntandoOperatorComplianceMode)[2]  Time elapsed: 200.702 s  <<< ERROR!
org.awaitility.core.ConditionTimeoutException: Condition with lambda expression in org.entando.kubernetes.compositeapp.controller.AbstractCompositeAppControllerTest that uses io.fabric8.kubernetes.client.dsl.Resource was not fulfilled within 3 minutes.
Caused by: java.util.NoSuchElementException: No value present

[INFO] 
[INFO] Results:
[INFO] 
[ERROR] Errors: 
[ERROR]   CompositeAppControllerIntegratedTest>AbstractCompositeAppControllerTest.testE**cuteControllerPod:165 Â» ConditionTimeout
[ERROR]   CompositeAppControllerIntegratedTest>AbstractCompositeAppControllerTest.testE**cuteControllerPod:165 Â» ConditionTimeout
[INFO] 
[ERROR] Tests run: 2, Failures: 0, Errors: 2, Skipped: 0
[INFO] 
[INFO] 
[INFO] --- maven-surefire-report-plugin:3.0.0-M4:failsafe-report-only (integration-tests) @ entando-k8s-composite-app-controller ---
[WARNING] Unable to locate Test Source XRef to link to - DISABLED
[INFO] 
[INFO] --- maven-surefire-report-plugin:3.0.0-M4:report-only (unit-tests) @ entando-k8s-composite-app-controller ---
[WARNING] Unable to locate Test Source XRef to link to - DISABLED
[INFO] 
[INFO] --- maven-failsafe-plugin:3.0.0-M4:verify (run-tests) @ entando-k8s-composite-app-controller ---
[ERROR] There are test failures.

Please refer to /workspace/source/target/failsafe-reports for the individual test results.
Please refer to dump files (if any exist) [date].dump, [date]-***Run[N].dump and [date].dumpstream.
[INFO] 
[INFO] --- maven-site-plugin:3.9.0:site (default-site) @ entando-k8s-composite-app-controller ---
[INFO] configuring report plugin org.apache.maven.plugins:maven-project-info-reports-plugin:3.0.0
[INFO] 9 reports configured for maven-project-info-reports-plugin:3.0.0: dependency-info, distribution-management, index, ci-management, issue-management, licenses, plugins, scm, summary
[INFO] Rendering site with default locale English (en)
[WARNING] Unable to find a URL to the parent project. The parent menu will NOT be added.
[INFO] Relativizing decoration links with respect to localized project URL: https://central.entando.com
[INFO] Rendering content with org.apache.maven.skins:maven-default-skin:jar:1.3 skin.
[INFO] Generating "Dependency Information" report --- maven-project-info-reports-plugin:3.0.0:dependency-info
[INFO] Generating "About" report         --- maven-project-info-reports-plugin:3.0.0:index
[INFO] Generating "Issue Management" report --- maven-project-info-reports-plugin:3.0.0:issue-management
[INFO] Generating "Licenses" report      --- maven-project-info-reports-plugin:3.0.0:licenses
[INFO] Generating "Plugins" report       --- maven-project-info-reports-plugin:3.0.0:plugins
[INFO] Generating "Source Code Management" report --- maven-project-info-reports-plugin:3.0.0:scm
[INFO] Generating "Summary" report       --- maven-project-info-reports-plugin:3.0.0:summary
[INFO] ------------------------------------------------------------------------
[INFO] BUILD SUCCESS
[INFO] ------------------------------------------------------------------------
[INFO] Total time:  06:44 min
[INFO] Finished at: 2021-01-27T08:16:18Z
[INFO] ------------------------------------------------------------------------
shallow cloning https://github.com/entando-k8s/devops-results.git branch gh-pages
ran git init in /tmp/jenkins-x-collect160201080
ran git add remote origin https://github.com/entando-k8s/devops-results.git in /tmp/jenkins-x-collect160201080
ran git fetch origin --depth=1 gh-pages in dir /tmp/jenkins-x-collect160201080
Publishing https://raw.githubusercontent.com/entando-k8s/devops-results/gh-pages/entando-k8s-composite-app-controller/PR-15/failsafe-report.html
stashed: https://raw.githubusercontent.com/entando-k8s/devops-results/gh-pages/entando-k8s-composite-app-controller/PR-15/failsafe-report.html
error: etcdserver: request is too large
Post-deployment tests failed for entando-k8s-composite-app-controller-PR-15.
  % Total    % Received % Xferd  Average Speed   Time    Time     Time  Current
                                 Dload  Upload   Total   Spent    Left  Speed
  0     0    0     0    0     0      0      0 --:--:-- --:--:-- --:--:--     0100  1899  100  1669  100   230   2657    366 --:--:-- --:--:-- --:--:--  2661
{
  "url": "https://api.github.com/repos/entando-k8s/entando-k8s-composite-app-controller/statuses/1650a8a20a9f8247abce9f40fb0ecc7a37107380",
  "avatar_url": "https://avatars.githubusercontent.com/u/57885396?v=4",
  "id": 11979450223,
  "node_id": "MDEzOlN0YXR1c0NvbnRleHQxMTk3OTQ1MDIyMw==",
  "state": "failure",
  "description": "Post-deployment tests failure!",
  "target_url": "https://entando-k8s.github.io/devops-results/entando-k8s-composite-app-controller/PR-15/failsafe-report.html",
  "context": "Post-deployment tests",
  "created_at": "2021-01-27T08:16:36Z",
  "updated_at": "2021-01-27T08:16:36Z",
  "creator": {
    "login": "**********",
    "id": 57885396,
    "node_id": "MDQ6VXNlcjU3ODg1Mzk2",
    "avatar_url": "https://avatars.githubusercontent.com/u/57885396?v=4",
    "gravatar_id": "",
    "url": "https://api.github.com/users/entando-**",
    "html_url": "https://github.com/entando-**",
    "followers_url": "https://api.github.com/users/**********/followers",
    "following_url": "https://api.github.com/users/**********/following{/other_user}",
    "gists_url": "https://api.github.com/users/entando-**/gists{/gist_id}",
    "starred_url": "https://api.github.com/users/entando-**/starred{/owner}{/repo}",
    "subscriptions_url": "https://api.github.com/users/**********/subscriptions",
    "organizations_url": "https://api.github.com/users/**********/orgs",
    "repos_url": "https://api.github.com/users/entando-**/repos",
    "events_url": "https://api.github.com/users/entando-**/events{/privacy}",
    "received_events_url": "https://api.github.com/users/**********/received_events",
    "type": "User",
    "site_*****": false
  }
}
[31m
Pipeline failed on stage 'from-build-pack' : container 'step-promote-run-post-deployment-tests'. The execution of the pipeline has stopped.[0m
